#
# There is insufficient memory for the Java Runtime Environment to continue.
# Native memory allocation (malloc) failed to allocate 347264 bytes. Error detail: Chunk::new
# Possible reasons:
#   The system is out of physical RAM or swap space
#   This process is running with CompressedOops enabled, and the Java Heap may be blocking the growth of the native heap
# Possible solutions:
#   Reduce memory load on the system
#   Increase physical memory or swap space
#   Check if swap backing store is full
#   Decrease Java heap size (-Xmx/-Xms)
#   Decrease number of Java threads
#   Decrease Java thread stack sizes (-Xss)
#   Set larger code cache with -XX:ReservedCodeCacheSize=
#   JVM is running with Unscaled Compressed Oops mode in which the Java heap is
#     placed in the first 4GB address space. The Java Heap base address is the
#     maximum limit for the native heap growth. Please use -XX:HeapBaseMinAddress
#     to set the Java Heap base and to place the Java Heap above 4GB virtual address.
# This output file may be truncated or incomplete.
#
#  Out of Memory Error (arena.cpp:191), pid=11296, tid=4772
#
# JRE version: OpenJDK Runtime Environment Temurin-17.0.11+9 (17.0.11+9) (build 17.0.11+9)
# Java VM: OpenJDK 64-Bit Server VM Temurin-17.0.11+9 (17.0.11+9, mixed mode, sharing, tiered, compressed oops, compressed class ptrs, g1 gc, windows-amd64)
# No core dump will be written. Minidumps are not enabled by default on client versions of Windows
#

---------------  S U M M A R Y ------------

Command Line: org.jetbrains.kotlin.cli.jvm.K2JVMCompiler @C:\Users\Sandro\Documents\Estudos\projetos_react_native\gerenciadordeleads\node_modules\@react-native\gradle-plugin\react-native-gradle-plugin\build\20250415_7609348716241421365.compiler.options

Host: Intel(R) Core(TM) i5-4210U CPU @ 1.70GHz, 4 cores, 5G,  Windows 10 , 64 bit Build 19041 (10.0.19041.5678)
Time: Tue Apr 15 22:15:23 2025 Hora oficial do Brasil elapsed time: 16.048231 seconds (0d 0h 0m 16s)

---------------  T H R E A D  ---------------

Current thread (0x000002777a7c3280):  JavaThread "C2 CompilerThread0" daemon [_thread_in_native, id=4772, stack(0x000000c4ceb00000,0x000000c4cec00000)]


Current CompileTask:
C2:  16048 2615       4       org.jetbrains.kotlin.lexer._JetLexer::advance (2257 bytes)

Stack: [0x000000c4ceb00000,0x000000c4cec00000]
Native frames: (J=compiled Java code, j=interpreted, Vv=VM code, C=native code)
V  [jvm.dll+0x67d429]
V  [jvm.dll+0x834b7a]
V  [jvm.dll+0x83663e]
V  [jvm.dll+0x836ca3]
V  [jvm.dll+0x247dbf]
V  [jvm.dll+0xac534]
V  [jvm.dll+0xacb7c]
V  [jvm.dll+0x366647]
V  [jvm.dll+0x330bba]
V  [jvm.dll+0x33005a]
V  [jvm.dll+0x21a471]
V  [jvm.dll+0x2198b1]
V  [jvm.dll+0x1a534d]
V  [jvm.dll+0x2295cd]
V  [jvm.dll+0x22779c]
V  [jvm.dll+0x7e9d07]
V  [jvm.dll+0x7e410a]
V  [jvm.dll+0x67c315]
C  [ucrtbase.dll+0x21bb2]
C  [KERNEL32.DLL+0x17374]
C  [ntdll.dll+0x4cc91]


---------------  P R O C E S S  ---------------

Threads class SMR info:
_java_thread_list=0x000002777a9e2540, length=12, elements={
0x000002775df6ffb0, 0x000002777a7a6c40, 0x000002777a7a7ac0, 0x000002777a7bd480,
0x000002777a7bf050, 0x000002777a7c1b20, 0x000002777a7c24e0, 0x000002777a7c3280,
0x000002777a7c6460, 0x000002777a7f91d0, 0x000002777aa087e0, 0x000002777aa193c0
}

Java Threads: ( => current thread )
  0x000002775df6ffb0 JavaThread "main" [_thread_in_Java, id=12064, stack(0x000000c4cde00000,0x000000c4cdf00000)]
  0x000002777a7a6c40 JavaThread "Reference Handler" daemon [_thread_blocked, id=11852, stack(0x000000c4ce500000,0x000000c4ce600000)]
  0x000002777a7a7ac0 JavaThread "Finalizer" daemon [_thread_blocked, id=8060, stack(0x000000c4ce600000,0x000000c4ce700000)]
  0x000002777a7bd480 JavaThread "Signal Dispatcher" daemon [_thread_blocked, id=1036, stack(0x000000c4ce700000,0x000000c4ce800000)]
  0x000002777a7bf050 JavaThread "Attach Listener" daemon [_thread_blocked, id=10452, stack(0x000000c4ce800000,0x000000c4ce900000)]
  0x000002777a7c1b20 JavaThread "Service Thread" daemon [_thread_blocked, id=11808, stack(0x000000c4ce900000,0x000000c4cea00000)]
  0x000002777a7c24e0 JavaThread "Monitor Deflation Thread" daemon [_thread_blocked, id=11708, stack(0x000000c4cea00000,0x000000c4ceb00000)]
=>0x000002777a7c3280 JavaThread "C2 CompilerThread0" daemon [_thread_in_native, id=4772, stack(0x000000c4ceb00000,0x000000c4cec00000)]
  0x000002777a7c6460 JavaThread "C1 CompilerThread0" daemon [_thread_blocked, id=10468, stack(0x000000c4cec00000,0x000000c4ced00000)]
  0x000002777a7f91d0 JavaThread "Sweeper thread" daemon [_thread_blocked, id=7564, stack(0x000000c4ced00000,0x000000c4cee00000)]
  0x000002777aa087e0 JavaThread "Notification Thread" daemon [_thread_blocked, id=5436, stack(0x000000c4cee00000,0x000000c4cef00000)]
  0x000002777aa193c0 JavaThread "Common-Cleaner" daemon [_thread_blocked, id=9596, stack(0x000000c4cf000000,0x000000c4cf100000)]

Other Threads:
  0x000002777a7a1490 VMThread "VM Thread" [stack: 0x000000c4ce400000,0x000000c4ce500000] [id=10180]
  0x000002777aa0b0e0 WatcherThread [stack: 0x000000c4cef00000,0x000000c4cf000000] [id=13200]
  0x000002775dfbcfe0 GCTaskThread "GC Thread#0" [stack: 0x000000c4cdf00000,0x000000c4ce000000] [id=920]
  0x000002777ad6e580 GCTaskThread "GC Thread#1" [stack: 0x000000c4cf100000,0x000000c4cf200000] [id=12012]
  0x000002777f063150 GCTaskThread "GC Thread#2" [stack: 0x000000c4cf200000,0x000000c4cf300000] [id=9004]
  0x000002777f09a870 GCTaskThread "GC Thread#3" [stack: 0x000000c4cf300000,0x000000c4cf400000] [id=2340]
  0x000002775dfc9cf0 ConcurrentGCThread "G1 Main Marker" [stack: 0x000000c4ce000000,0x000000c4ce100000] [id=5548]
  0x000002775dfca710 ConcurrentGCThread "G1 Conc#0" [stack: 0x000000c4ce100000,0x000000c4ce200000] [id=1944]
  0x000002775e01e700 ConcurrentGCThread "G1 Refine#0" [stack: 0x000000c4ce200000,0x000000c4ce300000] [id=11228]
  0x000002777a987580 ConcurrentGCThread "G1 Refine#1" [stack: 0x000000c4cf400000,0x000000c4cf500000] [id=13012]
  0x000002777a6701f0 ConcurrentGCThread "G1 Service" [stack: 0x000000c4ce300000,0x000000c4ce400000] [id=1692]

Threads with active compile tasks:
C2 CompilerThread0    16106 2615       4       org.jetbrains.kotlin.lexer._JetLexer::advance (2257 bytes)

VM state: not at safepoint (normal execution)

VM Mutex/Monitor currently owned by a thread: None

Heap address: 0x00000000a1200000, size: 1518 MB, Compressed Oops mode: 32-bit

CDS archive(s) mapped at: [0x0000027700000000-0x0000027700bb0000-0x0000027700bb0000), size 12255232, SharedBaseAddress: 0x0000027700000000, ArchiveRelocationMode: 1.
Compressed class space mapped at: 0x0000027701000000-0x0000027741000000, reserved size: 1073741824
Narrow klass base: 0x0000027700000000, Narrow klass shift: 0, Narrow klass range: 0x100000000

GC Precious Log:
 CPUs: 4 total, 4 available
 Memory: 6071M
 Large Page Support: Disabled
 NUMA Support: Disabled
 Compressed Oops: Enabled (32-bit)
 Heap Region Size: 1M
 Heap Min Capacity: 8M
 Heap Initial Capacity: 96M
 Heap Max Capacity: 1518M
 Pre-touch: Disabled
 Parallel Workers: 4
 Concurrent Workers: 1
 Concurrent Refinement Workers: 4
 Periodic GC: Disabled

Heap:
 garbage-first heap   total 92160K, used 56317K [0x00000000a1200000, 0x0000000100000000)
  region size 1024K, 20 young (20480K), 5 survivors (5120K)
 Metaspace       used 31345K, committed 31552K, reserved 1114112K
  class space    used 3878K, committed 3968K, reserved 1048576K

Heap Regions: E=young(eden), S=young(survivor), O=old, HS=humongous(starts), HC=humongous(continues), CS=collection set, F=free, OA=open archive, CA=closed archive, TAMS=top-at-mark-start (previous, next)
|   0|0x00000000a1200000, 0x00000000a1300000, 0x00000000a1300000|100%|HS|  |TAMS 0x00000000a1300000, 0x00000000a1200000| Complete 
|   1|0x00000000a1300000, 0x00000000a1400000, 0x00000000a1400000|100%|HC|  |TAMS 0x00000000a1400000, 0x00000000a1300000| Complete 
|   2|0x00000000a1400000, 0x00000000a1500000, 0x00000000a1500000|100%|HC|  |TAMS 0x00000000a1500000, 0x00000000a1400000| Complete 
|   3|0x00000000a1500000, 0x00000000a1600000, 0x00000000a1600000|100%|HC|  |TAMS 0x00000000a1600000, 0x00000000a1500000| Complete 
|   4|0x00000000a1600000, 0x00000000a1700000, 0x00000000a1700000|100%| O|  |TAMS 0x00000000a1700000, 0x00000000a1600000| Untracked 
|   5|0x00000000a1700000, 0x00000000a1800000, 0x00000000a1800000|100%| O|  |TAMS 0x00000000a1800000, 0x00000000a1700000| Untracked 
|   6|0x00000000a1800000, 0x00000000a1900000, 0x00000000a1900000|100%| O|  |TAMS 0x00000000a1900000, 0x00000000a1800000| Untracked 
|   7|0x00000000a1900000, 0x00000000a1a00000, 0x00000000a1a00000|100%|HS|  |TAMS 0x00000000a1a00000, 0x00000000a1900000| Complete 
|   8|0x00000000a1a00000, 0x00000000a1b00000, 0x00000000a1b00000|100%| O|  |TAMS 0x00000000a1b00000, 0x00000000a1a00000| Untracked 
|   9|0x00000000a1b00000, 0x00000000a1c00000, 0x00000000a1c00000|100%| O|  |TAMS 0x00000000a1c00000, 0x00000000a1b00000| Untracked 
|  10|0x00000000a1c00000, 0x00000000a1d00000, 0x00000000a1d00000|100%|HS|  |TAMS 0x00000000a1d00000, 0x00000000a1c00000| Complete 
|  11|0x00000000a1d00000, 0x00000000a1e00000, 0x00000000a1e00000|100%|HC|  |TAMS 0x00000000a1e00000, 0x00000000a1d00000| Complete 
|  12|0x00000000a1e00000, 0x00000000a1f00000, 0x00000000a1f00000|100%|HS|  |TAMS 0x00000000a1f00000, 0x00000000a1e00000| Complete 
|  13|0x00000000a1f00000, 0x00000000a2000000, 0x00000000a2000000|100%|HS|  |TAMS 0x00000000a2000000, 0x00000000a1f00000| Complete 
|  14|0x00000000a2000000, 0x00000000a2100000, 0x00000000a2100000|100%| O|  |TAMS 0x00000000a2100000, 0x00000000a2000000| Untracked 
|  15|0x00000000a2100000, 0x00000000a2200000, 0x00000000a2200000|100%| O|  |TAMS 0x00000000a2200000, 0x00000000a2100000| Untracked 
|  16|0x00000000a2200000, 0x00000000a2300000, 0x00000000a2300000|100%| O|  |TAMS 0x00000000a2300000, 0x00000000a2200000| Untracked 
|  17|0x00000000a2300000, 0x00000000a2400000, 0x00000000a2400000|100%| O|  |TAMS 0x00000000a2400000, 0x00000000a2300000| Untracked 
|  18|0x00000000a2400000, 0x00000000a2500000, 0x00000000a2500000|100%| O|  |TAMS 0x00000000a2400000, 0x00000000a2400000| Untracked 
|  19|0x00000000a2500000, 0x00000000a2600000, 0x00000000a2600000|100%| O|  |TAMS 0x00000000a2500000, 0x00000000a2500000| Untracked 
|  20|0x00000000a2600000, 0x00000000a26ff400, 0x00000000a2700000| 99%| O|  |TAMS 0x00000000a2600000, 0x00000000a2600000| Untracked 
|  21|0x00000000a2700000, 0x00000000a2800000, 0x00000000a2800000|100%| O|  |TAMS 0x00000000a2800000, 0x00000000a2700000| Untracked 
|  22|0x00000000a2800000, 0x00000000a2900000, 0x00000000a2900000|100%| O|  |TAMS 0x00000000a2900000, 0x00000000a2800000| Untracked 
|  23|0x00000000a2900000, 0x00000000a2a00000, 0x00000000a2a00000|100%| O|  |TAMS 0x00000000a2a00000, 0x00000000a2900000| Untracked 
|  24|0x00000000a2a00000, 0x00000000a2b00000, 0x00000000a2b00000|100%| O|  |TAMS 0x00000000a2b00000, 0x00000000a2a00000| Untracked 
|  25|0x00000000a2b00000, 0x00000000a2c00000, 0x00000000a2c00000|100%| O|  |TAMS 0x00000000a2c00000, 0x00000000a2b00000| Untracked 
|  26|0x00000000a2c00000, 0x00000000a2d00000, 0x00000000a2d00000|100%| O|  |TAMS 0x00000000a2d00000, 0x00000000a2c00000| Untracked 
|  27|0x00000000a2d00000, 0x00000000a2e00000, 0x00000000a2e00000|100%| O|  |TAMS 0x00000000a2e00000, 0x00000000a2d00000| Untracked 
|  28|0x00000000a2e00000, 0x00000000a2f00000, 0x00000000a2f00000|100%| O|  |TAMS 0x00000000a2f00000, 0x00000000a2e00000| Untracked 
|  29|0x00000000a2f00000, 0x00000000a3000000, 0x00000000a3000000|100%| O|  |TAMS 0x00000000a3000000, 0x00000000a2f00000| Untracked 
|  30|0x00000000a3000000, 0x00000000a3100000, 0x00000000a3100000|100%|HS|  |TAMS 0x00000000a3100000, 0x00000000a3000000| Complete 
|  31|0x00000000a3100000, 0x00000000a3200000, 0x00000000a3200000|100%|HC|  |TAMS 0x00000000a3200000, 0x00000000a3100000| Complete 
|  32|0x00000000a3200000, 0x00000000a3300000, 0x00000000a3300000|100%|HC|  |TAMS 0x00000000a3300000, 0x00000000a3200000| Complete 
|  33|0x00000000a3300000, 0x00000000a3400000, 0x00000000a3400000|100%|HC|  |TAMS 0x00000000a3400000, 0x00000000a3300000| Complete 
|  34|0x00000000a3400000, 0x00000000a3500000, 0x00000000a3500000|100%|HC|  |TAMS 0x00000000a3500000, 0x00000000a3400000| Complete 
|  35|0x00000000a3500000, 0x00000000a3600000, 0x00000000a3600000|100%|HC|  |TAMS 0x00000000a3600000, 0x00000000a3500000| Complete 
|  36|0x00000000a3600000, 0x00000000a3600000, 0x00000000a3700000|  0%| F|  |TAMS 0x00000000a3600000, 0x00000000a3600000| Untracked 
|  37|0x00000000a3700000, 0x00000000a3700000, 0x00000000a3800000|  0%| F|  |TAMS 0x00000000a3700000, 0x00000000a3700000| Untracked 
|  38|0x00000000a3800000, 0x00000000a3800000, 0x00000000a3900000|  0%| F|  |TAMS 0x00000000a3800000, 0x00000000a3800000| Untracked 
|  39|0x00000000a3900000, 0x00000000a3900000, 0x00000000a3a00000|  0%| F|  |TAMS 0x00000000a3900000, 0x00000000a3900000| Untracked 
|  40|0x00000000a3a00000, 0x00000000a3a00000, 0x00000000a3b00000|  0%| F|  |TAMS 0x00000000a3a00000, 0x00000000a3a00000| Untracked 
|  41|0x00000000a3b00000, 0x00000000a3b00000, 0x00000000a3c00000|  0%| F|  |TAMS 0x00000000a3b00000, 0x00000000a3b00000| Untracked 
|  42|0x00000000a3c00000, 0x00000000a3c00000, 0x00000000a3d00000|  0%| F|  |TAMS 0x00000000a3c00000, 0x00000000a3c00000| Untracked 
|  43|0x00000000a3d00000, 0x00000000a3d00000, 0x00000000a3e00000|  0%| F|  |TAMS 0x00000000a3d00000, 0x00000000a3d00000| Untracked 
|  44|0x00000000a3e00000, 0x00000000a3e00000, 0x00000000a3f00000|  0%| F|  |TAMS 0x00000000a3e00000, 0x00000000a3e00000| Untracked 
|  45|0x00000000a3f00000, 0x00000000a3f00000, 0x00000000a4000000|  0%| F|  |TAMS 0x00000000a3f00000, 0x00000000a3f00000| Untracked 
|  46|0x00000000a4000000, 0x00000000a4100000, 0x00000000a4100000|100%| S|CS|TAMS 0x00000000a4000000, 0x00000000a4000000| Complete 
|  47|0x00000000a4100000, 0x00000000a4200000, 0x00000000a4200000|100%| S|CS|TAMS 0x00000000a4100000, 0x00000000a4100000| Complete 
|  48|0x00000000a4200000, 0x00000000a4300000, 0x00000000a4300000|100%| S|CS|TAMS 0x00000000a4200000, 0x00000000a4200000| Complete 
|  49|0x00000000a4300000, 0x00000000a4400000, 0x00000000a4400000|100%| S|CS|TAMS 0x00000000a4300000, 0x00000000a4300000| Complete 
|  50|0x00000000a4400000, 0x00000000a4500000, 0x00000000a4500000|100%| S|CS|TAMS 0x00000000a4400000, 0x00000000a4400000| Complete 
|  51|0x00000000a4500000, 0x00000000a4500000, 0x00000000a4600000|  0%| F|  |TAMS 0x00000000a4500000, 0x00000000a4500000| Untracked 
|  52|0x00000000a4600000, 0x00000000a4600000, 0x00000000a4700000|  0%| F|  |TAMS 0x00000000a4600000, 0x00000000a4600000| Untracked 
|  53|0x00000000a4700000, 0x00000000a4700000, 0x00000000a4800000|  0%| F|  |TAMS 0x00000000a4700000, 0x00000000a4700000| Untracked 
|  54|0x00000000a4800000, 0x00000000a4800000, 0x00000000a4900000|  0%| F|  |TAMS 0x00000000a4800000, 0x00000000a4800000| Untracked 
|  55|0x00000000a4900000, 0x00000000a4900000, 0x00000000a4a00000|  0%| F|  |TAMS 0x00000000a4900000, 0x00000000a4900000| Untracked 
|  56|0x00000000a4a00000, 0x00000000a4a00000, 0x00000000a4b00000|  0%| F|  |TAMS 0x00000000a4a00000, 0x00000000a4a00000| Untracked 
|  57|0x00000000a4b00000, 0x00000000a4b00000, 0x00000000a4c00000|  0%| F|  |TAMS 0x00000000a4b00000, 0x00000000a4b00000| Untracked 
|  58|0x00000000a4c00000, 0x00000000a4c00000, 0x00000000a4d00000|  0%| F|  |TAMS 0x00000000a4c00000, 0x00000000a4c00000| Untracked 
|  59|0x00000000a4d00000, 0x00000000a4d00000, 0x00000000a4e00000|  0%| F|  |TAMS 0x00000000a4d00000, 0x00000000a4d00000| Untracked 
|  60|0x00000000a4e00000, 0x00000000a4e00000, 0x00000000a4f00000|  0%| F|  |TAMS 0x00000000a4e00000, 0x00000000a4e00000| Untracked 
|  61|0x00000000a4f00000, 0x00000000a4f00000, 0x00000000a5000000|  0%| F|  |TAMS 0x00000000a4f00000, 0x00000000a4f00000| Untracked 
|  62|0x00000000a5000000, 0x00000000a5000000, 0x00000000a5100000|  0%| F|  |TAMS 0x00000000a5000000, 0x00000000a5000000| Untracked 
|  63|0x00000000a5100000, 0x00000000a5100000, 0x00000000a5200000|  0%| F|  |TAMS 0x00000000a5100000, 0x00000000a5100000| Untracked 
|  64|0x00000000a5200000, 0x00000000a5200000, 0x00000000a5300000|  0%| F|  |TAMS 0x00000000a5200000, 0x00000000a5200000| Untracked 
|  65|0x00000000a5300000, 0x00000000a5300000, 0x00000000a5400000|  0%| F|  |TAMS 0x00000000a5300000, 0x00000000a5300000| Untracked 
|  66|0x00000000a5400000, 0x00000000a5400000, 0x00000000a5500000|  0%| F|  |TAMS 0x00000000a5400000, 0x00000000a5400000| Untracked 
|  67|0x00000000a5500000, 0x00000000a5500000, 0x00000000a5600000|  0%| F|  |TAMS 0x00000000a5500000, 0x00000000a5500000| Untracked 
|  68|0x00000000a5600000, 0x00000000a5600000, 0x00000000a5700000|  0%| F|  |TAMS 0x00000000a5600000, 0x00000000a5600000| Untracked 
|  69|0x00000000a5700000, 0x00000000a5700000, 0x00000000a5800000|  0%| F|  |TAMS 0x00000000a5700000, 0x00000000a5700000| Untracked 
|  70|0x00000000a5800000, 0x00000000a5800000, 0x00000000a5900000|  0%| F|  |TAMS 0x00000000a5800000, 0x00000000a5800000| Untracked 
|  71|0x00000000a5900000, 0x00000000a5900000, 0x00000000a5a00000|  0%| F|  |TAMS 0x00000000a5900000, 0x00000000a5900000| Untracked 
|  72|0x00000000a5a00000, 0x00000000a5a00000, 0x00000000a5b00000|  0%| F|  |TAMS 0x00000000a5a00000, 0x00000000a5a00000| Untracked 
|  73|0x00000000a5b00000, 0x00000000a5b00000, 0x00000000a5c00000|  0%| F|  |TAMS 0x00000000a5b00000, 0x00000000a5b00000| Untracked 
|  74|0x00000000a5c00000, 0x00000000a5c00000, 0x00000000a5d00000|  0%| F|  |TAMS 0x00000000a5c00000, 0x00000000a5c00000| Untracked 
|  75|0x00000000a5d00000, 0x00000000a5e00000, 0x00000000a5e00000|100%| E|  |TAMS 0x00000000a5d00000, 0x00000000a5d00000| Complete 
|  76|0x00000000a5e00000, 0x00000000a5f00000, 0x00000000a5f00000|100%| E|CS|TAMS 0x00000000a5e00000, 0x00000000a5e00000| Complete 
|  77|0x00000000a5f00000, 0x00000000a6000000, 0x00000000a6000000|100%| E|CS|TAMS 0x00000000a5f00000, 0x00000000a5f00000| Complete 
|  78|0x00000000a6000000, 0x00000000a6100000, 0x00000000a6100000|100%| E|CS|TAMS 0x00000000a6000000, 0x00000000a6000000| Complete 
|  79|0x00000000a6100000, 0x00000000a6200000, 0x00000000a6200000|100%| E|CS|TAMS 0x00000000a6100000, 0x00000000a6100000| Complete 
|  80|0x00000000a6200000, 0x00000000a6300000, 0x00000000a6300000|100%| E|CS|TAMS 0x00000000a6200000, 0x00000000a6200000| Complete 
|  81|0x00000000a6300000, 0x00000000a6400000, 0x00000000a6400000|100%| E|CS|TAMS 0x00000000a6300000, 0x00000000a6300000| Complete 
|  82|0x00000000a6400000, 0x00000000a6500000, 0x00000000a6500000|100%| E|CS|TAMS 0x00000000a6400000, 0x00000000a6400000| Complete 
|  83|0x00000000a6500000, 0x00000000a6600000, 0x00000000a6600000|100%| E|CS|TAMS 0x00000000a6500000, 0x00000000a6500000| Complete 
|  84|0x00000000a6600000, 0x00000000a6700000, 0x00000000a6700000|100%| E|CS|TAMS 0x00000000a6600000, 0x00000000a6600000| Complete 
|  85|0x00000000a6700000, 0x00000000a6800000, 0x00000000a6800000|100%| E|CS|TAMS 0x00000000a6700000, 0x00000000a6700000| Complete 
|  86|0x00000000a6800000, 0x00000000a6900000, 0x00000000a6900000|100%| E|CS|TAMS 0x00000000a6800000, 0x00000000a6800000| Complete 
|  87|0x00000000a6900000, 0x00000000a6a00000, 0x00000000a6a00000|100%| E|CS|TAMS 0x00000000a6900000, 0x00000000a6900000| Complete 
|  94|0x00000000a7000000, 0x00000000a7100000, 0x00000000a7100000|100%| E|CS|TAMS 0x00000000a7000000, 0x00000000a7000000| Complete 
|  95|0x00000000a7100000, 0x00000000a7200000, 0x00000000a7200000|100%| E|CS|TAMS 0x00000000a7100000, 0x00000000a7100000| Complete 

Card table byte_map: [0x0000027774da0000,0x00000277750a0000] _byte_map_base: 0x0000027774897000

Marking Bits (Prev, Next): (CMBitMap*) 0x000002775dfbd600, (CMBitMap*) 0x000002775dfbd640
 Prev Bits: [0x00000277753a0000, 0x0000027776b58000)
 Next Bits: [0x0000027776b60000, 0x0000027778318000)

Polling page: 0x000002775d730000

Metaspace:

Usage:
  Non-class:     26.83 MB used.
      Class:      3.79 MB used.
       Both:     30.62 MB used.

Virtual space:
  Non-class space:       64.00 MB reserved,      26.94 MB ( 42%) committed,  1 nodes.
      Class space:        1.00 GB reserved,       3.88 MB ( <1%) committed,  1 nodes.
             Both:        1.06 GB reserved,      30.81 MB (  3%) committed. 

Chunk freelists:
   Non-Class:  3.72 MB
       Class:  12.14 MB
        Both:  15.86 MB

MaxMetaspaceSize: unlimited
CompressedClassSpaceSize: 1.00 GB
Initial GC threshold: 21.00 MB
Current GC threshold: 46.19 MB
CDS: on
MetaspaceReclaimPolicy: balanced
 - commit_granule_bytes: 65536.
 - commit_granule_words: 8192.
 - virtual_space_node_default_size: 8388608.
 - enlarge_chunks_in_place: 1.
 - new_chunks_are_fully_committed: 0.
 - uncommit_free_chunks: 1.
 - use_allocation_guard: 0.
 - handle_deallocations: 1.


Internal statistics:

num_allocs_failed_limit: 6.
num_arena_births: 142.
num_arena_deaths: 0.
num_vsnodes_births: 2.
num_vsnodes_deaths: 0.
num_space_committed: 491.
num_space_uncommitted: 0.
num_chunks_returned_to_freelist: 6.
num_chunks_taken_from_freelist: 1194.
num_chunk_merges: 6.
num_chunk_splits: 981.
num_chunks_enlarged: 887.
num_inconsistent_stats: 0.

CodeHeap 'non-profiled nmethods': size=120000Kb used=1248Kb max_used=1248Kb free=118752Kb
 bounds [0x000002776d570000, 0x000002776d7e0000, 0x0000027774aa0000]
CodeHeap 'profiled nmethods': size=120000Kb used=5259Kb max_used=5259Kb free=114740Kb
 bounds [0x0000027765aa0000, 0x0000027765fd0000, 0x000002776cfd0000]
CodeHeap 'non-nmethods': size=5760Kb used=1248Kb max_used=1282Kb free=4511Kb
 bounds [0x000002776cfd0000, 0x000002776d240000, 0x000002776d570000]
 total_blobs=3272 nmethods=2719 adapters=464
 compilation: enabled
              stopped_count=0, restarted_count=0
 full_count=0

Compilation events (20 events):
Event: 16.034 Thread 0x000002777a7c6460 nmethod 2670 0x0000027765fa3210 code [0x0000027765fa33a0, 0x0000027765fa34c8]
Event: 16.035 Thread 0x000002777a7c6460 2671       3       org.jetbrains.kotlin.com.intellij.util.text.CharArrayUtil::fromSequence (36 bytes)
Event: 16.035 Thread 0x000002777a7c6460 nmethod 2671 0x0000027765fa3590 code [0x0000027765fa3740, 0x0000027765fa39b8]
Event: 16.035 Thread 0x000002777a7c6460 2675       3       java.lang.StringLatin1::getChars (12 bytes)
Event: 16.035 Thread 0x000002777a7c6460 nmethod 2675 0x0000027765fa3a90 code [0x0000027765fa3c20, 0x0000027765fa3d48]
Event: 16.035 Thread 0x000002777a7c6460 2672       3       org.jetbrains.kotlin.com.intellij.util.text.CharArrayUtil::getChars (241 bytes)
Event: 16.037 Thread 0x000002777a7c6460 nmethod 2672 0x0000027765fa3e10 code [0x0000027765fa4160, 0x0000027765fa5b98]
Event: 16.037 Thread 0x000002777a7c6460 2673       3       org.jetbrains.kotlin.com.intellij.util.text.ImmutableText::getChars (22 bytes)
Event: 16.038 Thread 0x000002777a7c6460 nmethod 2673 0x0000027765fa6110 code [0x0000027765fa62c0, 0x0000027765fa6498]
Event: 16.038 Thread 0x000002777a7c6460 2674       3       org.jetbrains.kotlin.com.intellij.util.text.ImmutableText::getChars (66 bytes)
Event: 16.039 Thread 0x000002777a7c6460 nmethod 2674 0x0000027765fa6590 code [0x0000027765fa67a0, 0x0000027765fa70d8]
Event: 16.040 Thread 0x000002777a7c6460 2676       3       org.jetbrains.kotlin.parsing.AbstractKotlinParsing::at (114 bytes)
Event: 16.041 Thread 0x000002777a7c6460 nmethod 2676 0x0000027765fa7290 code [0x0000027765fa7520, 0x0000027765fa8698]
Event: 16.041 Thread 0x000002777a7c6460 2678       3       org.jetbrains.kotlin.parsing.AbstractKotlinParsing::atSet (113 bytes)
Event: 16.042 Thread 0x000002777a7c6460 nmethod 2678 0x0000027765fa8a10 code [0x0000027765fa8c80, 0x0000027765fa9a78]
Event: 16.042 Thread 0x000002777a7c6460 2681       3       org.jetbrains.kotlin.parsing.KotlinExpressionParsing::parseBinaryExpression (70 bytes)
Event: 16.044 Thread 0x000002777a7c6460 nmethod 2681 0x0000027765fa9d90 code [0x0000027765faa0c0, 0x0000027765fab498]
Event: 16.044 Thread 0x000002777a7c6460 2683       3       org.jetbrains.kotlin.parsing.AbstractKotlinParsing::_atSet (59 bytes)
Event: 16.044 Thread 0x000002777a7c6460 nmethod 2683 0x0000027765fabc10 code [0x0000027765fabe40, 0x0000027765fac5e8]
Event: 16.044 Thread 0x000002777a7c6460 2684       3       org.jetbrains.kotlin.parsing.KotlinExpressionParsing::interruptedWithNewLine (31 bytes)

GC Heap History (12 events):
Event: 1.918 GC heap before
{Heap before GC invocations=0 (full 0):
 garbage-first heap   total 98304K, used 17408K [0x00000000a1200000, 0x0000000100000000)
  region size 1024K, 13 young (13312K), 0 survivors (0K)
 Metaspace       used 4408K, committed 4608K, reserved 1114112K
  class space    used 351K, committed 448K, reserved 1048576K
}
Event: 1.926 GC heap after
{Heap after GC invocations=1 (full 0):
 garbage-first heap   total 98304K, used 6460K [0x00000000a1200000, 0x0000000100000000)
  region size 1024K, 2 young (2048K), 2 survivors (2048K)
 Metaspace       used 4408K, committed 4608K, reserved 1114112K
  class space    used 351K, committed 448K, reserved 1048576K
}
Event: 4.097 GC heap before
{Heap before GC invocations=1 (full 0):
 garbage-first heap   total 98304K, used 21820K [0x00000000a1200000, 0x0000000100000000)
  region size 1024K, 18 young (18432K), 2 survivors (2048K)
 Metaspace       used 8998K, committed 9216K, reserved 1114112K
  class space    used 970K, committed 1088K, reserved 1048576K
}
Event: 4.105 GC heap after
{Heap after GC invocations=2 (full 0):
 garbage-first heap   total 98304K, used 7268K [0x00000000a1200000, 0x0000000100000000)
  region size 1024K, 1 young (1024K), 1 survivors (1024K)
 Metaspace       used 8998K, committed 9216K, reserved 1114112K
  class space    used 970K, committed 1088K, reserved 1048576K
}
Event: 6.577 GC heap before
{Heap before GC invocations=2 (full 0):
 garbage-first heap   total 98304K, used 71780K [0x00000000a1200000, 0x0000000100000000)
  region size 1024K, 57 young (58368K), 1 survivors (1024K)
 Metaspace       used 17074K, committed 17408K, reserved 1114112K
  class space    used 2233K, committed 2368K, reserved 1048576K
}
Event: 6.625 GC heap after
{Heap after GC invocations=3 (full 0):
 garbage-first heap   total 98304K, used 26114K [0x00000000a1200000, 0x0000000100000000)
  region size 1024K, 8 young (8192K), 8 survivors (8192K)
 Metaspace       used 17074K, committed 17408K, reserved 1114112K
  class space    used 2233K, committed 2368K, reserved 1048576K
}
Event: 6.951 GC heap before
{Heap before GC invocations=3 (full 0):
 garbage-first heap   total 98304K, used 43522K [0x00000000a1200000, 0x0000000100000000)
  region size 1024K, 22 young (22528K), 8 survivors (8192K)
 Metaspace       used 17102K, committed 17408K, reserved 1114112K
  class space    used 2233K, committed 2368K, reserved 1048576K
}
Event: 6.996 GC heap after
{Heap after GC invocations=4 (full 0):
 garbage-first heap   total 98304K, used 25943K [0x00000000a1200000, 0x0000000100000000)
  region size 1024K, 3 young (3072K), 3 survivors (3072K)
 Metaspace       used 17102K, committed 17408K, reserved 1114112K
  class space    used 2233K, committed 2368K, reserved 1048576K
}
Event: 10.738 GC heap before
{Heap before GC invocations=4 (full 0):
 garbage-first heap   total 98304K, used 50519K [0x00000000a1200000, 0x0000000100000000)
  region size 1024K, 27 young (27648K), 3 survivors (3072K)
 Metaspace       used 21238K, committed 21504K, reserved 1114112K
  class space    used 2883K, committed 3008K, reserved 1048576K
}
Event: 10.757 GC heap after
{Heap after GC invocations=5 (full 0):
 garbage-first heap   total 98304K, used 25600K [0x00000000a1200000, 0x0000000100000000)
  region size 1024K, 3 young (3072K), 3 survivors (3072K)
 Metaspace       used 21238K, committed 21504K, reserved 1114112K
  class space    used 2883K, committed 3008K, reserved 1048576K
}
Event: 14.313 GC heap before
{Heap before GC invocations=6 (full 0):
 garbage-first heap   total 92160K, used 73728K [0x00000000a1200000, 0x0000000100000000)
  region size 1024K, 39 young (39936K), 3 survivors (3072K)
 Metaspace       used 27892K, committed 28096K, reserved 1114112K
  class space    used 3513K, committed 3584K, reserved 1048576K
}
Event: 14.334 GC heap after
{Heap after GC invocations=7 (full 0):
 garbage-first heap   total 92160K, used 41981K [0x00000000a1200000, 0x0000000100000000)
  region size 1024K, 5 young (5120K), 5 survivors (5120K)
 Metaspace       used 27892K, committed 28096K, reserved 1114112K
  class space    used 3513K, committed 3584K, reserved 1048576K
}

Dll operation events (7 events):
Event: 0.020 Loaded shared library C:\Users\Sandro\AppData\Local\Programs\Eclipse Adoptium\jdk-17.0.11.9-hotspot\bin\java.dll
Event: 0.074 Loaded shared library C:\Users\Sandro\AppData\Local\Programs\Eclipse Adoptium\jdk-17.0.11.9-hotspot\bin\jsvml.dll
Event: 0.266 Loaded shared library C:\Users\Sandro\AppData\Local\Programs\Eclipse Adoptium\jdk-17.0.11.9-hotspot\bin\net.dll
Event: 0.269 Loaded shared library C:\Users\Sandro\AppData\Local\Programs\Eclipse Adoptium\jdk-17.0.11.9-hotspot\bin\nio.dll
Event: 0.581 Loaded shared library C:\Users\Sandro\AppData\Local\Programs\Eclipse Adoptium\jdk-17.0.11.9-hotspot\bin\zip.dll
Event: 0.795 Loaded shared library C:\Users\Sandro\AppData\Local\Programs\Eclipse Adoptium\jdk-17.0.11.9-hotspot\bin\jimage.dll
Event: 4.646 Loaded shared library C:\Users\Sandro\AppData\Local\Programs\Eclipse Adoptium\jdk-17.0.11.9-hotspot\bin\verify.dll

Deoptimization events (20 events):
Event: 15.983 Thread 0x000002775df6ffb0 Uncommon trap: trap_request=0xffffff45 fr.pc=0x000002776d64bb44 relative=0x0000000000000184
Event: 15.983 Thread 0x000002775df6ffb0 Uncommon trap: reason=unstable_if action=reinterpret pc=0x000002776d64bb44 method=org.jetbrains.kotlin.com.intellij.util.SmartList.get(I)Ljava/lang/Object; @ 13 c2
Event: 15.983 Thread 0x000002775df6ffb0 DEOPT PACKING pc=0x000002776d64bb44 sp=0x000000c4cdefe000
Event: 15.983 Thread 0x000002775df6ffb0 DEOPT UNPACKING pc=0x000002776d0269a3 sp=0x000000c4cdefdf28 mode 2
Event: 15.983 Thread 0x000002775df6ffb0 Uncommon trap: trap_request=0xffffff45 fr.pc=0x000002776d5fa004 relative=0x00000000000000e4
Event: 15.983 Thread 0x000002775df6ffb0 Uncommon trap: reason=unstable_if action=reinterpret pc=0x000002776d5fa004 method=org.jetbrains.kotlin.com.intellij.util.SmartList.get(I)Ljava/lang/Object; @ 13 c2
Event: 15.983 Thread 0x000002775df6ffb0 DEOPT PACKING pc=0x000002776d5fa004 sp=0x000000c4cdefe080
Event: 15.983 Thread 0x000002775df6ffb0 DEOPT UNPACKING pc=0x000002776d0269a3 sp=0x000000c4cdefe020 mode 2
Event: 15.998 Thread 0x000002775df6ffb0 Uncommon trap: trap_request=0xffffff45 fr.pc=0x000002776d6999e4 relative=0x00000000000001c4
Event: 15.998 Thread 0x000002775df6ffb0 Uncommon trap: reason=unstable_if action=reinterpret pc=0x000002776d6999e4 method=org.jetbrains.kotlin.com.intellij.util.text.ImmutableText.charAt(I)C @ 6 c2
Event: 15.998 Thread 0x000002775df6ffb0 DEOPT PACKING pc=0x000002776d6999e4 sp=0x000000c4cdefc7b0
Event: 15.998 Thread 0x000002775df6ffb0 DEOPT UNPACKING pc=0x000002776d0269a3 sp=0x000000c4cdefc6e0 mode 2
Event: 16.015 Thread 0x000002775df6ffb0 Uncommon trap: trap_request=0xffffff45 fr.pc=0x000002776d6a3178 relative=0x00000000000000d8
Event: 16.015 Thread 0x000002775df6ffb0 Uncommon trap: reason=unstable_if action=reinterpret pc=0x000002776d6a3178 method=org.jetbrains.kotlin.parsing.SemanticWhitespaceAwarePsiBuilderImpl.getJoinedTokenType(Lorg/jetbrains/kotlin/com/intellij/psi/tree/IElementType;I)Lorg/jetbrains/kotlin/com/in
Event: 16.015 Thread 0x000002775df6ffb0 DEOPT PACKING pc=0x000002776d6a3178 sp=0x000000c4cdefc420
Event: 16.015 Thread 0x000002775df6ffb0 DEOPT UNPACKING pc=0x000002776d0269a3 sp=0x000000c4cdefc3a8 mode 2
Event: 16.031 Thread 0x000002775df6ffb0 Uncommon trap: trap_request=0xffffff45 fr.pc=0x000002776d6a1a40 relative=0x0000000000000a00
Event: 16.031 Thread 0x000002775df6ffb0 Uncommon trap: reason=unstable_if action=reinterpret pc=0x000002776d6a1a40 method=org.jetbrains.kotlin.parsing.SemanticWhitespaceAwarePsiBuilderImpl.getJoinedTokenType(Lorg/jetbrains/kotlin/com/intellij/psi/tree/IElementType;I)Lorg/jetbrains/kotlin/com/in
Event: 16.031 Thread 0x000002775df6ffb0 DEOPT PACKING pc=0x000002776d6a1a40 sp=0x000000c4cdefc700
Event: 16.031 Thread 0x000002775df6ffb0 DEOPT UNPACKING pc=0x000002776d0269a3 sp=0x000000c4cdefc680 mode 2

Classes unloaded (0 events):
No events

Classes redefined (0 events):
No events

Internal exceptions (20 events):
Event: 3.987 Thread 0x000002775df6ffb0 Exception <a 'java/lang/NoSuchMethodError'{0x00000000a615a940}: 'java.lang.Object java.lang.invoke.DirectMethodHandle$Holder.invokeSpecial(java.lang.Object, java.lang.Object, java.lang.Object, java.lang.Object, long)'> (0x00000000a615a940) 
thrown [s\src\hotspot\share\interpreter\linkResolver.cpp, line 759]
Event: 3.994 Thread 0x000002775df6ffb0 Exception <a 'java/lang/NoSuchMethodError'{0x00000000a6169f40}: 'int java.lang.invoke.DelegatingMethodHandle$Holder.reinvoke_L(java.lang.Object, java.lang.Object, java.lang.Object, long, java.lang.Object, java.lang.Object)'> (0x00000000a6169f40) 
thrown [s\src\hotspot\share\interpreter\linkResolver.cpp, line 759]
Event: 3.998 Thread 0x000002775df6ffb0 Exception <a 'java/lang/NoSuchMethodError'{0x00000000a6178ad0}: 'int java.lang.invoke.DelegatingMethodHandle$Holder.reinvoke_L(java.lang.Object, java.lang.Object, java.lang.Object, long, int, int)'> (0x00000000a6178ad0) 
thrown [s\src\hotspot\share\interpreter\linkResolver.cpp, line 759]
Event: 4.005 Thread 0x000002775df6ffb0 Exception <a 'java/lang/NoSuchMethodError'{0x00000000a6187530}: 'int java.lang.invoke.DelegatingMethodHandle$Holder.reinvoke_L(java.lang.Object, java.lang.Object, java.lang.Object, long, long, long)'> (0x00000000a6187530) 
thrown [s\src\hotspot\share\interpreter\linkResolver.cpp, line 759]
Event: 4.010 Thread 0x000002775df6ffb0 Exception <a 'java/lang/NoSuchMethodError'{0x00000000a6195b48}: 'int java.lang.invoke.DelegatingMethodHandle$Holder.reinvoke_L(java.lang.Object, java.lang.Object, java.lang.Object, long, int)'> (0x00000000a6195b48) 
thrown [s\src\hotspot\share\interpreter\linkResolver.cpp, line 759]
Event: 4.054 Thread 0x000002775df6ffb0 Exception <a 'java/lang/NoSuchMethodError'{0x00000000a603e0f8}: 'int java.lang.invoke.DirectMethodHandle$Holder.invokeStaticInit(java.lang.Object, java.lang.Object, java.lang.Object)'> (0x00000000a603e0f8) 
thrown [s\src\hotspot\share\interpreter\linkResolver.cpp, line 759]
Event: 4.065 Thread 0x000002775df6ffb0 Exception <a 'java/lang/NoSuchMethodError'{0x00000000a6067808}: 'int java.lang.invoke.DirectMethodHandle$Holder.invokeStaticInit(java.lang.Object, java.lang.Object)'> (0x00000000a6067808) 
thrown [s\src\hotspot\share\interpreter\linkResolver.cpp, line 759]
Event: 4.135 Thread 0x000002775df6ffb0 Exception <a 'java/lang/NoSuchMethodError'{0x00000000a71470d8}: 'void java.lang.invoke.DirectMethodHandle$Holder.invokeSpecial(java.lang.Object, java.lang.Object, java.lang.Object)'> (0x00000000a71470d8) 
thrown [s\src\hotspot\share\interpreter\linkResolver.cpp, line 759]
Event: 4.382 Thread 0x000002775df6ffb0 Exception <a 'java/lang/NoSuchMethodError'{0x00000000a6e637a8}: 'void java.lang.invoke.DirectMethodHandle$Holder.invokeStatic(java.lang.Object, java.lang.Object, java.lang.Object, java.lang.Object)'> (0x00000000a6e637a8) 
thrown [s\src\hotspot\share\interpreter\linkResolver.cpp, line 759]
Event: 4.572 Thread 0x000002775df6ffb0 Exception <a 'java/lang/NoSuchMethodError'{0x00000000a6a7f2e8}: 'void java.lang.invoke.DirectMethodHandle$Holder.invokeStaticInit(java.lang.Object, java.lang.Object)'> (0x00000000a6a7f2e8) 
thrown [s\src\hotspot\share\interpreter\linkResolver.cpp, line 759]
Event: 4.912 Thread 0x000002775df6ffb0 Exception <a 'java/lang/NoSuchMethodError'{0x00000000a64e5dc0}: 'void java.lang.invoke.DirectMethodHandle$Holder.invokeVirtual(java.lang.Object, java.lang.Object)'> (0x00000000a64e5dc0) 
thrown [s\src\hotspot\share\interpreter\linkResolver.cpp, line 759]
Event: 5.039 Thread 0x000002775df6ffb0 Exception <a 'java/lang/NoSuchMethodError'{0x00000000a61af188}: 'int java.lang.invoke.DirectMethodHandle$Holder.invokeVirtual(java.lang.Object, java.lang.Object)'> (0x00000000a61af188) 
thrown [s\src\hotspot\share\interpreter\linkResolver.cpp, line 759]
Event: 5.082 Thread 0x000002775df6ffb0 Exception <a 'java/lang/NoSuchMethodError'{0x00000000a606b4c8}: 'java.lang.Object java.lang.invoke.Invokers$Holder.invokeExact_MT(java.lang.Object, java.lang.Object, java.lang.Object, java.lang.Object, java.lang.Object, java.lang.Object)'> (0x00000000a606b4c8) 
thrown [s\src\hotspot\share\interpreter\linkResolver.cpp, line 759]
Event: 5.634 Thread 0x000002775df6ffb0 Exception <a 'java/lang/NoSuchMethodError'{0x00000000a5aa8768}: 'java.lang.Object java.lang.invoke.Invokers$Holder.invoke_MT(java.lang.Object, java.lang.Object, java.lang.Object)'> (0x00000000a5aa8768) 
thrown [s\src\hotspot\share\interpreter\linkResolver.cpp, line 759]
Event: 6.575 Thread 0x000002775df6ffb0 Implicit null exception at 0x000002776d5f44e3 to 0x000002776d5f6760
Event: 10.504 Thread 0x000002775df6ffb0 Implicit null exception at 0x000002776d595772 to 0x000002776d595d48
Event: 10.851 Thread 0x000002775df6ffb0 Implicit null exception at 0x000002776d59aa72 to 0x000002776d59b058
Event: 10.975 Thread 0x000002775df6ffb0 Exception <a 'java/lang/NoSuchMethodError'{0x00000000a6639950}: 'java.lang.Object java.lang.invoke.DirectMethodHandle$Holder.invokeVirtual(java.lang.Object, java.lang.Object, java.lang.Object)'> (0x00000000a6639950) 
thrown [s\src\hotspot\share\interpreter\linkResolver.cpp, line 759]
Event: 15.744 Thread 0x000002775df6ffb0 Exception <a 'java/lang/NoSuchMethodError'{0x00000000a5f26a20}: 'java.lang.Object java.lang.invoke.DirectMethodHandle$Holder.newInvokeSpecial(java.lang.Object, java.lang.Object, int)'> (0x00000000a5f26a20) 
thrown [s\src\hotspot\share\interpreter\linkResolver.cpp, line 759]
Event: 15.998 Thread 0x000002775df6ffb0 Implicit null exception at 0x000002776d699841 to 0x000002776d6999c8

VM Operations (20 events):
Event: 10.864 Executing VM operation: HandshakeAllThreads
Event: 10.864 Executing VM operation: HandshakeAllThreads done
Event: 11.867 Executing VM operation: Cleanup
Event: 11.867 Executing VM operation: Cleanup done
Event: 12.876 Executing VM operation: Cleanup
Event: 12.876 Executing VM operation: Cleanup done
Event: 13.880 Executing VM operation: Cleanup
Event: 13.896 Executing VM operation: Cleanup done
Event: 13.965 Executing VM operation: HandshakeAllThreads
Event: 13.965 Executing VM operation: HandshakeAllThreads done
Event: 14.313 Executing VM operation: G1CollectForAllocation
Event: 14.334 Executing VM operation: G1CollectForAllocation done
Event: 14.419 Executing VM operation: G1PauseRemark
Event: 14.423 Executing VM operation: G1PauseRemark done
Event: 14.458 Executing VM operation: G1PauseCleanup
Event: 14.458 Executing VM operation: G1PauseCleanup done
Event: 15.462 Executing VM operation: Cleanup
Event: 15.463 Executing VM operation: Cleanup done
Event: 16.030 Executing VM operation: HandshakeAllThreads
Event: 16.030 Executing VM operation: HandshakeAllThreads done

Events (20 events):
Event: 12.898 loading class sun/reflect/generics/tree/VoidDescriptor
Event: 12.898 loading class sun/reflect/generics/tree/VoidDescriptor done
Event: 12.898 loading class sun/reflect/generics/tree/MethodTypeSignature
Event: 12.898 loading class sun/reflect/generics/tree/MethodTypeSignature done
Event: 12.898 loading class sun/reflect/generics/reflectiveObjects/WildcardTypeImpl
Event: 12.898 loading class java/lang/reflect/WildcardType
Event: 12.898 loading class java/lang/reflect/WildcardType done
Event: 12.898 loading class sun/reflect/generics/reflectiveObjects/WildcardTypeImpl done
Event: 13.964 loading class sun/reflect/generics/scope/MethodScope
Event: 13.964 loading class sun/reflect/generics/scope/MethodScope done
Event: 13.964 loading class sun/reflect/generics/repository/MethodRepository
Event: 13.964 loading class sun/reflect/generics/repository/MethodRepository done
Event: 15.585 loading class java/util/BitSet
Event: 15.586 loading class java/util/BitSet done
Event: 15.602 loading class java/util/PrimitiveIterator$OfInt
Event: 15.603 loading class java/util/PrimitiveIterator
Event: 15.603 loading class java/util/PrimitiveIterator done
Event: 15.603 loading class java/util/PrimitiveIterator$OfInt done
Event: 15.735 loading class java/util/function/IntUnaryOperator
Event: 15.736 loading class java/util/function/IntUnaryOperator done


Dynamic libraries:
0x00007ff769700000 - 0x00007ff76970e000 	C:\Users\Sandro\AppData\Local\Programs\Eclipse Adoptium\jdk-17.0.11.9-hotspot\bin\java.exe
0x00007ff9a8d50000 - 0x00007ff9a8f48000 	C:\WINDOWS\SYSTEM32\ntdll.dll
0x00007ff9a8ae0000 - 0x00007ff9a8ba2000 	C:\WINDOWS\System32\KERNEL32.DLL
0x00007ff9a64e0000 - 0x00007ff9a67d6000 	C:\WINDOWS\System32\KERNELBASE.dll
0x00007ff9a6890000 - 0x00007ff9a6990000 	C:\WINDOWS\System32\ucrtbase.dll
0x00007ff9a2830000 - 0x00007ff9a2847000 	C:\Users\Sandro\AppData\Local\Programs\Eclipse Adoptium\jdk-17.0.11.9-hotspot\bin\jli.dll
0x00007ff9a7a80000 - 0x00007ff9a7c1d000 	C:\WINDOWS\System32\USER32.dll
0x00007ff9a67e0000 - 0x00007ff9a6802000 	C:\WINDOWS\System32\win32u.dll
0x00007ff9a7080000 - 0x00007ff9a70ab000 	C:\WINDOWS\System32\GDI32.dll
0x00007ff9a6990000 - 0x00007ff9a6aaa000 	C:\WINDOWS\System32\gdi32full.dll
0x00007ff9a6ab0000 - 0x00007ff9a6b4d000 	C:\WINDOWS\System32\msvcp_win.dll
0x00007ff994c70000 - 0x00007ff994f0a000 	C:\WINDOWS\WinSxS\amd64_microsoft.windows.common-controls_6595b64144ccf1df_6.0.19041.4355_none_60b8b9eb71f62e16\COMCTL32.dll
0x00007ff9a7c20000 - 0x00007ff9a7cbe000 	C:\WINDOWS\System32\msvcrt.dll
0x00007ff9a2850000 - 0x00007ff9a286b000 	C:\Users\Sandro\AppData\Local\Programs\Eclipse Adoptium\jdk-17.0.11.9-hotspot\bin\VCRUNTIME140.dll
0x00007ff9a7240000 - 0x00007ff9a726f000 	C:\WINDOWS\System32\IMM32.DLL
0x00007ff9a3870000 - 0x00007ff9a387c000 	C:\Users\Sandro\AppData\Local\Programs\Eclipse Adoptium\jdk-17.0.11.9-hotspot\bin\vcruntime140_1.dll
0x00007ff98c6d0000 - 0x00007ff98c75d000 	C:\Users\Sandro\AppData\Local\Programs\Eclipse Adoptium\jdk-17.0.11.9-hotspot\bin\msvcp140.dll
0x00007ff95c290000 - 0x00007ff95cef2000 	C:\Users\Sandro\AppData\Local\Programs\Eclipse Adoptium\jdk-17.0.11.9-hotspot\bin\server\jvm.dll
0x00007ff9a8370000 - 0x00007ff9a841f000 	C:\WINDOWS\System32\ADVAPI32.dll
0x00007ff9a79e0000 - 0x00007ff9a7a7f000 	C:\WINDOWS\System32\sechost.dll
0x00007ff9a6f50000 - 0x00007ff9a7073000 	C:\WINDOWS\System32\RPCRT4.dll
0x00007ff9a6b50000 - 0x00007ff9a6b77000 	C:\WINDOWS\System32\bcrypt.dll
0x00007ff992320000 - 0x00007ff992329000 	C:\WINDOWS\SYSTEM32\WSOCK32.dll
0x00007ff9a5920000 - 0x00007ff9a596b000 	C:\WINDOWS\SYSTEM32\POWRPROF.dll
0x00007ff9a7cc0000 - 0x00007ff9a7d2b000 	C:\WINDOWS\System32\WS2_32.dll
0x00007ff996d70000 - 0x00007ff996d97000 	C:\WINDOWS\SYSTEM32\WINMM.dll
0x00007ff996db0000 - 0x00007ff996dba000 	C:\WINDOWS\SYSTEM32\VERSION.dll
0x00007ff9a57e0000 - 0x00007ff9a57f2000 	C:\WINDOWS\SYSTEM32\UMPDC.dll
0x00007ff9a4260000 - 0x00007ff9a4272000 	C:\WINDOWS\SYSTEM32\kernel.appcore.dll
0x00007ff9a2930000 - 0x00007ff9a293a000 	C:\Users\Sandro\AppData\Local\Programs\Eclipse Adoptium\jdk-17.0.11.9-hotspot\bin\jimage.dll
0x00007ff995d00000 - 0x00007ff995ee4000 	C:\WINDOWS\SYSTEM32\DBGHELP.DLL
0x00007ff98aa60000 - 0x00007ff98aa94000 	C:\WINDOWS\SYSTEM32\dbgcore.DLL
0x00007ff9a6b80000 - 0x00007ff9a6c02000 	C:\WINDOWS\System32\bcryptPrimitives.dll
0x00007ff9a0350000 - 0x00007ff9a0375000 	C:\Users\Sandro\AppData\Local\Programs\Eclipse Adoptium\jdk-17.0.11.9-hotspot\bin\java.dll
0x00007ff983840000 - 0x00007ff983917000 	C:\Users\Sandro\AppData\Local\Programs\Eclipse Adoptium\jdk-17.0.11.9-hotspot\bin\jsvml.dll
0x00007ff9a7270000 - 0x00007ff9a79df000 	C:\WINDOWS\System32\SHELL32.dll
0x00007ff9a4460000 - 0x00007ff9a4c03000 	C:\WINDOWS\SYSTEM32\windows.storage.dll
0x00007ff9a84e0000 - 0x00007ff9a8835000 	C:\WINDOWS\System32\combase.dll
0x00007ff9a5e10000 - 0x00007ff9a5e3b000 	C:\WINDOWS\SYSTEM32\Wldp.dll
0x00007ff9a7e20000 - 0x00007ff9a7eed000 	C:\WINDOWS\System32\OLEAUT32.dll
0x00007ff9a8430000 - 0x00007ff9a84dd000 	C:\WINDOWS\System32\SHCORE.dll
0x00007ff9a8a80000 - 0x00007ff9a8ad5000 	C:\WINDOWS\System32\shlwapi.dll
0x00007ff9a6310000 - 0x00007ff9a6335000 	C:\WINDOWS\SYSTEM32\profapi.dll
0x00007ff99f830000 - 0x00007ff99f849000 	C:\Users\Sandro\AppData\Local\Programs\Eclipse Adoptium\jdk-17.0.11.9-hotspot\bin\net.dll
0x00007ff99e950000 - 0x00007ff99ea5a000 	C:\WINDOWS\SYSTEM32\WINHTTP.dll
0x00007ff9a5b70000 - 0x00007ff9a5bdc000 	C:\WINDOWS\system32\mswsock.dll
0x00007ff99f670000 - 0x00007ff99f686000 	C:\Users\Sandro\AppData\Local\Programs\Eclipse Adoptium\jdk-17.0.11.9-hotspot\bin\nio.dll
0x00007ff99fb70000 - 0x00007ff99fb88000 	C:\Users\Sandro\AppData\Local\Programs\Eclipse Adoptium\jdk-17.0.11.9-hotspot\bin\zip.dll
0x00007ff9a25f0000 - 0x00007ff9a2600000 	C:\Users\Sandro\AppData\Local\Programs\Eclipse Adoptium\jdk-17.0.11.9-hotspot\bin\verify.dll

dbghelp: loaded successfully - version: 4.0.5 - missing functions: none
symbol engine: initialized successfully - sym options: 0x614 - pdb path: .;C:\Users\Sandro\AppData\Local\Programs\Eclipse Adoptium\jdk-17.0.11.9-hotspot\bin;C:\WINDOWS\SYSTEM32;C:\WINDOWS\WinSxS\amd64_microsoft.windows.common-controls_6595b64144ccf1df_6.0.19041.4355_none_60b8b9eb71f62e16;C:\Users\Sandro\AppData\Local\Programs\Eclipse Adoptium\jdk-17.0.11.9-hotspot\bin\server

VM Arguments:
java_command: org.jetbrains.kotlin.cli.jvm.K2JVMCompiler @C:\Users\Sandro\Documents\Estudos\projetos_react_native\gerenciadordeleads\node_modules\@react-native\gradle-plugin\react-native-gradle-plugin\build\20250415_7609348716241421365.compiler.options
java_class_path (initial): C:\Users\Sandro\.gradle\caches\modules-2\files-2.1\org.jetbrains.kotlin\kotlin-compiler-embeddable\1.9.25\6e698f23ca1f74d6672827f61e92c2fe015d1b88\kotlin-compiler-embeddable-1.9.25.jar;C:\Users\Sandro\.gradle\caches\modules-2\files-2.1\org.jetbrains.kotlin\kotlin-stdlib\1.9.25\f700a2f2b8f0d6d0fde48f56d894dc722fb029d7\kotlin-stdlib-1.9.25.jar;C:\Users\Sandro\.gradle\caches\modules-2\files-2.1\org.jetbrains.kotlin\kotlin-script-runtime\1.9.25\43cdc99e4582c67c2b60f609d0e4c015d33a8e89\kotlin-script-runtime-1.9.25.jar;C:\Users\Sandro\.gradle\caches\modules-2\files-2.1\org.jetbrains.kotlin\kotlin-reflect\1.6.10\1cbe9c92c12a94eea200d23c2bbaedaf3daf5132\kotlin-reflect-1.6.10.jar;C:\Users\Sandro\.gradle\caches\modules-2\files-2.1\org.jetbrains.kotlin\kotlin-daemon-embeddable\1.9.25\3a1ebb4f98ed480e4774f45e3be215626eb3ae02\kotlin-daemon-embeddable-1.9.25.jar;C:\Users\Sandro\.gradle\caches\modules-2\files-2.1\org.jetbrains.intellij.deps\trove4j\1.0.20200330\3afb14d5f9ceb459d724e907a21145e8ff394f02\trove4j-1.0.20200330.jar;C:\Users\Sandro\.gradle\caches\modules-2\files-2.1\org.jetbrains\annotations\13.0\919f0dfe192fb4e063e7dacadee7f8bb9a2672a9\annotations-13.0.jar
Launcher Type: SUN_STANDARD

[Global flags]
     intx CICompilerCount                          = 3                                         {product} {ergonomic}
     uint ConcGCThreads                            = 1                                         {product} {ergonomic}
     uint G1ConcRefinementThreads                  = 4                                         {product} {ergonomic}
   size_t G1HeapRegionSize                         = 1048576                                   {product} {ergonomic}
    uintx GCDrainStackTargetSize                   = 64                                        {product} {ergonomic}
   size_t InitialHeapSize                          = 100663296                                 {product} {ergonomic}
   size_t MarkStackSize                            = 4194304                                   {product} {ergonomic}
   size_t MaxHeapSize                              = 1591738368                                {product} {ergonomic}
   size_t MaxNewSize                               = 954204160                                 {product} {ergonomic}
   size_t MinHeapDeltaBytes                        = 1048576                                   {product} {ergonomic}
   size_t MinHeapSize                              = 8388608                                   {product} {ergonomic}
    uintx NonNMethodCodeHeapSize                   = 5832780                                {pd product} {ergonomic}
    uintx NonProfiledCodeHeapSize                  = 122912730                              {pd product} {ergonomic}
    uintx ProfiledCodeHeapSize                     = 122912730                              {pd product} {ergonomic}
    uintx ReservedCodeCacheSize                    = 251658240                              {pd product} {ergonomic}
     bool SegmentedCodeCache                       = true                                      {product} {ergonomic}
   size_t SoftMaxHeapSize                          = 1591738368                             {manageable} {ergonomic}
     bool UseCompressedClassPointers               = true                           {product lp64_product} {ergonomic}
     bool UseCompressedOops                        = true                           {product lp64_product} {ergonomic}
     bool UseG1GC                                  = true                                      {product} {ergonomic}
     bool UseLargePagesIndividualAllocation        = false                                  {pd product} {ergonomic}

Logging:
Log output configuration:
 #0: stdout all=warning uptime,level,tags
 #1: stderr all=off uptime,level,tags

Environment Variables:
JAVA_HOME=C:\Users\Sandro\AppData\Local\Programs\Eclipse Adoptium\jdk-17.0.11.9-hotspot\
PATH=C:\Program Files\Eclipse Adoptium\jdk-21.0.3.9-hotspot\bin;C:\WINDOWS\system32;C:\WINDOWS;C:\WINDOWS\System32\Wbem;C:\WINDOWS\System32\WindowsPowerShell\v1.0\;C:\WINDOWS\System32\OpenSSH\;C:\Program Files\dotnet\;C:\Users\Sandro\AppData\Roaming\nvm;C:\Program Files\nodejs;C:\Program Files\Git\cmd;C:\flutter\bin;C:\Users\Sandro\AppData\Local\Programs\Eclipse Adoptium\jdk-17.0.11.9-hotspot\bin;C:\Users\Sandro\AppData\Local\Microsoft\WindowsApps;C:\Users\Sandro\AppData\Local\Programs\Microsoft VS Code\bin;C:\Users\Sandro\AppData\Local\GitHubDesktop\bin;C:\Users\Sandro\AppData\Roaming\nvm;C:\Program Files\nodejs;C:\flutter\bin;
USERNAME=Sandro
OS=Windows_NT
PROCESSOR_IDENTIFIER=Intel64 Family 6 Model 69 Stepping 1, GenuineIntel
TMP=C:\Users\Sandro\AppData\Local\Temp
TEMP=C:\Users\Sandro\AppData\Local\Temp



Periodic native trim disabled


---------------  S Y S T E M  ---------------

OS:
 Windows 10 , 64 bit Build 19041 (10.0.19041.5678)
OS uptime: 0 days 2:15 hours

CPU: total 4 (initial active 4) (2 cores per cpu, 2 threads per core) family 6 model 69 stepping 1 microcode 0x25, cx8, cmov, fxsr, ht, mmx, sse, sse2, sse3, ssse3, sse4.1, sse4.2, popcnt, lzcnt, tsc, tscinvbit, avx, avx2, aes, erms, clmul, bmi1, bmi2, fma, vzeroupper, clflush
Processor Information for all 4 processors :
  Max Mhz: 2401, Current Mhz: 2400, Mhz Limit: 2376

Memory: 4k page, system-wide physical 6071M (239M free)
TotalPageFile size 7862M (AvailPageFile size 15M)
current process WorkingSet (physical memory assigned to process): 185M, peak: 204M
current process commit charge ("private bytes"): 218M, peak: 237M

vm_info: OpenJDK 64-Bit Server VM (17.0.11+9) for windows-amd64 JRE (17.0.11+9), built on Apr 17 2024 06:07:48 by "admin" with MS VC++ 16.10 / 16.11 (VS2019)

END.
