#
# There is insufficient memory for the Java Runtime Environment to continue.
# Native memory allocation (malloc) failed to allocate 922256 bytes. Error detail: Chunk::new
# Possible reasons:
#   The system is out of physical RAM or swap space
#   This process is running with CompressedOops enabled, and the Java Heap may be blocking the growth of the native heap
# Possible solutions:
#   Reduce memory load on the system
#   Increase physical memory or swap space
#   Check if swap backing store is full
#   Decrease Java heap size (-Xmx/-Xms)
#   Decrease number of Java threads
#   Decrease Java thread stack sizes (-Xss)
#   Set larger code cache with -XX:ReservedCodeCacheSize=
#   JVM is running with Unscaled Compressed Oops mode in which the Java heap is
#     placed in the first 4GB address space. The Java Heap base address is the
#     maximum limit for the native heap growth. Please use -XX:HeapBaseMinAddress
#     to set the Java Heap base and to place the Java Heap above 4GB virtual address.
# This output file may be truncated or incomplete.
#
#  Out of Memory Error (arena.cpp:191), pid=6228, tid=11532
#
# JRE version: OpenJDK Runtime Environment Temurin-17.0.11+9 (17.0.11+9) (build 17.0.11+9)
# Java VM: OpenJDK 64-Bit Server VM Temurin-17.0.11+9 (17.0.11+9, mixed mode, sharing, tiered, compressed oops, compressed class ptrs, g1 gc, windows-amd64)
# No core dump will be written. Minidumps are not enabled by default on client versions of Windows
#

---------------  S U M M A R Y ------------

Command Line: -XX:MaxMetaspaceSize=512m --add-opens=java.base/java.util=ALL-UNNAMED --add-opens=java.base/java.lang=ALL-UNNAMED --add-opens=java.base/java.lang.invoke=ALL-UNNAMED --add-opens=java.prefs/java.util.prefs=ALL-UNNAMED --add-exports=jdk.compiler/com.sun.tools.javac.api=ALL-UNNAMED --add-exports=jdk.compiler/com.sun.tools.javac.util=ALL-UNNAMED --add-opens=java.base/java.nio.charset=ALL-UNNAMED --add-opens=java.base/java.net=ALL-UNNAMED --add-opens=java.base/java.util.concurrent.atomic=ALL-UNNAMED -Xmx2048m -Dfile.encoding=utf8 -Duser.country=BR -Duser.language=pt -Duser.variant -javaagent:C:\Users\Sandro\.gradle\wrapper\dists\gradle-8.10.2-all\7iv73wktx1xtkvlq19urqw1wm\gradle-8.10.2\lib\agents\gradle-instrumentation-agent-8.10.2.jar org.gradle.launcher.daemon.bootstrap.GradleDaemon 8.10.2

Host: Intel(R) Core(TM) i5-4210U CPU @ 1.70GHz, 4 cores, 5G,  Windows 10 , 64 bit Build 19041 (10.0.19041.5678)
Time: Tue Apr 15 22:50:53 2025 Hora oficial do Brasil elapsed time: 56.959309 seconds (0d 0h 0m 56s)

---------------  T H R E A D  ---------------

Current thread (0x0000017264a98330):  JavaThread "C2 CompilerThread0" daemon [_thread_in_native, id=11532, stack(0x0000005a3e800000,0x0000005a3e900000)]


Current CompileTask:
C2:  56963 12299   !   4       jdk.internal.loader.BuiltinClassLoader::loadClassOrNull (143 bytes)

Stack: [0x0000005a3e800000,0x0000005a3e900000]
Native frames: (J=compiled Java code, j=interpreted, Vv=VM code, C=native code)
V  [jvm.dll+0x67d429]
V  [jvm.dll+0x834b7a]
V  [jvm.dll+0x83663e]
V  [jvm.dll+0x836ca3]
V  [jvm.dll+0x247dbf]
V  [jvm.dll+0xac534]
V  [jvm.dll+0xacb7c]
V  [jvm.dll+0x366647]
V  [jvm.dll+0x330bba]
V  [jvm.dll+0x33005a]
V  [jvm.dll+0x21a471]
V  [jvm.dll+0x2198b1]
V  [jvm.dll+0x1a534d]
V  [jvm.dll+0x2295cd]
V  [jvm.dll+0x22779c]
V  [jvm.dll+0x7e9d07]
V  [jvm.dll+0x7e410a]
V  [jvm.dll+0x67c315]
C  [ucrtbase.dll+0x21bb2]
C  [KERNEL32.DLL+0x17374]
C  [ntdll.dll+0x4cc91]


---------------  P R O C E S S  ---------------

Threads class SMR info:
_java_thread_list=0x000001722469f2d0, length=98, elements={
0x0000017246ec0080, 0x0000017264a7eff0, 0x0000017264a7fe70, 0x0000017264a95900,
0x0000017264a962c0, 0x0000017264a96c80, 0x0000017264a97640, 0x0000017264a98330,
0x0000017264a98de0, 0x0000017264ac2db0, 0x000001721f1be3a0, 0x000001721f2596f0,
0x0000017220cca050, 0x000001721fd75ce0, 0x000001721f47efe0, 0x000001721f3a41f0,
0x000001721f74dbf0, 0x000001721f74d1d0, 0x000001721f74d6e0, 0x000001721f74e610,
0x000001721f74e100, 0x000001721f74f540, 0x000001721f74c7b0, 0x000001721f74bd90,
0x000001721f74c2a0, 0x000001721f74eb20, 0x000001721f74f030, 0x000001721f74ccc0,
0x0000017221323870, 0x0000017221322e50, 0x0000017221323d80, 0x00000172213247a0,
0x0000017221321f20, 0x0000017221324290, 0x0000017221328460, 0x0000017221321500,
0x0000017221320ff0, 0x0000017221326600, 0x0000017221328970, 0x0000017221324cb0,
0x0000017221322430, 0x0000017221327530, 0x00000172213251c0, 0x0000017221325be0,
0x0000017221327020, 0x0000017221322940, 0x0000017221321a10, 0x0000017221323360,
0x00000172213260f0, 0x0000017221327a40, 0x0000017221326b10, 0x000001721f1af030,
0x000001721f1b69b0, 0x000001721f1af540, 0x000001721f1b22d0, 0x000001721f1b4b50,
0x000001721f1b3c20, 0x000001721f1aff60, 0x000001721f1b5a80, 0x000001721f1b18b0,
0x000001721f1b5f90, 0x000001721f1b0470, 0x000001721f1b1dc0, 0x000001721f1b0980,
0x000001721f1b0e90, 0x000001721f1b5570, 0x000001721f1b27e0, 0x000001721f1b4130,
0x000001721f1b3200, 0x000001721f1b3710, 0x0000017221828a70, 0x0000017221826c10,
0x000001722182a8d0, 0x000001722182c730, 0x000001722182b2f0, 0x0000017221827b40,
0x0000017221827120, 0x0000017221828560, 0x0000017221828f80, 0x0000017221829490,
0x0000017221826700, 0x00000172218299a0, 0x000001722182ade0, 0x0000017221829eb0,
0x000001722182a3c0, 0x000001722182b800, 0x000001722182bd10, 0x000001722182c220,
0x000001722182e080, 0x000001722182d150, 0x0000017221827630, 0x000001722182db70,
0x0000017224200c70, 0x0000017224201690, 0x0000017224201ba0, 0x0000017224201180,
0x00000172242020b0, 0x00000172242025c0
}

Java Threads: ( => current thread )
  0x0000017246ec0080 JavaThread "main" [_thread_blocked, id=4572, stack(0x0000005a3db00000,0x0000005a3dc00000)]
  0x0000017264a7eff0 JavaThread "Reference Handler" daemon [_thread_blocked, id=7800, stack(0x0000005a3e200000,0x0000005a3e300000)]
  0x0000017264a7fe70 JavaThread "Finalizer" daemon [_thread_blocked, id=5640, stack(0x0000005a3e300000,0x0000005a3e400000)]
  0x0000017264a95900 JavaThread "Signal Dispatcher" daemon [_thread_blocked, id=11584, stack(0x0000005a3e400000,0x0000005a3e500000)]
  0x0000017264a962c0 JavaThread "Attach Listener" daemon [_thread_blocked, id=12468, stack(0x0000005a3e500000,0x0000005a3e600000)]
  0x0000017264a96c80 JavaThread "Service Thread" daemon [_thread_blocked, id=7324, stack(0x0000005a3e600000,0x0000005a3e700000)]
  0x0000017264a97640 JavaThread "Monitor Deflation Thread" daemon [_thread_blocked, id=7984, stack(0x0000005a3e700000,0x0000005a3e800000)]
=>0x0000017264a98330 JavaThread "C2 CompilerThread0" daemon [_thread_in_native, id=11532, stack(0x0000005a3e800000,0x0000005a3e900000)]
  0x0000017264a98de0 JavaThread "C1 CompilerThread0" daemon [_thread_blocked, id=3680, stack(0x0000005a3e900000,0x0000005a3ea00000)]
  0x0000017264ac2db0 JavaThread "Sweeper thread" daemon [_thread_blocked, id=12768, stack(0x0000005a3ea00000,0x0000005a3eb00000)]
  0x000001721f1be3a0 JavaThread "Common-Cleaner" daemon [_thread_blocked, id=6092, stack(0x0000005a3eb00000,0x0000005a3ec00000)]
  0x000001721f2596f0 JavaThread "Notification Thread" daemon [_thread_blocked, id=8872, stack(0x0000005a3ec00000,0x0000005a3ed00000)]
  0x0000017220cca050 JavaThread "Daemon health stats" [_thread_blocked, id=4352, stack(0x0000005a3ee00000,0x0000005a3ef00000)]
  0x000001721fd75ce0 JavaThread "Incoming local TCP Connector on port 51156" [_thread_in_native, id=2312, stack(0x0000005a3f300000,0x0000005a3f400000)]
  0x000001721f47efe0 JavaThread "Daemon periodic checks" [_thread_blocked, id=12136, stack(0x0000005a3f400000,0x0000005a3f500000)]
  0x000001721f3a41f0 JavaThread "Daemon" [_thread_blocked, id=2120, stack(0x0000005a3f500000,0x0000005a3f600000)]
  0x000001721f74dbf0 JavaThread "Daemon worker" [_thread_blocked, id=11836, stack(0x0000005a3f800000,0x0000005a3f900000)]
  0x000001721f74d1d0 JavaThread "Handler for socket connection from /127.0.0.1:51156 to /127.0.0.1:51160" [_thread_in_native, id=856, stack(0x0000005a3f600000,0x0000005a3f700000)]
  0x000001721f74d6e0 JavaThread "Cancel handler" [_thread_blocked, id=11372, stack(0x0000005a3f700000,0x0000005a3f800000)]
  0x000001721f74e610 JavaThread "Asynchronous log dispatcher for DefaultDaemonConnection: socket connection from /127.0.0.1:51156 to /127.0.0.1:51160" [_thread_blocked, id=12548, stack(0x0000005a3f900000,0x0000005a3fa00000)]
  0x000001721f74e100 JavaThread "Stdin handler" [_thread_blocked, id=9016, stack(0x0000005a3fa00000,0x0000005a3fb00000)]
  0x000001721f74f540 JavaThread "Daemon client event forwarder" [_thread_blocked, id=6672, stack(0x0000005a3fb00000,0x0000005a3fc00000)]
  0x000001721f74c7b0 JavaThread "Cache worker for journal cache (C:\Users\Sandro\.gradle\caches\journal-1)" [_thread_blocked, id=3104, stack(0x0000005a3fc00000,0x0000005a3fd00000)]
  0x000001721f74bd90 JavaThread "File lock request listener" [_thread_in_native, id=1372, stack(0x0000005a3fd00000,0x0000005a3fe00000)]
  0x000001721f74c2a0 JavaThread "Cache worker for file hash cache (C:\Users\Sandro\.gradle\caches\8.10.2\fileHashes)" [_thread_blocked, id=2256, stack(0x0000005a3fe00000,0x0000005a3ff00000)]
  0x000001721f74eb20 JavaThread "File lock release action executor" [_thread_blocked, id=2700, stack(0x0000005a3ff00000,0x0000005a40000000)]
  0x000001721f74f030 JavaThread "Cache worker for file hash cache (C:\Users\Sandro\Documents\Estudos\projetos_react_native\gerenciadordeleads\android\.gradle\8.10.2\fileHashes)" [_thread_blocked, id=8352, stack(0x0000005a40000000,0x0000005a40100000)]
  0x000001721f74ccc0 JavaThread "Cache worker for Build Output Cleanup Cache (C:\Users\Sandro\Documents\Estudos\projetos_react_native\gerenciadordeleads\android\.gradle\buildOutputCleanup)" [_thread_blocked, id=2712, stack(0x0000005a40100000,0x0000005a40200000)]
  0x0000017221323870 JavaThread "File watcher server" daemon [_thread_in_native, id=5312, stack(0x0000005a40200000,0x0000005a40300000)]
  0x0000017221322e50 JavaThread "File watcher consumer" daemon [_thread_blocked, id=1592, stack(0x0000005a40300000,0x0000005a40400000)]
  0x0000017221323d80 JavaThread "jar transforms" [_thread_blocked, id=2248, stack(0x0000005a40400000,0x0000005a40500000)]
  0x00000172213247a0 JavaThread "jar transforms Thread 2" [_thread_blocked, id=7312, stack(0x0000005a40500000,0x0000005a40600000)]
  0x0000017221321f20 JavaThread "jar transforms Thread 3" [_thread_blocked, id=9416, stack(0x0000005a40600000,0x0000005a40700000)]
  0x0000017221324290 JavaThread "Cache worker for checksums cache (C:\Users\Sandro\Documents\Estudos\projetos_react_native\gerenciadordeleads\android\.gradle\8.10.2\checksums)" [_thread_blocked, id=4492, stack(0x0000005a40700000,0x0000005a40800000)]
  0x0000017221328460 JavaThread "Cache worker for file content cache (C:\Users\Sandro\.gradle\caches\8.10.2\fileContent)" [_thread_blocked, id=9744, stack(0x0000005a40800000,0x0000005a40900000)]
  0x0000017221321500 JavaThread "Cache worker for cache directory md-rule (C:\Users\Sandro\.gradle\caches\8.10.2\md-rule)" [_thread_blocked, id=6760, stack(0x0000005a40900000,0x0000005a40a00000)]
  0x0000017221320ff0 JavaThread "Cache worker for cache directory md-supplier (C:\Users\Sandro\.gradle\caches\8.10.2\md-supplier)" [_thread_blocked, id=5260, stack(0x0000005a40a00000,0x0000005a40b00000)]
  0x0000017221326600 JavaThread "jar transforms Thread 4" [_thread_blocked, id=1668, stack(0x0000005a40b00000,0x0000005a40c00000)]
  0x0000017221328970 JavaThread "Cache worker for Build Output Cleanup Cache (C:\Users\Sandro\Documents\Estudos\projetos_react_native\gerenciadordeleads\node_modules\@react-native\gradle-plugin\.gradle\buildOutputCleanup)" [_thread_blocked, id=12176, stack(0x0000005a40c00000,0x0000005a40d00000)]
  0x0000017221324cb0 JavaThread "Unconstrained build operations" [_thread_blocked, id=1964, stack(0x0000005a40d00000,0x0000005a40e00000)]
  0x0000017221322430 JavaThread "Unconstrained build operations Thread 2" [_thread_blocked, id=1036, stack(0x0000005a40e00000,0x0000005a40f00000)]
  0x0000017221327530 JavaThread "Unconstrained build operations Thread 3" [_thread_blocked, id=8520, stack(0x0000005a40f00000,0x0000005a41000000)]
  0x00000172213251c0 JavaThread "Unconstrained build operations Thread 4" [_thread_blocked, id=4900, stack(0x0000005a41000000,0x0000005a41100000)]
  0x0000017221325be0 JavaThread "Unconstrained build operations Thread 5" [_thread_blocked, id=2608, stack(0x0000005a41100000,0x0000005a41200000)]
  0x0000017221327020 JavaThread "Unconstrained build operations Thread 6" [_thread_blocked, id=1872, stack(0x0000005a41200000,0x0000005a41300000)]
  0x0000017221322940 JavaThread "Unconstrained build operations Thread 7" [_thread_blocked, id=6916, stack(0x0000005a41300000,0x0000005a41400000)]
  0x0000017221321a10 JavaThread "Unconstrained build operations Thread 8" [_thread_blocked, id=10100, stack(0x0000005a41400000,0x0000005a41500000)]
  0x0000017221323360 JavaThread "Unconstrained build operations Thread 9" [_thread_blocked, id=8664, stack(0x0000005a41500000,0x0000005a41600000)]
  0x00000172213260f0 JavaThread "Unconstrained build operations Thread 10" [_thread_blocked, id=5440, stack(0x0000005a41600000,0x0000005a41700000)]
  0x0000017221327a40 JavaThread "Unconstrained build operations Thread 11" [_thread_blocked, id=6120, stack(0x0000005a41700000,0x0000005a41800000)]
  0x0000017221326b10 JavaThread "Unconstrained build operations Thread 12" [_thread_blocked, id=11536, stack(0x0000005a41800000,0x0000005a41900000)]
  0x000001721f1af030 JavaThread "Unconstrained build operations Thread 13" [_thread_blocked, id=10872, stack(0x0000005a41900000,0x0000005a41a00000)]
  0x000001721f1b69b0 JavaThread "Unconstrained build operations Thread 14" [_thread_blocked, id=6644, stack(0x0000005a41a00000,0x0000005a41b00000)]
  0x000001721f1af540 JavaThread "Unconstrained build operations Thread 15" [_thread_blocked, id=12072, stack(0x0000005a41b00000,0x0000005a41c00000)]
  0x000001721f1b22d0 JavaThread "Memory manager" [_thread_blocked, id=10288, stack(0x0000005a41c00000,0x0000005a41d00000)]
  0x000001721f1b4b50 JavaThread "build event listener" [_thread_blocked, id=10512, stack(0x0000005a41d00000,0x0000005a41e00000)]
  0x000001721f1b3c20 JavaThread "ForkJoinPool.commonPool-worker-1" daemon [_thread_blocked, id=12180, stack(0x0000005a42000000,0x0000005a42100000)]
  0x000001721f1aff60 JavaThread "ForkJoinPool.commonPool-worker-2" daemon [_thread_blocked, id=3884, stack(0x0000005a42100000,0x0000005a42200000)]
  0x000001721f1b5a80 JavaThread "ForkJoinPool.commonPool-worker-3" daemon [_thread_blocked, id=3816, stack(0x0000005a42200000,0x0000005a42300000)]
  0x000001721f1b18b0 JavaThread "Exec process" [_thread_blocked, id=3044, stack(0x0000005a42300000,0x0000005a42400000)]
  0x000001721f1b5f90 JavaThread "Exec process Thread 2" [_thread_blocked, id=11116, stack(0x0000005a42400000,0x0000005a42500000)]
  0x000001721f1b0470 JavaThread "Exec process Thread 3" [_thread_blocked, id=5152, stack(0x0000005a42500000,0x0000005a42600000)]
  0x000001721f1b1dc0 JavaThread "included builds" [_thread_blocked, id=1628, stack(0x0000005a42600000,0x0000005a42700000)]
  0x000001721f1b0980 JavaThread "Execution worker" [_thread_blocked, id=8076, stack(0x0000005a42700000,0x0000005a42800000)]
  0x000001721f1b0e90 JavaThread "Execution worker Thread 2" [_thread_blocked, id=10068, stack(0x0000005a42800000,0x0000005a42900000)]
  0x000001721f1b5570 JavaThread "Execution worker Thread 3" [_thread_blocked, id=6560, stack(0x0000005a42900000,0x0000005a42a00000)]
  0x000001721f1b27e0 JavaThread "Cache worker for execution history cache (C:\Users\Sandro\Documents\Estudos\projetos_react_native\gerenciadordeleads\node_modules\@react-native\gradle-plugin\.gradle\8.10.2\executionHistory)" [_thread_blocked, id=6516, stack(0x0000005a42a00000,0x0000005a42b00000)]
  0x000001721f1b4130 JavaThread "Unconstrained build operations Thread 16" [_thread_blocked, id=10248, stack(0x0000005a42b00000,0x0000005a42c00000)]
  0x000001721f1b3200 JavaThread "Unconstrained build operations Thread 17" [_thread_blocked, id=7528, stack(0x0000005a42c00000,0x0000005a42d00000)]
  0x000001721f1b3710 JavaThread "Unconstrained build operations Thread 18" [_thread_blocked, id=5248, stack(0x0000005a42d00000,0x0000005a42e00000)]
  0x0000017221828a70 JavaThread "Unconstrained build operations Thread 19" [_thread_blocked, id=908, stack(0x0000005a42e00000,0x0000005a42f00000)]
  0x0000017221826c10 JavaThread "Unconstrained build operations Thread 20" [_thread_blocked, id=3972, stack(0x0000005a42f00000,0x0000005a43000000)]
  0x000001722182a8d0 JavaThread "Unconstrained build operations Thread 21" [_thread_blocked, id=4124, stack(0x0000005a43000000,0x0000005a43100000)]
  0x000001722182c730 JavaThread "Unconstrained build operations Thread 22" [_thread_blocked, id=9904, stack(0x0000005a43100000,0x0000005a43200000)]
  0x000001722182b2f0 JavaThread "Unconstrained build operations Thread 23" [_thread_blocked, id=6704, stack(0x0000005a43200000,0x0000005a43300000)]
  0x0000017221827b40 JavaThread "Unconstrained build operations Thread 24" [_thread_blocked, id=11424, stack(0x0000005a43300000,0x0000005a43400000)]
  0x0000017221827120 JavaThread "Unconstrained build operations Thread 25" [_thread_blocked, id=5600, stack(0x0000005a43400000,0x0000005a43500000)]
  0x0000017221828560 JavaThread "Unconstrained build operations Thread 26" [_thread_blocked, id=5156, stack(0x0000005a43500000,0x0000005a43600000)]
  0x0000017221828f80 JavaThread "Unconstrained build operations Thread 27" [_thread_blocked, id=8340, stack(0x0000005a43600000,0x0000005a43700000)]
  0x0000017221829490 JavaThread "Unconstrained build operations Thread 28" [_thread_blocked, id=5384, stack(0x0000005a43700000,0x0000005a43800000)]
  0x0000017221826700 JavaThread "Unconstrained build operations Thread 29" [_thread_blocked, id=6168, stack(0x0000005a43800000,0x0000005a43900000)]
  0x00000172218299a0 JavaThread "Unconstrained build operations Thread 30" [_thread_blocked, id=6172, stack(0x0000005a43900000,0x0000005a43a00000)]
  0x000001722182ade0 JavaThread "Unconstrained build operations Thread 31" [_thread_blocked, id=5596, stack(0x0000005a43a00000,0x0000005a43b00000)]
  0x0000017221829eb0 JavaThread "Unconstrained build operations Thread 32" [_thread_blocked, id=7988, stack(0x0000005a43b00000,0x0000005a43c00000)]
  0x000001722182a3c0 JavaThread "Unconstrained build operations Thread 33" [_thread_blocked, id=7620, stack(0x0000005a43c00000,0x0000005a43d00000)]
  0x000001722182b800 JavaThread "Unconstrained build operations Thread 34" [_thread_blocked, id=1436, stack(0x0000005a43d00000,0x0000005a43e00000)]
  0x000001722182bd10 JavaThread "Unconstrained build operations Thread 35" [_thread_blocked, id=3552, stack(0x0000005a43e00000,0x0000005a43f00000)]
  0x000001722182c220 JavaThread "Unconstrained build operations Thread 36" [_thread_blocked, id=8932, stack(0x0000005a43f00000,0x0000005a44000000)]
  0x000001722182e080 JavaThread "Unconstrained build operations Thread 37" [_thread_blocked, id=12152, stack(0x0000005a44000000,0x0000005a44100000)]
  0x000001722182d150 JavaThread "Unconstrained build operations Thread 38" [_thread_blocked, id=9220, stack(0x0000005a44100000,0x0000005a44200000)]
  0x0000017221827630 JavaThread "Unconstrained build operations Thread 39" [_thread_blocked, id=6972, stack(0x0000005a44200000,0x0000005a44300000)]
  0x000001722182db70 JavaThread "Unconstrained build operations Thread 40" [_thread_blocked, id=11172, stack(0x0000005a44300000,0x0000005a44400000)]
  0x0000017224200c70 JavaThread "WorkerExecutor Queue" [_thread_in_native, id=12976, stack(0x0000005a44400000,0x0000005a44500000)]
  0x0000017224201690 JavaThread "RMI Scheduler(0)" daemon [_thread_blocked, id=1052, stack(0x0000005a44500000,0x0000005a44600000)]
  0x0000017224201ba0 JavaThread "RMI RenewClean-[127.0.0.1:17195,org.jetbrains.kotlin.daemon.common.LoopbackNetworkInterface$ClientLoopbackSocketFactory@14c24a4e]" daemon [_thread_blocked, id=1232, stack(0x0000005a44600000,0x0000005a44700000)]
  0x0000017224201180 JavaThread "RMI GC Daemon" daemon [_thread_blocked, id=5616, stack(0x0000005a44700000,0x0000005a44800000)]
  0x00000172242020b0 JavaThread "RMI TCP Accept-0" daemon [_thread_in_native, id=12396, stack(0x0000005a44800000,0x0000005a44900000)]
  0x00000172242025c0 JavaThread "RMI Reaper" [_thread_blocked, id=8504, stack(0x0000005a44900000,0x0000005a44a00000)]

Other Threads:
  0x0000017264a79d10 VMThread "VM Thread" [stack: 0x0000005a3e100000,0x0000005a3e200000] [id=9668]
  0x000001721f259bd0 WatcherThread [stack: 0x0000005a3ed00000,0x0000005a3ee00000] [id=11412]
  0x0000017246f1b490 GCTaskThread "GC Thread#0" [stack: 0x0000005a3dc00000,0x0000005a3dd00000] [id=9936]
  0x000001721f35a090 GCTaskThread "GC Thread#1" [stack: 0x0000005a3ef00000,0x0000005a3f000000] [id=8960]
  0x000001721f370a10 GCTaskThread "GC Thread#2" [stack: 0x0000005a3f000000,0x0000005a3f100000] [id=11060]
  0x0000017220014630 GCTaskThread "GC Thread#3" [stack: 0x0000005a3f100000,0x0000005a3f200000] [id=7176]
  0x0000017246f2c3e0 ConcurrentGCThread "G1 Main Marker" [stack: 0x0000005a3dd00000,0x0000005a3de00000] [id=5484]
  0x0000017246f2e5b0 ConcurrentGCThread "G1 Conc#0" [stack: 0x0000005a3de00000,0x0000005a3df00000] [id=4824]
  0x0000017246f6d2d0 ConcurrentGCThread "G1 Refine#0" [stack: 0x0000005a3df00000,0x0000005a3e000000] [id=12084]
  0x000001721fb24ba0 ConcurrentGCThread "G1 Refine#1" [stack: 0x0000005a3f200000,0x0000005a3f300000] [id=900]
  0x0000017246f6dd00 ConcurrentGCThread "G1 Service" [stack: 0x0000005a3e000000,0x0000005a3e100000] [id=13176]

Threads with active compile tasks:
C2 CompilerThread0    57067 12299   !   4       jdk.internal.loader.BuiltinClassLoader::loadClassOrNull (143 bytes)

VM state: not at safepoint (normal execution)

VM Mutex/Monitor currently owned by a thread: None

Heap address: 0x0000000080000000, size: 2048 MB, Compressed Oops mode: 32-bit

CDS archive(s) mapped at: [0x0000017200000000-0x0000017200bb0000-0x0000017200bb0000), size 12255232, SharedBaseAddress: 0x0000017200000000, ArchiveRelocationMode: 1.
Compressed class space mapped at: 0x0000017201000000-0x000001721b000000, reserved size: 436207616
Narrow klass base: 0x0000017200000000, Narrow klass shift: 0, Narrow klass range: 0x100000000

GC Precious Log:
 CPUs: 4 total, 4 available
 Memory: 6071M
 Large Page Support: Disabled
 NUMA Support: Disabled
 Compressed Oops: Enabled (32-bit)
 Heap Region Size: 1M
 Heap Min Capacity: 8M
 Heap Initial Capacity: 96M
 Heap Max Capacity: 2G
 Pre-touch: Disabled
 Parallel Workers: 4
 Concurrent Workers: 1
 Concurrent Refinement Workers: 4
 Periodic GC: Disabled

Heap:
 garbage-first heap   total 143360K, used 104949K [0x0000000080000000, 0x0000000100000000)
  region size 1024K, 20 young (20480K), 1 survivors (1024K)
 Metaspace       used 80046K, committed 81216K, reserved 557056K
  class space    used 11288K, committed 11840K, reserved 425984K

Heap Regions: E=young(eden), S=young(survivor), O=old, HS=humongous(starts), HC=humongous(continues), CS=collection set, F=free, OA=open archive, CA=closed archive, TAMS=top-at-mark-start (previous, next)
|   0|0x0000000080000000, 0x0000000080100000, 0x0000000080100000|100%|HS|  |TAMS 0x0000000080100000, 0x0000000080000000| Complete 
|   1|0x0000000080100000, 0x0000000080200000, 0x0000000080200000|100%|HC|  |TAMS 0x0000000080200000, 0x0000000080100000| Complete 
|   2|0x0000000080200000, 0x0000000080300000, 0x0000000080300000|100%|HC|  |TAMS 0x0000000080300000, 0x0000000080200000| Complete 
|   3|0x0000000080300000, 0x0000000080400000, 0x0000000080400000|100%|HC|  |TAMS 0x0000000080400000, 0x0000000080300000| Complete 
|   4|0x0000000080400000, 0x0000000080500000, 0x0000000080500000|100%| O|  |TAMS 0x0000000080500000, 0x0000000080400000| Untracked 
|   5|0x0000000080500000, 0x0000000080600000, 0x0000000080600000|100%| O|  |TAMS 0x0000000080600000, 0x0000000080500000| Untracked 
|   6|0x0000000080600000, 0x0000000080700000, 0x0000000080700000|100%| O|  |TAMS 0x0000000080700000, 0x0000000080600000| Untracked 
|   7|0x0000000080700000, 0x0000000080800000, 0x0000000080800000|100%| O|  |TAMS 0x0000000080800000, 0x0000000080700000| Untracked 
|   8|0x0000000080800000, 0x0000000080900000, 0x0000000080900000|100%|HS|  |TAMS 0x0000000080900000, 0x0000000080800000| Complete 
|   9|0x0000000080900000, 0x0000000080a00000, 0x0000000080a00000|100%| O|  |TAMS 0x0000000080a00000, 0x0000000080900000| Untracked 
|  10|0x0000000080a00000, 0x0000000080b00000, 0x0000000080b00000|100%| O|  |TAMS 0x0000000080b00000, 0x0000000080a00000| Untracked 
|  11|0x0000000080b00000, 0x0000000080c00000, 0x0000000080c00000|100%| O|  |TAMS 0x0000000080c00000, 0x0000000080b00000| Untracked 
|  12|0x0000000080c00000, 0x0000000080d00000, 0x0000000080d00000|100%| O|  |TAMS 0x0000000080d00000, 0x0000000080c00000| Untracked 
|  13|0x0000000080d00000, 0x0000000080e00000, 0x0000000080e00000|100%| O|  |TAMS 0x0000000080e00000, 0x0000000080d00000| Untracked 
|  14|0x0000000080e00000, 0x0000000080f00000, 0x0000000080f00000|100%| O|  |TAMS 0x0000000080f00000, 0x0000000080e00000| Untracked 
|  15|0x0000000080f00000, 0x0000000081000000, 0x0000000081000000|100%| O|  |TAMS 0x0000000081000000, 0x0000000080f00000| Untracked 
|  16|0x0000000081000000, 0x0000000081100000, 0x0000000081100000|100%| O|  |TAMS 0x0000000081100000, 0x0000000081000000| Untracked 
|  17|0x0000000081100000, 0x0000000081200000, 0x0000000081200000|100%| O|  |TAMS 0x0000000081200000, 0x0000000081100000| Untracked 
|  18|0x0000000081200000, 0x0000000081300000, 0x0000000081300000|100%| O|  |TAMS 0x0000000081300000, 0x0000000081200000| Untracked 
|  19|0x0000000081300000, 0x0000000081400000, 0x0000000081400000|100%| O|  |TAMS 0x0000000081400000, 0x0000000081300000| Untracked 
|  20|0x0000000081400000, 0x0000000081400000, 0x0000000081500000|  0%| F|  |TAMS 0x0000000081400000, 0x0000000081400000| Untracked 
|  21|0x0000000081500000, 0x0000000081600000, 0x0000000081600000|100%| O|  |TAMS 0x0000000081600000, 0x0000000081500000| Untracked 
|  22|0x0000000081600000, 0x0000000081700000, 0x0000000081700000|100%| O|  |TAMS 0x0000000081700000, 0x0000000081600000| Untracked 
|  23|0x0000000081700000, 0x0000000081800000, 0x0000000081800000|100%| O|  |TAMS 0x0000000081800000, 0x0000000081700000| Untracked 
|  24|0x0000000081800000, 0x0000000081900000, 0x0000000081900000|100%| O|  |TAMS 0x0000000081900000, 0x0000000081800000| Untracked 
|  25|0x0000000081900000, 0x0000000081a00000, 0x0000000081a00000|100%| O|  |TAMS 0x0000000081a00000, 0x0000000081900000| Untracked 
|  26|0x0000000081a00000, 0x0000000081b00000, 0x0000000081b00000|100%| O|  |TAMS 0x0000000081b00000, 0x0000000081a00000| Untracked 
|  27|0x0000000081b00000, 0x0000000081c00000, 0x0000000081c00000|100%| O|  |TAMS 0x0000000081c00000, 0x0000000081b00000| Untracked 
|  28|0x0000000081c00000, 0x0000000081d00000, 0x0000000081d00000|100%| O|  |TAMS 0x0000000081d00000, 0x0000000081c00000| Untracked 
|  29|0x0000000081d00000, 0x0000000081e00000, 0x0000000081e00000|100%| O|  |TAMS 0x0000000081e00000, 0x0000000081d00000| Untracked 
|  30|0x0000000081e00000, 0x0000000081f00000, 0x0000000081f00000|100%| O|  |TAMS 0x0000000081f00000, 0x0000000081e00000| Untracked 
|  31|0x0000000081f00000, 0x0000000082000000, 0x0000000082000000|100%| O|  |TAMS 0x0000000082000000, 0x0000000081f00000| Untracked 
|  32|0x0000000082000000, 0x0000000082100000, 0x0000000082100000|100%| O|  |TAMS 0x0000000082100000, 0x0000000082000000| Untracked 
|  33|0x0000000082100000, 0x0000000082200000, 0x0000000082200000|100%| O|  |TAMS 0x0000000082200000, 0x0000000082100000| Untracked 
|  34|0x0000000082200000, 0x0000000082300000, 0x0000000082300000|100%| O|  |TAMS 0x0000000082300000, 0x0000000082200000| Untracked 
|  35|0x0000000082300000, 0x0000000082400000, 0x0000000082400000|100%| O|  |TAMS 0x0000000082400000, 0x0000000082300000| Untracked 
|  36|0x0000000082400000, 0x0000000082500000, 0x0000000082500000|100%| O|  |TAMS 0x0000000082500000, 0x0000000082400000| Untracked 
|  37|0x0000000082500000, 0x0000000082600000, 0x0000000082600000|100%| O|  |TAMS 0x0000000082600000, 0x0000000082500000| Untracked 
|  38|0x0000000082600000, 0x0000000082700000, 0x0000000082700000|100%| O|  |TAMS 0x0000000082700000, 0x0000000082600000| Untracked 
|  39|0x0000000082700000, 0x0000000082800000, 0x0000000082800000|100%| O|  |TAMS 0x0000000082800000, 0x0000000082700000| Untracked 
|  40|0x0000000082800000, 0x0000000082900000, 0x0000000082900000|100%| O|  |TAMS 0x0000000082900000, 0x0000000082800000| Untracked 
|  41|0x0000000082900000, 0x0000000082a00000, 0x0000000082a00000|100%| O|  |TAMS 0x0000000082a00000, 0x0000000082900000| Untracked 
|  42|0x0000000082a00000, 0x0000000082b00000, 0x0000000082b00000|100%| O|  |TAMS 0x0000000082b00000, 0x0000000082a00000| Untracked 
|  43|0x0000000082b00000, 0x0000000082c00000, 0x0000000082c00000|100%| O|  |TAMS 0x0000000082c00000, 0x0000000082b00000| Untracked 
|  44|0x0000000082c00000, 0x0000000082d00000, 0x0000000082d00000|100%| O|  |TAMS 0x0000000082d00000, 0x0000000082c00000| Untracked 
|  45|0x0000000082d00000, 0x0000000082e00000, 0x0000000082e00000|100%| O|  |TAMS 0x0000000082e00000, 0x0000000082d00000| Untracked 
|  46|0x0000000082e00000, 0x0000000082f00000, 0x0000000082f00000|100%|HS|  |TAMS 0x0000000082f00000, 0x0000000082e00000| Complete 
|  47|0x0000000082f00000, 0x0000000083000000, 0x0000000083000000|100%|HC|  |TAMS 0x0000000083000000, 0x0000000082f00000| Complete 
|  48|0x0000000083000000, 0x0000000083100000, 0x0000000083100000|100%|HS|  |TAMS 0x0000000083100000, 0x0000000083000000| Complete 
|  49|0x0000000083100000, 0x0000000083200000, 0x0000000083200000|100%|HC|  |TAMS 0x0000000083200000, 0x0000000083100000| Complete 
|  50|0x0000000083200000, 0x0000000083300000, 0x0000000083300000|100%|HS|  |TAMS 0x0000000083300000, 0x0000000083200000| Complete 
|  51|0x0000000083300000, 0x0000000083400000, 0x0000000083400000|100%|HC|  |TAMS 0x0000000083400000, 0x0000000083300000| Complete 
|  52|0x0000000083400000, 0x0000000083500000, 0x0000000083500000|100%|HC|  |TAMS 0x0000000083500000, 0x0000000083400000| Complete 
|  53|0x0000000083500000, 0x0000000083600000, 0x0000000083600000|100%|HC|  |TAMS 0x0000000083600000, 0x0000000083500000| Complete 
|  54|0x0000000083600000, 0x0000000083700000, 0x0000000083700000|100%|HS|  |TAMS 0x0000000083700000, 0x0000000083600000| Complete 
|  55|0x0000000083700000, 0x0000000083800000, 0x0000000083800000|100%|HC|  |TAMS 0x0000000083800000, 0x0000000083700000| Complete 
|  56|0x0000000083800000, 0x0000000083900000, 0x0000000083900000|100%|HC|  |TAMS 0x0000000083900000, 0x0000000083800000| Complete 
|  57|0x0000000083900000, 0x0000000083a00000, 0x0000000083a00000|100%|HC|  |TAMS 0x0000000083a00000, 0x0000000083900000| Complete 
|  58|0x0000000083a00000, 0x0000000083b00000, 0x0000000083b00000|100%| O|  |TAMS 0x0000000083b00000, 0x0000000083a00000| Untracked 
|  59|0x0000000083b00000, 0x0000000083c00000, 0x0000000083c00000|100%| O|  |TAMS 0x0000000083c00000, 0x0000000083b00000| Untracked 
|  60|0x0000000083c00000, 0x0000000083d00000, 0x0000000083d00000|100%| O|  |TAMS 0x0000000083d00000, 0x0000000083c00000| Untracked 
|  61|0x0000000083d00000, 0x0000000083e00000, 0x0000000083e00000|100%| O|  |TAMS 0x0000000083e00000, 0x0000000083d00000| Untracked 
|  62|0x0000000083e00000, 0x0000000083f00000, 0x0000000083f00000|100%| O|  |TAMS 0x0000000083f00000, 0x0000000083e00000| Untracked 
|  63|0x0000000083f00000, 0x0000000084000000, 0x0000000084000000|100%| O|  |TAMS 0x0000000084000000, 0x0000000083f00000| Untracked 
|  64|0x0000000084000000, 0x0000000084100000, 0x0000000084100000|100%| O|  |TAMS 0x0000000084100000, 0x0000000084000000| Untracked 
|  65|0x0000000084100000, 0x0000000084200000, 0x0000000084200000|100%| O|  |TAMS 0x0000000084200000, 0x0000000084100000| Untracked 
|  66|0x0000000084200000, 0x0000000084300000, 0x0000000084300000|100%| O|  |TAMS 0x0000000084300000, 0x0000000084200000| Untracked 
|  67|0x0000000084300000, 0x0000000084400000, 0x0000000084400000|100%| O|  |TAMS 0x0000000084400000, 0x0000000084300000| Untracked 
|  68|0x0000000084400000, 0x0000000084500000, 0x0000000084500000|100%| O|  |TAMS 0x0000000084500000, 0x0000000084400000| Untracked 
|  69|0x0000000084500000, 0x0000000084600000, 0x0000000084600000|100%| O|  |TAMS 0x0000000084600000, 0x0000000084500000| Untracked 
|  70|0x0000000084600000, 0x0000000084700000, 0x0000000084700000|100%| O|  |TAMS 0x0000000084700000, 0x0000000084600000| Untracked 
|  71|0x0000000084700000, 0x0000000084800000, 0x0000000084800000|100%| O|  |TAMS 0x0000000084800000, 0x0000000084700000| Untracked 
|  72|0x0000000084800000, 0x0000000084900000, 0x0000000084900000|100%| O|  |TAMS 0x0000000084900000, 0x0000000084800000| Untracked 
|  73|0x0000000084900000, 0x0000000084a00000, 0x0000000084a00000|100%| O|  |TAMS 0x0000000084a00000, 0x0000000084900000| Untracked 
|  74|0x0000000084a00000, 0x0000000084b00000, 0x0000000084b00000|100%| O|  |TAMS 0x0000000084a88600, 0x0000000084a00000| Untracked 
|  75|0x0000000084b00000, 0x0000000084c00000, 0x0000000084c00000|100%| O|  |TAMS 0x0000000084b00000, 0x0000000084b00000| Untracked 
|  76|0x0000000084c00000, 0x0000000084d00000, 0x0000000084d00000|100%| O|  |TAMS 0x0000000084c00000, 0x0000000084c00000| Untracked 
|  77|0x0000000084d00000, 0x0000000084e00000, 0x0000000084e00000|100%| O|  |TAMS 0x0000000084d00000, 0x0000000084d00000| Untracked 
|  78|0x0000000084e00000, 0x0000000084f00000, 0x0000000084f00000|100%| O|  |TAMS 0x0000000084e00000, 0x0000000084e00000| Untracked 
|  79|0x0000000084f00000, 0x0000000085000000, 0x0000000085000000|100%| O|  |TAMS 0x0000000084f00000, 0x0000000084f00000| Untracked 
|  80|0x0000000085000000, 0x0000000085100000, 0x0000000085100000|100%| O|  |TAMS 0x0000000085000000, 0x0000000085000000| Untracked 
|  81|0x0000000085100000, 0x0000000085200000, 0x0000000085200000|100%| O|  |TAMS 0x0000000085100000, 0x0000000085100000| Untracked 
|  82|0x0000000085200000, 0x0000000085300000, 0x0000000085300000|100%| O|  |TAMS 0x0000000085200000, 0x0000000085200000| Untracked 
|  83|0x0000000085300000, 0x0000000085400000, 0x0000000085400000|100%| O|  |TAMS 0x0000000085300000, 0x0000000085300000| Untracked 
|  84|0x0000000085400000, 0x000000008549ba00, 0x0000000085500000| 60%| O|  |TAMS 0x0000000085400000, 0x0000000085400000| Untracked 
|  85|0x0000000085500000, 0x0000000085500000, 0x0000000085600000|  0%| F|  |TAMS 0x0000000085500000, 0x0000000085500000| Untracked 
|  86|0x0000000085600000, 0x0000000085600000, 0x0000000085700000|  0%| F|  |TAMS 0x0000000085600000, 0x0000000085600000| Untracked 
|  87|0x0000000085700000, 0x0000000085700000, 0x0000000085800000|  0%| F|  |TAMS 0x0000000085700000, 0x0000000085700000| Untracked 
|  88|0x0000000085800000, 0x0000000085800000, 0x0000000085900000|  0%| F|  |TAMS 0x0000000085800000, 0x0000000085800000| Untracked 
|  89|0x0000000085900000, 0x0000000085900000, 0x0000000085a00000|  0%| F|  |TAMS 0x0000000085900000, 0x0000000085900000| Untracked 
|  90|0x0000000085a00000, 0x0000000085a00000, 0x0000000085b00000|  0%| F|  |TAMS 0x0000000085a00000, 0x0000000085a00000| Untracked 
|  91|0x0000000085b00000, 0x0000000085b00000, 0x0000000085c00000|  0%| F|  |TAMS 0x0000000085b00000, 0x0000000085b00000| Untracked 
|  92|0x0000000085c00000, 0x0000000085c00000, 0x0000000085d00000|  0%| F|  |TAMS 0x0000000085c00000, 0x0000000085c00000| Untracked 
|  93|0x0000000085d00000, 0x0000000085d00000, 0x0000000085e00000|  0%| F|  |TAMS 0x0000000085d00000, 0x0000000085d00000| Untracked 
|  94|0x0000000085e00000, 0x0000000085e00000, 0x0000000085f00000|  0%| F|  |TAMS 0x0000000085e00000, 0x0000000085e00000| Untracked 
|  95|0x0000000085f00000, 0x0000000085f00000, 0x0000000086000000|  0%| F|  |TAMS 0x0000000085f00000, 0x0000000085f00000| Untracked 
|  96|0x0000000086000000, 0x0000000086000000, 0x0000000086100000|  0%| F|  |TAMS 0x0000000086000000, 0x0000000086000000| Untracked 
|  97|0x0000000086100000, 0x0000000086100000, 0x0000000086200000|  0%| F|  |TAMS 0x0000000086100000, 0x0000000086100000| Untracked 
|  98|0x0000000086200000, 0x0000000086200000, 0x0000000086300000|  0%| F|  |TAMS 0x0000000086200000, 0x0000000086200000| Untracked 
|  99|0x0000000086300000, 0x0000000086300000, 0x0000000086400000|  0%| F|  |TAMS 0x0000000086300000, 0x0000000086300000| Untracked 
| 100|0x0000000086400000, 0x0000000086400000, 0x0000000086500000|  0%| F|  |TAMS 0x0000000086400000, 0x0000000086400000| Untracked 
| 101|0x0000000086500000, 0x0000000086500000, 0x0000000086600000|  0%| F|  |TAMS 0x0000000086500000, 0x0000000086500000| Untracked 
| 102|0x0000000086600000, 0x0000000086600000, 0x0000000086700000|  0%| F|  |TAMS 0x0000000086600000, 0x0000000086600000| Untracked 
| 103|0x0000000086700000, 0x0000000086700000, 0x0000000086800000|  0%| F|  |TAMS 0x0000000086700000, 0x0000000086700000| Untracked 
| 104|0x0000000086800000, 0x0000000086800000, 0x0000000086900000|  0%| F|  |TAMS 0x0000000086800000, 0x0000000086800000| Untracked 
| 105|0x0000000086900000, 0x0000000086900000, 0x0000000086a00000|  0%| F|  |TAMS 0x0000000086900000, 0x0000000086900000| Untracked 
| 106|0x0000000086a00000, 0x0000000086a00000, 0x0000000086b00000|  0%| F|  |TAMS 0x0000000086a00000, 0x0000000086a00000| Untracked 
| 107|0x0000000086b00000, 0x0000000086b00000, 0x0000000086c00000|  0%| F|  |TAMS 0x0000000086b00000, 0x0000000086b00000| Untracked 
| 108|0x0000000086c00000, 0x0000000086c00000, 0x0000000086d00000|  0%| F|  |TAMS 0x0000000086c00000, 0x0000000086c00000| Untracked 
| 109|0x0000000086d00000, 0x0000000086d00000, 0x0000000086e00000|  0%| F|  |TAMS 0x0000000086d00000, 0x0000000086d00000| Untracked 
| 110|0x0000000086e00000, 0x0000000086e00000, 0x0000000086f00000|  0%| F|  |TAMS 0x0000000086e00000, 0x0000000086e00000| Untracked 
| 111|0x0000000086f00000, 0x0000000086f00000, 0x0000000087000000|  0%| F|  |TAMS 0x0000000086f00000, 0x0000000086f00000| Untracked 
| 112|0x0000000087000000, 0x0000000087000000, 0x0000000087100000|  0%| F|  |TAMS 0x0000000087000000, 0x0000000087000000| Untracked 
| 113|0x0000000087100000, 0x0000000087100000, 0x0000000087200000|  0%| F|  |TAMS 0x0000000087100000, 0x0000000087100000| Untracked 
| 114|0x0000000087200000, 0x0000000087200000, 0x0000000087300000|  0%| F|  |TAMS 0x0000000087200000, 0x0000000087200000| Untracked 
| 115|0x0000000087300000, 0x0000000087300000, 0x0000000087400000|  0%| F|  |TAMS 0x0000000087300000, 0x0000000087300000| Untracked 
| 116|0x0000000087400000, 0x0000000087400000, 0x0000000087500000|  0%| F|  |TAMS 0x0000000087400000, 0x0000000087400000| Untracked 
| 117|0x0000000087500000, 0x0000000087500000, 0x0000000087600000|  0%| F|  |TAMS 0x0000000087500000, 0x0000000087500000| Untracked 
| 118|0x0000000087600000, 0x0000000087600000, 0x0000000087700000|  0%| F|  |TAMS 0x0000000087600000, 0x0000000087600000| Untracked 
| 119|0x0000000087700000, 0x0000000087700000, 0x0000000087800000|  0%| F|  |TAMS 0x0000000087700000, 0x0000000087700000| Untracked 
| 120|0x0000000087800000, 0x00000000878e2ca8, 0x0000000087900000| 88%| E|  |TAMS 0x0000000087800000, 0x0000000087800000| Complete 
| 121|0x0000000087900000, 0x0000000087a00000, 0x0000000087a00000|100%| E|CS|TAMS 0x0000000087900000, 0x0000000087900000| Complete 
| 122|0x0000000087a00000, 0x0000000087b00000, 0x0000000087b00000|100%| E|CS|TAMS 0x0000000087a00000, 0x0000000087a00000| Complete 
| 123|0x0000000087b00000, 0x0000000087c00000, 0x0000000087c00000|100%| E|CS|TAMS 0x0000000087b00000, 0x0000000087b00000| Complete 
| 124|0x0000000087c00000, 0x0000000087d00000, 0x0000000087d00000|100%| E|CS|TAMS 0x0000000087c00000, 0x0000000087c00000| Complete 
| 125|0x0000000087d00000, 0x0000000087e00000, 0x0000000087e00000|100%| E|CS|TAMS 0x0000000087d00000, 0x0000000087d00000| Complete 
| 126|0x0000000087e00000, 0x0000000087f00000, 0x0000000087f00000|100%| E|CS|TAMS 0x0000000087e00000, 0x0000000087e00000| Complete 
| 127|0x0000000087f00000, 0x0000000088000000, 0x0000000088000000|100%| E|CS|TAMS 0x0000000087f00000, 0x0000000087f00000| Complete 
| 128|0x0000000088000000, 0x0000000088100000, 0x0000000088100000|100%| E|CS|TAMS 0x0000000088000000, 0x0000000088000000| Complete 
| 129|0x0000000088100000, 0x0000000088200000, 0x0000000088200000|100%| E|CS|TAMS 0x0000000088100000, 0x0000000088100000| Complete 
| 130|0x0000000088200000, 0x0000000088300000, 0x0000000088300000|100%| E|CS|TAMS 0x0000000088200000, 0x0000000088200000| Complete 
| 131|0x0000000088300000, 0x0000000088400000, 0x0000000088400000|100%| E|CS|TAMS 0x0000000088300000, 0x0000000088300000| Complete 
| 132|0x0000000088400000, 0x0000000088500000, 0x0000000088500000|100%| E|CS|TAMS 0x0000000088400000, 0x0000000088400000| Complete 
| 133|0x0000000088500000, 0x0000000088600000, 0x0000000088600000|100%| E|CS|TAMS 0x0000000088500000, 0x0000000088500000| Complete 
| 134|0x0000000088600000, 0x0000000088700000, 0x0000000088700000|100%| E|CS|TAMS 0x0000000088600000, 0x0000000088600000| Complete 
| 135|0x0000000088700000, 0x0000000088800000, 0x0000000088800000|100%| E|CS|TAMS 0x0000000088700000, 0x0000000088700000| Complete 
| 136|0x0000000088800000, 0x00000000888e1a78, 0x0000000088900000| 88%| S|CS|TAMS 0x0000000088800000, 0x0000000088800000| Complete 
| 137|0x0000000088900000, 0x0000000088a00000, 0x0000000088a00000|100%| E|CS|TAMS 0x0000000088900000, 0x0000000088900000| Complete 
| 138|0x0000000088a00000, 0x0000000088b00000, 0x0000000088b00000|100%| E|CS|TAMS 0x0000000088a00000, 0x0000000088a00000| Complete 
| 139|0x0000000088b00000, 0x0000000088c00000, 0x0000000088c00000|100%| E|CS|TAMS 0x0000000088b00000, 0x0000000088b00000| Complete 

Card table byte_map: [0x000001725dde0000,0x000001725e1e0000] _byte_map_base: 0x000001725d9e0000

Marking Bits (Prev, Next): (CMBitMap*) 0x0000017246f1baf0, (CMBitMap*) 0x0000017246f1bab0
 Prev Bits: [0x00000172605e0000, 0x00000172625e0000)
 Next Bits: [0x000001725e5e0000, 0x00000172605e0000)

Polling page: 0x0000017244ce0000

Metaspace:

Usage:
  Non-class:     67.15 MB used.
      Class:     11.03 MB used.
       Both:     78.18 MB used.

Virtual space:
  Non-class space:      128.00 MB reserved,      67.75 MB ( 53%) committed,  2 nodes.
      Class space:      416.00 MB reserved,      11.56 MB (  3%) committed,  1 nodes.
             Both:      544.00 MB reserved,      79.31 MB ( 15%) committed. 

Chunk freelists:
   Non-Class:  12.16 MB
       Class:  4.38 MB
        Both:  16.55 MB

MaxMetaspaceSize: 512.00 MB
CompressedClassSpaceSize: 416.00 MB
Initial GC threshold: 21.00 MB
Current GC threshold: 125.25 MB
CDS: on
MetaspaceReclaimPolicy: balanced
 - commit_granule_bytes: 65536.
 - commit_granule_words: 8192.
 - virtual_space_node_default_size: 8388608.
 - enlarge_chunks_in_place: 1.
 - new_chunks_are_fully_committed: 0.
 - uncommit_free_chunks: 1.
 - use_allocation_guard: 0.
 - handle_deallocations: 1.


Internal statistics:

num_allocs_failed_limit: 9.
num_arena_births: 1476.
num_arena_deaths: 0.
num_vsnodes_births: 3.
num_vsnodes_deaths: 0.
num_space_committed: 1269.
num_space_uncommitted: 0.
num_chunks_returned_to_freelist: 9.
num_chunks_taken_from_freelist: 5125.
num_chunk_merges: 6.
num_chunk_splits: 3166.
num_chunks_enlarged: 1863.
num_inconsistent_stats: 0.

CodeHeap 'non-profiled nmethods': size=120000Kb used=5385Kb max_used=5650Kb free=114614Kb
 bounds [0x00000172564b0000, 0x0000017256a40000, 0x000001725d9e0000]
CodeHeap 'profiled nmethods': size=120000Kb used=19881Kb max_used=20005Kb free=100118Kb
 bounds [0x000001724e9e0000, 0x000001724fda0000, 0x0000017255f10000]
CodeHeap 'non-nmethods': size=5760Kb used=2411Kb max_used=2432Kb free=3348Kb
 bounds [0x0000017255f10000, 0x0000017256180000, 0x00000172564b0000]
 total_blobs=11356 nmethods=10409 adapters=859
 compilation: enabled
              stopped_count=0, restarted_count=0
 full_count=0

Compilation events (20 events):
Event: 56.773 Thread 0x0000017264a98de0 nmethod 12301 0x000001724f413190 code [0x000001724f4133c0, 0x000001724f413a48]
Event: 56.773 Thread 0x0000017264a98de0 12302       3       java.io.ObjectStreamClass$5::compare (13 bytes)
Event: 56.774 Thread 0x0000017264a98de0 nmethod 12302 0x000001724f412790 code [0x000001724f412960, 0x000001724f412d98]
Event: 56.774 Thread 0x0000017264a98de0 12303       3       java.io.ObjectStreamClass$5::compare (30 bytes)
Event: 56.774 Thread 0x0000017264a98de0 nmethod 12303 0x000001724f6c7710 code [0x000001724f6c78c0, 0x000001724f6c7a98]
Event: 56.788 Thread 0x0000017264a98de0 12304       3       java.io.ObjectStreamClass::getLocalDesc (9 bytes)
Event: 56.788 Thread 0x0000017264a98de0 nmethod 12304 0x000001724f6c7190 code [0x000001724f6c7340, 0x000001724f6c75c8]
Event: 56.814 Thread 0x0000017264a98de0 12305       3       java.lang.Class::getSimpleName0 (62 bytes)
Event: 56.817 Thread 0x0000017264a98de0 nmethod 12305 0x000001724f51bf10 code [0x000001724f51c280, 0x000001724f51d3b8]
Event: 56.817 Thread 0x0000017264a98de0 12306       3       kotlin.reflect.jvm.internal.impl.name.FqNameUnsafe::child (65 bytes)
Event: 56.824 Thread 0x0000017264a98de0 nmethod 12306 0x000001724f2eae90 code [0x000001724f2eb140, 0x000001724f2ebdb8]
Event: 56.850 Thread 0x0000017264a98de0 12307       3       java.security.Provider$ServiceKey::equals (53 bytes)
Event: 56.858 Thread 0x0000017264a98de0 nmethod 12307 0x000001724f6c6990 code [0x000001724f6c6b60, 0x000001724f6c7038]
Event: 56.859 Thread 0x0000017264a98de0 12310       3       java.util.IdentityHashMap::init (11 bytes)
Event: 56.859 Thread 0x0000017264a98de0 nmethod 12310 0x000001724f2eaa10 code [0x000001724f2eaba0, 0x000001724f2ead98]
Event: 56.859 Thread 0x0000017264a98de0 12308       3       sun.security.provider.SHA2::resetHashes (19 bytes)
Event: 56.860 Thread 0x0000017264a98de0 nmethod 12308 0x000001724ee42e90 code [0x000001724ee43040, 0x000001724ee431e8]
Event: 56.875 Thread 0x0000017264a98de0 12311       3       sun.security.provider.SHA2::implDigest (98 bytes)
Event: 56.937 Thread 0x0000017264a98de0 nmethod 12311 0x000001724f99f710 code [0x000001724f99fa60, 0x000001724f9a0f08]
Event: 56.950 Thread 0x0000017264a98de0 12312       1       java.lang.reflect.ProxyGenerator::getClassLoader (5 bytes)

GC Heap History (20 events):
Event: 37.293 GC heap before
{Heap before GC invocations=29 (full 0):
 garbage-first heap   total 119808K, used 89779K [0x0000000080000000, 0x0000000100000000)
  region size 1024K, 29 young (29696K), 4 survivors (4096K)
 Metaspace       used 65793K, committed 66496K, reserved 491520K
  class space    used 9285K, committed 9600K, reserved 425984K
}
Event: 37.299 GC heap after
{Heap after GC invocations=30 (full 0):
 garbage-first heap   total 119808K, used 65972K [0x0000000080000000, 0x0000000100000000)
  region size 1024K, 3 young (3072K), 3 survivors (3072K)
 Metaspace       used 65793K, committed 66496K, reserved 491520K
  class space    used 9285K, committed 9600K, reserved 425984K
}
Event: 39.130 GC heap before
{Heap before GC invocations=30 (full 0):
 garbage-first heap   total 119808K, used 94644K [0x0000000080000000, 0x0000000100000000)
  region size 1024K, 32 young (32768K), 3 survivors (3072K)
 Metaspace       used 67250K, committed 67968K, reserved 491520K
  class space    used 9490K, committed 9856K, reserved 425984K
}
Event: 39.139 GC heap after
{Heap after GC invocations=31 (full 0):
 garbage-first heap   total 119808K, used 67529K [0x0000000080000000, 0x0000000100000000)
  region size 1024K, 3 young (3072K), 3 survivors (3072K)
 Metaspace       used 67250K, committed 67968K, reserved 491520K
  class space    used 9490K, committed 9856K, reserved 425984K
}
Event: 42.015 GC heap before
{Heap before GC invocations=32 (full 0):
 garbage-first heap   total 122880K, used 96201K [0x0000000080000000, 0x0000000100000000)
  region size 1024K, 31 young (31744K), 3 survivors (3072K)
 Metaspace       used 67924K, committed 68736K, reserved 491520K
  class space    used 9563K, committed 9984K, reserved 425984K
}
Event: 42.024 GC heap after
{Heap after GC invocations=33 (full 0):
 garbage-first heap   total 122880K, used 69417K [0x0000000080000000, 0x0000000100000000)
  region size 1024K, 4 young (4096K), 4 survivors (4096K)
 Metaspace       used 67924K, committed 68736K, reserved 491520K
  class space    used 9563K, committed 9984K, reserved 425984K
}
Event: 42.823 GC heap before
{Heap before GC invocations=33 (full 0):
 garbage-first heap   total 122880K, used 100137K [0x0000000080000000, 0x0000000100000000)
  region size 1024K, 34 young (34816K), 4 survivors (4096K)
 Metaspace       used 70366K, committed 71232K, reserved 491520K
  class space    used 9900K, committed 10304K, reserved 425984K
}
Event: 42.835 GC heap after
{Heap after GC invocations=34 (full 0):
 garbage-first heap   total 122880K, used 71196K [0x0000000080000000, 0x0000000100000000)
  region size 1024K, 4 young (4096K), 4 survivors (4096K)
 Metaspace       used 70366K, committed 71232K, reserved 491520K
  class space    used 9900K, committed 10304K, reserved 425984K
}
Event: 45.191 GC heap before
{Heap before GC invocations=35 (full 0):
 garbage-first heap   total 128000K, used 98844K [0x0000000080000000, 0x0000000100000000)
  region size 1024K, 32 young (32768K), 4 survivors (4096K)
 Metaspace       used 72596K, committed 73536K, reserved 491520K
  class space    used 10317K, committed 10752K, reserved 425984K
}
Event: 45.204 GC heap after
{Heap after GC invocations=36 (full 0):
 garbage-first heap   total 128000K, used 73294K [0x0000000080000000, 0x0000000100000000)
  region size 1024K, 4 young (4096K), 4 survivors (4096K)
 Metaspace       used 72596K, committed 73536K, reserved 491520K
  class space    used 10317K, committed 10752K, reserved 425984K
}
Event: 46.911 GC heap before
{Heap before GC invocations=36 (full 0):
 garbage-first heap   total 128000K, used 104014K [0x0000000080000000, 0x0000000100000000)
  region size 1024K, 35 young (35840K), 4 survivors (4096K)
 Metaspace       used 73565K, committed 74496K, reserved 491520K
  class space    used 10449K, committed 10880K, reserved 425984K
}
Event: 46.925 GC heap after
{Heap after GC invocations=37 (full 0):
 garbage-first heap   total 128000K, used 76099K [0x0000000080000000, 0x0000000100000000)
  region size 1024K, 5 young (5120K), 5 survivors (5120K)
 Metaspace       used 73565K, committed 74496K, reserved 491520K
  class space    used 10449K, committed 10880K, reserved 425984K
}
Event: 50.422 GC heap before
{Heap before GC invocations=38 (full 0):
 garbage-first heap   total 140288K, used 104771K [0x0000000080000000, 0x0000000100000000)
  region size 1024K, 33 young (33792K), 5 survivors (5120K)
 Metaspace       used 74571K, committed 75584K, reserved 491520K
  class space    used 10597K, committed 11072K, reserved 425984K
}
Event: 50.434 GC heap after
{Heap after GC invocations=39 (full 0):
 garbage-first heap   total 140288K, used 78640K [0x0000000080000000, 0x0000000100000000)
  region size 1024K, 3 young (3072K), 3 survivors (3072K)
 Metaspace       used 74571K, committed 75584K, reserved 491520K
  class space    used 10597K, committed 11072K, reserved 425984K
}
Event: 52.599 GC heap before
{Heap before GC invocations=39 (full 0):
 garbage-first heap   total 140288K, used 114480K [0x0000000080000000, 0x0000000100000000)
  region size 1024K, 38 young (38912K), 3 survivors (3072K)
 Metaspace       used 75743K, committed 76864K, reserved 557056K
  class space    used 10746K, committed 11264K, reserved 425984K
}
Event: 52.610 GC heap after
{Heap after GC invocations=40 (full 0):
 garbage-first heap   total 140288K, used 82057K [0x0000000080000000, 0x0000000100000000)
  region size 1024K, 5 young (5120K), 5 survivors (5120K)
 Metaspace       used 75743K, committed 76864K, reserved 557056K
  class space    used 10746K, committed 11264K, reserved 425984K
}
Event: 54.107 GC heap before
{Heap before GC invocations=41 (full 0):
 garbage-first heap   total 143360K, used 113801K [0x0000000080000000, 0x0000000100000000)
  region size 1024K, 37 young (37888K), 5 survivors (5120K)
 Metaspace       used 77673K, committed 78720K, reserved 557056K
  class space    used 10947K, committed 11456K, reserved 425984K
}
Event: 54.124 GC heap after
{Heap after GC invocations=42 (full 0):
 garbage-first heap   total 143360K, used 85875K [0x0000000080000000, 0x0000000100000000)
  region size 1024K, 4 young (4096K), 4 survivors (4096K)
 Metaspace       used 77673K, committed 78720K, reserved 557056K
  class space    used 10947K, committed 11456K, reserved 425984K
}
Event: 54.208 GC heap before
{Heap before GC invocations=42 (full 0):
 garbage-first heap   total 143360K, used 87923K [0x0000000080000000, 0x0000000100000000)
  region size 1024K, 7 young (7168K), 4 survivors (4096K)
 Metaspace       used 77912K, committed 78976K, reserved 557056K
  class space    used 10971K, committed 11456K, reserved 425984K
}
Event: 54.217 GC heap after
{Heap after GC invocations=43 (full 0):
 garbage-first heap   total 143360K, used 86517K [0x0000000080000000, 0x0000000100000000)
  region size 1024K, 1 young (1024K), 1 survivors (1024K)
 Metaspace       used 77912K, committed 78976K, reserved 557056K
  class space    used 10971K, committed 11456K, reserved 425984K
}

Dll operation events (17 events):
Event: 0.681 Loaded shared library C:\Users\Sandro\AppData\Local\Programs\Eclipse Adoptium\jdk-17.0.11.9-hotspot\bin\java.dll
Event: 0.728 Loaded shared library C:\Users\Sandro\AppData\Local\Programs\Eclipse Adoptium\jdk-17.0.11.9-hotspot\bin\jsvml.dll
Event: 1.949 Loaded shared library C:\Users\Sandro\AppData\Local\Programs\Eclipse Adoptium\jdk-17.0.11.9-hotspot\bin\zip.dll
Event: 2.513 Loaded shared library C:\Users\Sandro\AppData\Local\Programs\Eclipse Adoptium\jdk-17.0.11.9-hotspot\bin\instrument.dll
Event: 2.871 Loaded shared library C:\Users\Sandro\AppData\Local\Programs\Eclipse Adoptium\jdk-17.0.11.9-hotspot\bin\net.dll
Event: 3.446 Loaded shared library C:\Users\Sandro\AppData\Local\Programs\Eclipse Adoptium\jdk-17.0.11.9-hotspot\bin\nio.dll
Event: 3.518 Loaded shared library C:\Users\Sandro\AppData\Local\Programs\Eclipse Adoptium\jdk-17.0.11.9-hotspot\bin\zip.dll
Event: 4.477 Loaded shared library C:\Users\Sandro\AppData\Local\Programs\Eclipse Adoptium\jdk-17.0.11.9-hotspot\bin\jimage.dll
Event: 4.848 Loaded shared library C:\Users\Sandro\AppData\Local\Programs\Eclipse Adoptium\jdk-17.0.11.9-hotspot\bin\verify.dll
Event: 5.234 Loaded shared library C:\Users\Sandro\.gradle\native\c067742578af261105cb4f569cf0c3c89f3d7b1fecec35dd04571415982c5e48\windows-amd64\native-platform.dll
Event: 5.250 Loaded shared library C:\Users\Sandro\.gradle\native\100fb08df4bc3b14c8652ba06237920a3bd2aa13389f12d3474272988ae205f9\windows-amd64\native-platform-file-events.dll
Event: 7.994 Loaded shared library C:\Users\Sandro\AppData\Local\Programs\Eclipse Adoptium\jdk-17.0.11.9-hotspot\bin\management.dll
Event: 8.005 Loaded shared library C:\Users\Sandro\AppData\Local\Programs\Eclipse Adoptium\jdk-17.0.11.9-hotspot\bin\management_ext.dll
Event: 8.815 Loaded shared library C:\Users\Sandro\AppData\Local\Programs\Eclipse Adoptium\jdk-17.0.11.9-hotspot\bin\extnet.dll
Event: 9.199 Loaded shared library C:\Users\Sandro\AppData\Local\Programs\Eclipse Adoptium\jdk-17.0.11.9-hotspot\bin\sunmscapi.dll
Event: 55.229 Loaded shared library C:\Users\Sandro\AppData\Local\Temp\native-platform5275060417963562705dir\native-platform.dll
Event: 56.717 Loaded shared library C:\Users\Sandro\AppData\Local\Programs\Eclipse Adoptium\jdk-17.0.11.9-hotspot\bin\rmi.dll

Deoptimization events (20 events):
Event: 56.703 Thread 0x0000017224200c70 Uncommon trap: trap_request=0xffffff6e fr.pc=0x00000172568815a8 relative=0x0000000000000188
Event: 56.703 Thread 0x0000017224200c70 Uncommon trap: reason=loop_limit_check action=maybe_recompile pc=0x00000172568815a8 method=java.lang.StringLatin1.lastIndexOf([BII)I @ 19 c2
Event: 56.703 Thread 0x0000017224200c70 DEOPT PACKING pc=0x00000172568815a8 sp=0x0000005a444fc6d0
Event: 56.704 Thread 0x0000017224200c70 DEOPT UNPACKING pc=0x0000017255f669a3 sp=0x0000005a444fc5f8 mode 2
Event: 56.708 Thread 0x0000017224200c70 Uncommon trap: trap_request=0xffffffde fr.pc=0x00000172566fcfc0 relative=0x0000000000000380
Event: 56.708 Thread 0x0000017224200c70 Uncommon trap: reason=class_check action=maybe_recompile pc=0x00000172566fcfc0 method=java.lang.StringConcatHelper.stringOf(Ljava/lang/Object;)Ljava/lang/String; @ 5 c2
Event: 56.708 Thread 0x0000017224200c70 DEOPT PACKING pc=0x00000172566fcfc0 sp=0x0000005a444fd0f0
Event: 56.708 Thread 0x0000017224200c70 DEOPT UNPACKING pc=0x0000017255f669a3 sp=0x0000005a444fd030 mode 2
Event: 56.708 Thread 0x0000017224200c70 Uncommon trap: trap_request=0xffffffde fr.pc=0x00000172566fcfc0 relative=0x0000000000000380
Event: 56.708 Thread 0x0000017224200c70 Uncommon trap: reason=class_check action=maybe_recompile pc=0x00000172566fcfc0 method=java.lang.StringConcatHelper.stringOf(Ljava/lang/Object;)Ljava/lang/String; @ 5 c2
Event: 56.708 Thread 0x0000017224200c70 DEOPT PACKING pc=0x00000172566fcfc0 sp=0x0000005a444fce50
Event: 56.708 Thread 0x0000017224200c70 DEOPT UNPACKING pc=0x0000017255f669a3 sp=0x0000005a444fcd90 mode 2
Event: 56.721 Thread 0x0000017224200c70 Uncommon trap: trap_request=0xffffffc6 fr.pc=0x00000172564fc3ec relative=0x000000000000078c
Event: 56.721 Thread 0x0000017224200c70 Uncommon trap: reason=bimorphic_or_optimized_type_check action=maybe_recompile pc=0x00000172564fc3ec method=java.io.ObjectOutputStream$BlockDataOutputStream.drain()V @ 36 c2
Event: 56.721 Thread 0x0000017224200c70 DEOPT PACKING pc=0x00000172564fc3ec sp=0x0000005a444fccd0
Event: 56.721 Thread 0x0000017224200c70 DEOPT UNPACKING pc=0x0000017255f669a3 sp=0x0000005a444fccb0 mode 2
Event: 56.723 Thread 0x0000017224200c70 Uncommon trap: trap_request=0xffffffc6 fr.pc=0x0000017256871a1c relative=0x0000000000000e9c
Event: 56.723 Thread 0x0000017224200c70 Uncommon trap: reason=bimorphic_or_optimized_type_check action=maybe_recompile pc=0x0000017256871a1c method=java.io.ObjectOutputStream$BlockDataOutputStream.drain()V @ 36 c2
Event: 56.723 Thread 0x0000017224200c70 DEOPT PACKING pc=0x0000017256871a1c sp=0x0000005a444fcc20
Event: 56.723 Thread 0x0000017224200c70 DEOPT UNPACKING pc=0x0000017255f669a3 sp=0x0000005a444fcb98 mode 2

Classes unloaded (0 events):
No events

Classes redefined (0 events):
No events

Internal exceptions (20 events):
Event: 54.625 Thread 0x0000017224200c70 Exception <a 'java/net/SocketException'{0x0000000087e63bc0}: Socket is not connected: shutdown> (0x0000000087e63bc0) 
thrown [s\src\hotspot\share\prims\jni.cpp, line 535]
Event: 54.639 Thread 0x0000017224200c70 Exception <a 'java/net/ConnectException'{0x0000000087e64940}: Connection refused: connect> (0x0000000087e64940) 
thrown [s\src\hotspot\share\prims\jni.cpp, line 535]
Event: 54.640 Thread 0x0000017224200c70 Exception <a 'java/net/SocketException'{0x0000000087e651c8}: Socket is not connected: shutdown> (0x0000000087e651c8) 
thrown [s\src\hotspot\share\prims\jni.cpp, line 535]
Event: 54.641 Thread 0x0000017224200c70 Exception <a 'java/net/ConnectException'{0x0000000087e676b0}: Connection refused: connect> (0x0000000087e676b0) 
thrown [s\src\hotspot\share\prims\jni.cpp, line 535]
Event: 54.641 Thread 0x0000017224200c70 Exception <a 'java/net/SocketException'{0x0000000087e67f38}: Socket is not connected: shutdown> (0x0000000087e67f38) 
thrown [s\src\hotspot\share\prims\jni.cpp, line 535]
Event: 54.655 Thread 0x0000017224200c70 Exception <a 'java/net/ConnectException'{0x0000000087e68cb8}: Connection refused: connect> (0x0000000087e68cb8) 
thrown [s\src\hotspot\share\prims\jni.cpp, line 535]
Event: 54.655 Thread 0x0000017224200c70 Exception <a 'java/net/SocketException'{0x0000000087e69540}: Socket is not connected: shutdown> (0x0000000087e69540) 
thrown [s\src\hotspot\share\prims\jni.cpp, line 535]
Event: 54.669 Thread 0x0000017224200c70 Exception <a 'java/net/ConnectException'{0x0000000087e6a2c0}: Connection refused: connect> (0x0000000087e6a2c0) 
thrown [s\src\hotspot\share\prims\jni.cpp, line 535]
Event: 54.670 Thread 0x0000017224200c70 Exception <a 'java/net/SocketException'{0x0000000087e6ab48}: Socket is not connected: shutdown> (0x0000000087e6ab48) 
thrown [s\src\hotspot\share\prims\jni.cpp, line 535]
Event: 56.698 Thread 0x0000017224200c70 Exception <a 'java/lang/NoSuchMethodError'{0x0000000087baed48}: static Lorg/jetbrains/kotlin/daemon/common/LoopbackNetworkInterface$AbstractClientLoopbackSocketFactory;.<clinit>()V> (0x0000000087baed48) 
thrown [s\src\hotspot\share\prims\jni.cpp, line 1112]
Event: 56.699 Thread 0x0000017224200c70 Exception <a 'java/lang/NoSuchMethodError'{0x0000000087bbaaf0}: static Lorg/jetbrains/kotlin/daemon/common/LoopbackNetworkInterface$ClientLoopbackSocketFactory;.<clinit>()V> (0x0000000087bbaaf0) 
thrown [s\src\hotspot\share\prims\jni.cpp, line 1112]
Event: 56.722 Thread 0x0000017224200c70 Exception <a 'java/lang/NoSuchMethodError'{0x0000000087a2bcc8}: static [Ljava/rmi/server/ObjID;.<clinit>()V> (0x0000000087a2bcc8) 
thrown [s\src\hotspot\share\prims\jni.cpp, line 1112]
Event: 56.725 Thread 0x0000017224200c70 Exception <a 'java/lang/NoSuchMethodError'{0x0000000087a4fd08}: static [B.<clinit>()V> (0x0000000087a4fd08) 
thrown [s\src\hotspot\share\prims\jni.cpp, line 1112]
Event: 56.739 Thread 0x0000017224201ba0 Exception <a 'java/lang/InterruptedException'{0x0000000087a60b78}> (0x0000000087a60b78) 
thrown [s\src\hotspot\share\runtime\objectMonitor.cpp, line 1658]
Event: 56.739 Thread 0x0000017224201ba0 Exception <a 'java/lang/NoSuchMethodError'{0x0000000087a61fd8}: 'java.lang.Object java.lang.invoke.DirectMethodHandle$Holder.invokeSpecial(java.lang.Object, java.lang.Object, int, java.lang.Object, long)'> (0x0000000087a61fd8) 
thrown [s\src\hotspot\share\interpreter\linkResolver.cpp, line 759]
Event: 56.740 Thread 0x0000017224201ba0 Exception <a 'java/lang/NoSuchMethodError'{0x0000000087a69560}: 'java.lang.Object java.lang.invoke.DirectMethodHandle$Holder.newInvokeSpecial(java.lang.Object, java.lang.Object, int, java.lang.Object, long)'> (0x0000000087a69560) 
thrown [s\src\hotspot\share\interpreter\linkResolver.cpp, line 759]
Event: 56.770 Thread 0x0000017224200c70 Exception <a 'java/lang/NoSuchMethodError'{0x0000000087aaedd8}: static Lorg/jetbrains/kotlin/daemon/common/CompileService$CallResult;.<clinit>()V> (0x0000000087aaedd8) 
thrown [s\src\hotspot\share\prims\jni.cpp, line 1112]
Event: 56.771 Thread 0x0000017224200c70 Exception <a 'java/lang/NoSuchMethodError'{0x0000000087abae38}: static Lorg/jetbrains/kotlin/daemon/common/CompileService$CallResult$Good;.<clinit>()V> (0x0000000087abae38) 
thrown [s\src\hotspot\share\prims\jni.cpp, line 1112]
Event: 56.772 Thread 0x0000017224200c70 Exception <a 'java/lang/NoSuchMethodError'{0x0000000087ac8620}: static Lorg/jetbrains/kotlin/daemon/common/DaemonJVMOptions;.<clinit>()V> (0x0000000087ac8620) 
thrown [s\src\hotspot\share\prims\jni.cpp, line 1112]
Event: 56.781 Thread 0x0000017224200c70 Exception <a 'java/lang/NoSuchMethodError'{0x0000000087ae3fc8}: static Lorg/jetbrains/kotlin/daemon/common/CompileService$CallResult$Ok;.<clinit>()V> (0x0000000087ae3fc8) 
thrown [s\src\hotspot\share\prims\jni.cpp, line 1112]

VM Operations (20 events):
Event: 52.973 Executing VM operation: HandshakeAllThreads
Event: 52.973 Executing VM operation: HandshakeAllThreads done
Event: 53.009 Executing VM operation: HandshakeAllThreads
Event: 53.009 Executing VM operation: HandshakeAllThreads done
Event: 53.167 Executing VM operation: ICBufferFull
Event: 53.167 Executing VM operation: ICBufferFull done
Event: 53.987 Executing VM operation: ICBufferFull
Event: 53.988 Executing VM operation: ICBufferFull done
Event: 54.107 Executing VM operation: G1CollectForAllocation
Event: 54.124 Executing VM operation: G1CollectForAllocation done
Event: 54.207 Executing VM operation: G1CollectForAllocation
Event: 54.218 Executing VM operation: G1CollectForAllocation done
Event: 55.220 Executing VM operation: Cleanup
Event: 55.220 Executing VM operation: Cleanup done
Event: 56.605 Executing VM operation: HandshakeAllThreads
Event: 56.606 Executing VM operation: HandshakeAllThreads done
Event: 56.606 Executing VM operation: Cleanup
Event: 56.606 Executing VM operation: Cleanup done
Event: 56.750 Executing VM operation: HandshakeAllThreads
Event: 56.750 Executing VM operation: HandshakeAllThreads done

Events (20 events):
Event: 56.748 loading class sun/rmi/server/WeakClassHashMap$ValueCell
Event: 56.748 loading class sun/rmi/server/WeakClassHashMap$ValueCell done
Event: 56.748 loading class java/rmi/server/RemoteObjectInvocationHandler$MethodToHash_Maps$1
Event: 56.748 loading class java/rmi/server/RemoteObjectInvocationHandler$MethodToHash_Maps$1 done
Event: 56.750 loading class java/security/DigestOutputStream
Event: 56.750 loading class java/security/DigestOutputStream done
Event: 56.816 loading class java/rmi/server/UnicastRemoteObject
Event: 56.817 loading class java/rmi/server/UnicastRemoteObject done
Event: 56.848 loading class sun/rmi/server/UnicastServerRef2
Event: 56.848 loading class sun/rmi/server/UnicastServerRef2 done
Event: 56.852 loading class sun/rmi/server/Util$1
Event: 56.852 loading class sun/rmi/server/Util$1 done
Event: 56.863 loading class sun/rmi/transport/tcp/TCPTransport$AcceptLoop
Event: 56.864 loading class sun/rmi/transport/tcp/TCPTransport$AcceptLoop done
Event: 56.865 Thread 0x00000172242020b0 Thread added: 0x00000172242020b0
Event: 56.865 loading class sun/rmi/transport/ObjectTable$Reaper
Event: 56.867 loading class sun/rmi/transport/ObjectTable$Reaper done
Event: 56.868 Thread 0x00000172242025c0 Thread added: 0x00000172242025c0
Event: 56.868 loading class sun/rmi/server/UnicastServerRef$HashToMethod_Maps$1
Event: 56.868 loading class sun/rmi/server/UnicastServerRef$HashToMethod_Maps$1 done


Dynamic libraries:
0x00007ff769700000 - 0x00007ff76970e000 	C:\Users\Sandro\AppData\Local\Programs\Eclipse Adoptium\jdk-17.0.11.9-hotspot\bin\java.exe
0x00007ff9a8d50000 - 0x00007ff9a8f48000 	C:\WINDOWS\SYSTEM32\ntdll.dll
0x00007ff9a8ae0000 - 0x00007ff9a8ba2000 	C:\WINDOWS\System32\KERNEL32.DLL
0x00007ff9a64e0000 - 0x00007ff9a67d6000 	C:\WINDOWS\System32\KERNELBASE.dll
0x00007ff9a2ad0000 - 0x00007ff9a2b64000 	C:\WINDOWS\SYSTEM32\apphelp.dll
0x00007ff9a6890000 - 0x00007ff9a6990000 	C:\WINDOWS\System32\ucrtbase.dll
0x00007ff9a2850000 - 0x00007ff9a286b000 	C:\Users\Sandro\AppData\Local\Programs\Eclipse Adoptium\jdk-17.0.11.9-hotspot\bin\VCRUNTIME140.dll
0x00007ff9a2830000 - 0x00007ff9a2847000 	C:\Users\Sandro\AppData\Local\Programs\Eclipse Adoptium\jdk-17.0.11.9-hotspot\bin\jli.dll
0x00007ff9a7a80000 - 0x00007ff9a7c1d000 	C:\WINDOWS\System32\USER32.dll
0x00007ff994c70000 - 0x00007ff994f0a000 	C:\WINDOWS\WinSxS\amd64_microsoft.windows.common-controls_6595b64144ccf1df_6.0.19041.4355_none_60b8b9eb71f62e16\COMCTL32.dll
0x00007ff9a67e0000 - 0x00007ff9a6802000 	C:\WINDOWS\System32\win32u.dll
0x00007ff9a7c20000 - 0x00007ff9a7cbe000 	C:\WINDOWS\System32\msvcrt.dll
0x00007ff9a7080000 - 0x00007ff9a70ab000 	C:\WINDOWS\System32\GDI32.dll
0x00007ff9a6990000 - 0x00007ff9a6aaa000 	C:\WINDOWS\System32\gdi32full.dll
0x00007ff9a6ab0000 - 0x00007ff9a6b4d000 	C:\WINDOWS\System32\msvcp_win.dll
0x00007ff9a7240000 - 0x00007ff9a726f000 	C:\WINDOWS\System32\IMM32.DLL
0x00007ff9a3870000 - 0x00007ff9a387c000 	C:\Users\Sandro\AppData\Local\Programs\Eclipse Adoptium\jdk-17.0.11.9-hotspot\bin\vcruntime140_1.dll
0x00007ff98c6d0000 - 0x00007ff98c75d000 	C:\Users\Sandro\AppData\Local\Programs\Eclipse Adoptium\jdk-17.0.11.9-hotspot\bin\msvcp140.dll
0x00007ff95c290000 - 0x00007ff95cef2000 	C:\Users\Sandro\AppData\Local\Programs\Eclipse Adoptium\jdk-17.0.11.9-hotspot\bin\server\jvm.dll
0x00007ff9a8370000 - 0x00007ff9a841f000 	C:\WINDOWS\System32\ADVAPI32.dll
0x00007ff9a79e0000 - 0x00007ff9a7a7f000 	C:\WINDOWS\System32\sechost.dll
0x00007ff9a6f50000 - 0x00007ff9a7073000 	C:\WINDOWS\System32\RPCRT4.dll
0x00007ff9a6b50000 - 0x00007ff9a6b77000 	C:\WINDOWS\System32\bcrypt.dll
0x00007ff9a5920000 - 0x00007ff9a596b000 	C:\WINDOWS\SYSTEM32\POWRPROF.dll
0x00007ff992320000 - 0x00007ff992329000 	C:\WINDOWS\SYSTEM32\WSOCK32.dll
0x00007ff9a7cc0000 - 0x00007ff9a7d2b000 	C:\WINDOWS\System32\WS2_32.dll
0x00007ff996d70000 - 0x00007ff996d97000 	C:\WINDOWS\SYSTEM32\WINMM.dll
0x00007ff996db0000 - 0x00007ff996dba000 	C:\WINDOWS\SYSTEM32\VERSION.dll
0x00007ff9a57e0000 - 0x00007ff9a57f2000 	C:\WINDOWS\SYSTEM32\UMPDC.dll
0x00007ff9a4260000 - 0x00007ff9a4272000 	C:\WINDOWS\SYSTEM32\kernel.appcore.dll
0x00007ff9a2930000 - 0x00007ff9a293a000 	C:\Users\Sandro\AppData\Local\Programs\Eclipse Adoptium\jdk-17.0.11.9-hotspot\bin\jimage.dll
0x00007ff995d00000 - 0x00007ff995ee4000 	C:\WINDOWS\SYSTEM32\DBGHELP.DLL
0x00007ff98aa60000 - 0x00007ff98aa94000 	C:\WINDOWS\SYSTEM32\dbgcore.DLL
0x00007ff9a6b80000 - 0x00007ff9a6c02000 	C:\WINDOWS\System32\bcryptPrimitives.dll
0x00007ff9a2760000 - 0x00007ff9a276e000 	C:\Users\Sandro\AppData\Local\Programs\Eclipse Adoptium\jdk-17.0.11.9-hotspot\bin\instrument.dll
0x00007ff9a0350000 - 0x00007ff9a0375000 	C:\Users\Sandro\AppData\Local\Programs\Eclipse Adoptium\jdk-17.0.11.9-hotspot\bin\java.dll
0x00007ff983840000 - 0x00007ff983917000 	C:\Users\Sandro\AppData\Local\Programs\Eclipse Adoptium\jdk-17.0.11.9-hotspot\bin\jsvml.dll
0x00007ff9a7270000 - 0x00007ff9a79df000 	C:\WINDOWS\System32\SHELL32.dll
0x00007ff9a4460000 - 0x00007ff9a4c03000 	C:\WINDOWS\SYSTEM32\windows.storage.dll
0x00007ff9a84e0000 - 0x00007ff9a8835000 	C:\WINDOWS\System32\combase.dll
0x00007ff9a5e10000 - 0x00007ff9a5e3b000 	C:\WINDOWS\SYSTEM32\Wldp.dll
0x00007ff9a7e20000 - 0x00007ff9a7eed000 	C:\WINDOWS\System32\OLEAUT32.dll
0x00007ff9a8430000 - 0x00007ff9a84dd000 	C:\WINDOWS\System32\SHCORE.dll
0x00007ff9a8a80000 - 0x00007ff9a8ad5000 	C:\WINDOWS\System32\shlwapi.dll
0x00007ff9a6310000 - 0x00007ff9a6335000 	C:\WINDOWS\SYSTEM32\profapi.dll
0x00007ff99fb70000 - 0x00007ff99fb88000 	C:\Users\Sandro\AppData\Local\Programs\Eclipse Adoptium\jdk-17.0.11.9-hotspot\bin\zip.dll
0x00007ff99f830000 - 0x00007ff99f849000 	C:\Users\Sandro\AppData\Local\Programs\Eclipse Adoptium\jdk-17.0.11.9-hotspot\bin\net.dll
0x00007ff99e950000 - 0x00007ff99ea5a000 	C:\WINDOWS\SYSTEM32\WINHTTP.dll
0x00007ff9a5b70000 - 0x00007ff9a5bdc000 	C:\WINDOWS\system32\mswsock.dll
0x00007ff99f670000 - 0x00007ff99f686000 	C:\Users\Sandro\AppData\Local\Programs\Eclipse Adoptium\jdk-17.0.11.9-hotspot\bin\nio.dll
0x00007ff9a25f0000 - 0x00007ff9a2600000 	C:\Users\Sandro\AppData\Local\Programs\Eclipse Adoptium\jdk-17.0.11.9-hotspot\bin\verify.dll
0x00007ff9a2870000 - 0x00007ff9a2897000 	C:\Users\Sandro\.gradle\native\c067742578af261105cb4f569cf0c3c89f3d7b1fecec35dd04571415982c5e48\windows-amd64\native-platform.dll
0x00007ff97cbe0000 - 0x00007ff97cd24000 	C:\Users\Sandro\.gradle\native\100fb08df4bc3b14c8652ba06237920a3bd2aa13389f12d3474272988ae205f9\windows-amd64\native-platform-file-events.dll
0x00007ff9a0a00000 - 0x00007ff9a0a09000 	C:\Users\Sandro\AppData\Local\Programs\Eclipse Adoptium\jdk-17.0.11.9-hotspot\bin\management.dll
0x00007ff9a06b0000 - 0x00007ff9a06bb000 	C:\Users\Sandro\AppData\Local\Programs\Eclipse Adoptium\jdk-17.0.11.9-hotspot\bin\management_ext.dll
0x00007ff9a8420000 - 0x00007ff9a8428000 	C:\WINDOWS\System32\PSAPI.DLL
0x00007ff9a5d60000 - 0x00007ff9a5d78000 	C:\WINDOWS\SYSTEM32\CRYPTSP.dll
0x00007ff9a5420000 - 0x00007ff9a5458000 	C:\WINDOWS\system32\rsaenh.dll
0x00007ff9a62d0000 - 0x00007ff9a62fe000 	C:\WINDOWS\SYSTEM32\USERENV.dll
0x00007ff9a5d80000 - 0x00007ff9a5d8c000 	C:\WINDOWS\SYSTEM32\CRYPTBASE.dll
0x00007ff9a5800000 - 0x00007ff9a583b000 	C:\WINDOWS\SYSTEM32\IPHLPAPI.DLL
0x00007ff9a7110000 - 0x00007ff9a7118000 	C:\WINDOWS\System32\NSI.dll
0x00007ff99f540000 - 0x00007ff99f557000 	C:\WINDOWS\SYSTEM32\dhcpcsvc6.DLL
0x00007ff99fe80000 - 0x00007ff99fe9d000 	C:\WINDOWS\SYSTEM32\dhcpcsvc.DLL
0x00007ff9a5850000 - 0x00007ff9a591a000 	C:\WINDOWS\SYSTEM32\DNSAPI.dll
0x00007ff9a0300000 - 0x00007ff9a0309000 	C:\Users\Sandro\AppData\Local\Programs\Eclipse Adoptium\jdk-17.0.11.9-hotspot\bin\extnet.dll
0x00007ff99fb60000 - 0x00007ff99fb6e000 	C:\Users\Sandro\AppData\Local\Programs\Eclipse Adoptium\jdk-17.0.11.9-hotspot\bin\sunmscapi.dll
0x00007ff9a6c10000 - 0x00007ff9a6d6d000 	C:\WINDOWS\System32\CRYPT32.dll
0x00007ff9a5e80000 - 0x00007ff9a5ea7000 	C:\WINDOWS\SYSTEM32\ncrypt.dll
0x00007ff9a5e40000 - 0x00007ff9a5e7b000 	C:\WINDOWS\SYSTEM32\NTASN1.dll
0x00007ff9933b0000 - 0x00007ff9933b7000 	C:\WINDOWS\system32\wshunix.dll
0x00007ff9a5670000 - 0x00007ff9a56a3000 	C:\WINDOWS\SYSTEM32\ntmarta.dll
0x00007ff982280000 - 0x00007ff982297000 	C:\WINDOWS\system32\napinsp.dll
0x00007ff982260000 - 0x00007ff98227b000 	C:\WINDOWS\system32\pnrpnsp.dll
0x00007ff982240000 - 0x00007ff982255000 	C:\WINDOWS\system32\wshbth.dll
0x00007ff9a24d0000 - 0x00007ff9a24ed000 	C:\WINDOWS\system32\NLAapi.dll
0x00007ff982220000 - 0x00007ff982232000 	C:\WINDOWS\System32\winrnr.dll
0x00007ff99bbf0000 - 0x00007ff99bbfa000 	C:\Windows\System32\rasadhlp.dll
0x00007ff99bb60000 - 0x00007ff99bbe0000 	C:\WINDOWS\System32\fwpuclnt.dll
0x00007ff996f10000 - 0x00007ff996f2e000 	C:\Users\Sandro\AppData\Local\Temp\native-platform5275060417963562705dir\native-platform.dll
0x00007ff9a2fd0000 - 0x00007ff9a2fd7000 	C:\Users\Sandro\AppData\Local\Programs\Eclipse Adoptium\jdk-17.0.11.9-hotspot\bin\rmi.dll

dbghelp: loaded successfully - version: 4.0.5 - missing functions: none
symbol engine: initialized successfully - sym options: 0x614 - pdb path: .;C:\Users\Sandro\AppData\Local\Programs\Eclipse Adoptium\jdk-17.0.11.9-hotspot\bin;C:\WINDOWS\SYSTEM32;C:\WINDOWS\WinSxS\amd64_microsoft.windows.common-controls_6595b64144ccf1df_6.0.19041.4355_none_60b8b9eb71f62e16;C:\Users\Sandro\AppData\Local\Programs\Eclipse Adoptium\jdk-17.0.11.9-hotspot\bin\server;C:\Users\Sandro\.gradle\native\c067742578af261105cb4f569cf0c3c89f3d7b1fecec35dd04571415982c5e48\windows-amd64;C:\Users\Sandro\.gradle\native\100fb08df4bc3b14c8652ba06237920a3bd2aa13389f12d3474272988ae205f9\windows-amd64;C:\Users\Sandro\AppData\Local\Temp\native-platform5275060417963562705dir

VM Arguments:
jvm_args: -XX:MaxMetaspaceSize=512m --add-opens=java.base/java.util=ALL-UNNAMED --add-opens=java.base/java.lang=ALL-UNNAMED --add-opens=java.base/java.lang.invoke=ALL-UNNAMED --add-opens=java.prefs/java.util.prefs=ALL-UNNAMED --add-exports=jdk.compiler/com.sun.tools.javac.api=ALL-UNNAMED --add-exports=jdk.compiler/com.sun.tools.javac.util=ALL-UNNAMED --add-opens=java.base/java.nio.charset=ALL-UNNAMED --add-opens=java.base/java.net=ALL-UNNAMED --add-opens=java.base/java.util.concurrent.atomic=ALL-UNNAMED -Xmx2048m -Dfile.encoding=utf8 -Duser.country=BR -Duser.language=pt -Duser.variant -javaagent:C:\Users\Sandro\.gradle\wrapper\dists\gradle-8.10.2-all\7iv73wktx1xtkvlq19urqw1wm\gradle-8.10.2\lib\agents\gradle-instrumentation-agent-8.10.2.jar 
java_command: org.gradle.launcher.daemon.bootstrap.GradleDaemon 8.10.2
java_class_path (initial): C:\Users\Sandro\.gradle\wrapper\dists\gradle-8.10.2-all\7iv73wktx1xtkvlq19urqw1wm\gradle-8.10.2\lib\gradle-daemon-main-8.10.2.jar
Launcher Type: SUN_STANDARD

[Global flags]
     intx CICompilerCount                          = 3                                         {product} {ergonomic}
   size_t CompressedClassSpaceSize                 = 436207616                                 {product} {ergonomic}
     uint ConcGCThreads                            = 1                                         {product} {ergonomic}
     uint G1ConcRefinementThreads                  = 4                                         {product} {ergonomic}
   size_t G1HeapRegionSize                         = 1048576                                   {product} {ergonomic}
    uintx GCDrainStackTargetSize                   = 64                                        {product} {ergonomic}
   size_t InitialHeapSize                          = 100663296                                 {product} {ergonomic}
   size_t MarkStackSize                            = 4194304                                   {product} {ergonomic}
   size_t MaxHeapSize                              = 2147483648                                {product} {command line}
   size_t MaxMetaspaceSize                         = 536870912                                 {product} {command line}
   size_t MaxNewSize                               = 1287651328                                {product} {ergonomic}
   size_t MinHeapDeltaBytes                        = 1048576                                   {product} {ergonomic}
   size_t MinHeapSize                              = 8388608                                   {product} {ergonomic}
    uintx NonNMethodCodeHeapSize                   = 5832780                                {pd product} {ergonomic}
    uintx NonProfiledCodeHeapSize                  = 122912730                              {pd product} {ergonomic}
    uintx ProfiledCodeHeapSize                     = 122912730                              {pd product} {ergonomic}
    uintx ReservedCodeCacheSize                    = 251658240                              {pd product} {ergonomic}
     bool SegmentedCodeCache                       = true                                      {product} {ergonomic}
   size_t SoftMaxHeapSize                          = 2147483648                             {manageable} {ergonomic}
     bool UseCompressedClassPointers               = true                           {product lp64_product} {ergonomic}
     bool UseCompressedOops                        = true                           {product lp64_product} {ergonomic}
     bool UseG1GC                                  = true                                      {product} {ergonomic}
     bool UseLargePagesIndividualAllocation        = false                                  {pd product} {ergonomic}

Logging:
Log output configuration:
 #0: stdout all=warning uptime,level,tags
 #1: stderr all=off uptime,level,tags

Environment Variables:
JAVA_HOME=C:\Users\Sandro\AppData\Local\Programs\Eclipse Adoptium\jdk-17.0.11.9-hotspot\
PATH=C:\Program Files\Eclipse Adoptium\jdk-21.0.3.9-hotspot\bin;C:\WINDOWS\system32;C:\WINDOWS;C:\WINDOWS\System32\Wbem;C:\WINDOWS\System32\WindowsPowerShell\v1.0\;C:\WINDOWS\System32\OpenSSH\;C:\Program Files\dotnet\;C:\Users\Sandro\AppData\Roaming\nvm;C:\Program Files\nodejs;C:\Program Files\Git\cmd;C:\flutter\bin;C:\Users\Sandro\AppData\Local\Programs\Eclipse Adoptium\jdk-17.0.11.9-hotspot\bin;C:\Users\Sandro\AppData\Local\Microsoft\WindowsApps;C:\Users\Sandro\AppData\Local\Programs\Microsoft VS Code\bin;C:\Users\Sandro\AppData\Local\GitHubDesktop\bin;C:\Users\Sandro\AppData\Roaming\nvm;C:\Program Files\nodejs;C:\flutter\bin;
USERNAME=Sandro
OS=Windows_NT
PROCESSOR_IDENTIFIER=Intel64 Family 6 Model 69 Stepping 1, GenuineIntel
TMP=C:\Users\Sandro\AppData\Local\Temp
TEMP=C:\Users\Sandro\AppData\Local\Temp



Periodic native trim disabled


---------------  S Y S T E M  ---------------

OS:
 Windows 10 , 64 bit Build 19041 (10.0.19041.5678)
OS uptime: 0 days 2:51 hours

CPU: total 4 (initial active 4) (2 cores per cpu, 2 threads per core) family 6 model 69 stepping 1 microcode 0x25, cx8, cmov, fxsr, ht, mmx, sse, sse2, sse3, ssse3, sse4.1, sse4.2, popcnt, lzcnt, tsc, tscinvbit, avx, avx2, aes, erms, clmul, bmi1, bmi2, fma, vzeroupper, clflush
Processor Information for all 4 processors :
  Max Mhz: 2401, Current Mhz: 2400, Mhz Limit: 2376

Memory: 4k page, system-wide physical 6071M (277M free)
TotalPageFile size 9164M (AvailPageFile size 0M)
current process WorkingSet (physical memory assigned to process): 301M, peak: 365M
current process commit charge ("private bytes"): 396M, peak: 398M

vm_info: OpenJDK 64-Bit Server VM (17.0.11+9) for windows-amd64 JRE (17.0.11+9), built on Apr 17 2024 06:07:48 by "admin" with MS VC++ 16.10 / 16.11 (VS2019)

END.
