#
# There is insufficient memory for the Java Runtime Environment to continue.
# Native memory allocation (malloc) failed to allocate 65552 bytes. Error detail: Chunk::new
# Possible reasons:
#   The system is out of physical RAM or swap space
#   This process is running with CompressedOops enabled, and the Java Heap may be blocking the growth of the native heap
# Possible solutions:
#   Reduce memory load on the system
#   Increase physical memory or swap space
#   Check if swap backing store is full
#   Decrease Java heap size (-Xmx/-Xms)
#   Decrease number of Java threads
#   Decrease Java thread stack sizes (-Xss)
#   Set larger code cache with -XX:ReservedCodeCacheSize=
#   JVM is running with Unscaled Compressed Oops mode in which the Java heap is
#     placed in the first 4GB address space. The Java Heap base address is the
#     maximum limit for the native heap growth. Please use -XX:HeapBaseMinAddress
#     to set the Java Heap base and to place the Java Heap above 4GB virtual address.
# This output file may be truncated or incomplete.
#
#  Out of Memory Error (arena.cpp:168), pid=10748, tid=11820
#
# JRE version: OpenJDK Runtime Environment Temurin-21.0.6+7 (21.0.6+7) (build 21.0.6+7-LTS)
# Java VM: OpenJDK 64-Bit Server VM Temurin-21.0.6+7 (21.0.6+7-LTS, mixed mode, sharing, tiered, compressed oops, compressed class ptrs, parallel gc, windows-amd64)
# No core dump will be written. Minidumps are not enabled by default on client versions of Windows
#

---------------  S U M M A R Y ------------

Command Line: --add-modules=ALL-SYSTEM --add-opens=java.base/java.util=ALL-UNNAMED --add-opens=java.base/java.lang=ALL-UNNAMED --add-opens=java.base/sun.nio.fs=ALL-UNNAMED -Declipse.application=org.eclipse.jdt.ls.core.id1 -Dosgi.bundles.defaultStartLevel=4 -Declipse.product=org.eclipse.jdt.ls.core.product -Djava.import.generatesMetadataFilesAtProjectRoot=false -DDetectVMInstallationsJob.disabled=true -Dfile.encoding=utf8 -XX:+UseParallelGC -XX:GCTimeRatio=4 -XX:AdaptiveSizePolicyWeight=90 -Dsun.zip.disableMemoryMapping=true -Xmx1G -Xms100m -Xlog:disable -javaagent:c:\Users\Sandro\.vscode\extensions\redhat.java-1.41.1-win32-x64\lombok\lombok-1.18.36.jar -XX:+HeapDumpOnOutOfMemoryError -XX:HeapDumpPath=c:\Users\Sandro\AppData\Roaming\Code\User\workspaceStorage\53f99a5d813e344b9b09f0b9e69249ec\redhat.java -Daether.dependencyCollector.impl=bf c:\Users\Sandro\.vscode\extensions\redhat.java-1.41.1-win32-x64\server\plugins\org.eclipse.equinox.launcher_1.7.0.v20250331-1702.jar -configuration c:\Users\Sandro\AppData\Roaming\Code\User\globalStorage\redhat.java\1.41.1\config_win -data c:\Users\Sandro\AppData\Roaming\Code\User\workspaceStorage\53f99a5d813e344b9b09f0b9e69249ec\redhat.java\jdt_ws --pipe=\\.\pipe\lsp-bf31bb641dfc0fa596b02eb7a6e94062-sock

Host: Intel(R) Core(TM) i5-4210U CPU @ 1.70GHz, 4 cores, 5G,  Windows 10 , 64 bit Build 19041 (10.0.19041.5678)
Time: Tue Apr 15 22:50:53 2025 Hora oficial do Brasil elapsed time: 116.966982 seconds (0d 0h 1m 56s)

---------------  T H R E A D  ---------------

Current thread (0x00000162b92558a0):  JavaThread "C2 CompilerThread0" daemon [_thread_in_native, id=11820, stack(0x00000013a9a00000,0x00000013a9b00000) (1024K)]


Current CompileTask:
C2:116967 8790   !   4       org.eclipse.core.internal.jobs.JobManager::select (160 bytes)

Stack: [0x00000013a9a00000,0x00000013a9b00000]
Native frames: (J=compiled Java code, j=interpreted, Vv=VM code, C=native code)
V  [jvm.dll+0x6cdee9]
V  [jvm.dll+0x8a83d1]
V  [jvm.dll+0x8aa8fe]
V  [jvm.dll+0x8aafe3]
V  [jvm.dll+0x27f706]
V  [jvm.dll+0xc500d]
V  [jvm.dll+0xc5543]
V  [jvm.dll+0xc5135]
V  [jvm.dll+0x6f51df]
V  [jvm.dll+0x1cba53]
V  [jvm.dll+0x6f5fb0]
V  [jvm.dll+0x60503b]
V  [jvm.dll+0x5ec490]
V  [jvm.dll+0x5f075a]
V  [jvm.dll+0x5efe9d]
V  [jvm.dll+0x5efd80]
V  [jvm.dll+0x5eff00]
V  [jvm.dll+0x5eff00]
V  [jvm.dll+0x5eff00]
V  [jvm.dll+0x5eff00]
V  [jvm.dll+0x5eff00]
V  [jvm.dll+0x5f7204]
V  [jvm.dll+0x250bb2]
V  [jvm.dll+0x250f6f]
V  [jvm.dll+0x249834]
V  [jvm.dll+0x246ec4]
V  [jvm.dll+0x1c75ee]
V  [jvm.dll+0x25685a]
V  [jvm.dll+0x254dfa]
V  [jvm.dll+0x3f0256]
V  [jvm.dll+0x851f8b]
V  [jvm.dll+0x6cc5ed]
C  [ucrtbase.dll+0x21bb2]
C  [KERNEL32.DLL+0x17374]
C  [ntdll.dll+0x4cc91]


---------------  P R O C E S S  ---------------

Threads class SMR info:
_java_thread_list=0x00000162807869b0, length=46, elements={
0x00000162a2c9ca50, 0x00000162b9249f70, 0x00000162b924b870, 0x00000162b924d170,
0x00000162b9252360, 0x00000162b9254020, 0x00000162b9254a70, 0x00000162b92558a0,
0x00000162b92c4710, 0x00000162b9306d40, 0x00000162ff267b60, 0x00000162ff800070,
0x00000162ff9a5ab0, 0x00000162ff030020, 0x00000162b92bbb00, 0x00000162b92bc190,
0x00000162b92bc820, 0x00000162b9297d30, 0x00000162b9294f40, 0x00000162b92990e0,
0x00000162b92955d0, 0x00000162b92962f0, 0x00000162b9296980, 0x00000162b92976a0,
0x00000162b9297010, 0x00000162b9293500, 0x00000162b92983c0, 0x00000162b9299770,
0x00000162b929ab20, 0x00000162b9299e00, 0x00000162b9293b90, 0x00000162b929a490,
0x00000162b9294220, 0x0000016282b86e70, 0x0000016282b84080, 0x0000016282b85ac0,
0x0000016282b839f0, 0x0000016282bc4d70, 0x0000016282bc6e40, 0x0000016282bc5a90,
0x0000016282bc5400, 0x0000016282bc46e0, 0x0000016282bc39c0, 0x0000016282bc4050,
0x00000162b92948b0, 0x00000162828aa550
}

Java Threads: ( => current thread )
  0x00000162a2c9ca50 JavaThread "main"                              [_thread_blocked, id=7036, stack(0x00000013a9000000,0x00000013a9100000) (1024K)]
  0x00000162b9249f70 JavaThread "Reference Handler"          daemon [_thread_blocked, id=7120, stack(0x00000013a9400000,0x00000013a9500000) (1024K)]
  0x00000162b924b870 JavaThread "Finalizer"                  daemon [_thread_blocked, id=11332, stack(0x00000013a9500000,0x00000013a9600000) (1024K)]
  0x00000162b924d170 JavaThread "Signal Dispatcher"          daemon [_thread_blocked, id=12064, stack(0x00000013a9600000,0x00000013a9700000) (1024K)]
  0x00000162b9252360 JavaThread "Attach Listener"            daemon [_thread_blocked, id=2196, stack(0x00000013a9700000,0x00000013a9800000) (1024K)]
  0x00000162b9254020 JavaThread "Service Thread"             daemon [_thread_blocked, id=2444, stack(0x00000013a9800000,0x00000013a9900000) (1024K)]
  0x00000162b9254a70 JavaThread "Monitor Deflation Thread"   daemon [_thread_blocked, id=8376, stack(0x00000013a9900000,0x00000013a9a00000) (1024K)]
=>0x00000162b92558a0 JavaThread "C2 CompilerThread0"         daemon [_thread_in_native, id=11820, stack(0x00000013a9a00000,0x00000013a9b00000) (1024K)]
  0x00000162b92c4710 JavaThread "C1 CompilerThread0"         daemon [_thread_blocked, id=5288, stack(0x00000013a9b00000,0x00000013a9c00000) (1024K)]
  0x00000162b9306d40 JavaThread "Common-Cleaner"             daemon [_thread_blocked, id=11472, stack(0x00000013a9c00000,0x00000013a9d00000) (1024K)]
  0x00000162ff267b60 JavaThread "Notification Thread"        daemon [_thread_blocked, id=552, stack(0x00000013a9d00000,0x00000013a9e00000) (1024K)]
  0x00000162ff800070 JavaThread "Active Thread: Equinox Container: 98c95fa4-e7cf-42e2-aa6f-aaafb8debc26"        [_thread_blocked, id=10744, stack(0x00000013aa500000,0x00000013aa600000) (1024K)]
  0x00000162ff9a5ab0 JavaThread "Framework Event Dispatcher: Equinox Container: 98c95fa4-e7cf-42e2-aa6f-aaafb8debc26" daemon [_thread_blocked, id=964, stack(0x00000013aa600000,0x00000013aa700000) (1024K)]
  0x00000162ff030020 JavaThread "Start Level: Equinox Container: 98c95fa4-e7cf-42e2-aa6f-aaafb8debc26" daemon [_thread_blocked, id=1124, stack(0x00000013aa700000,0x00000013aa800000) (1024K)]
  0x00000162b92bbb00 JavaThread "Refresh Thread: Equinox Container: 98c95fa4-e7cf-42e2-aa6f-aaafb8debc26" daemon [_thread_blocked, id=12968, stack(0x00000013aa800000,0x00000013aa900000) (1024K)]
  0x00000162b92bc190 JavaThread "Bundle File Closer"         daemon [_thread_blocked, id=756, stack(0x00000013aa900000,0x00000013aaa00000) (1024K)]
  0x00000162b92bc820 JavaThread "SCR Component Actor"        daemon [_thread_blocked, id=12204, stack(0x00000013aa100000,0x00000013aa200000) (1024K)]
  0x00000162b9297d30 JavaThread "Worker-JM"                         [_thread_blocked, id=10228, stack(0x00000013aa300000,0x00000013aa400000) (1024K)]
  0x00000162b9294f40 JavaThread "JNA Cleaner"                daemon [_thread_blocked, id=3880, stack(0x00000013aa400000,0x00000013aa500000) (1024K)]
  0x00000162b92990e0 JavaThread "Worker-0"                          [_thread_blocked, id=392, stack(0x00000013aaa00000,0x00000013aab00000) (1024K)]
  0x00000162b92955d0 JavaThread "Worker-1"                          [_thread_blocked, id=10140, stack(0x00000013aab00000,0x00000013aac00000) (1024K)]
  0x00000162b92962f0 JavaThread "Worker-2"                          [_thread_blocked, id=10820, stack(0x00000013aad00000,0x00000013aae00000) (1024K)]
  0x00000162b9296980 JavaThread "Java indexing"              daemon [_thread_blocked, id=1744, stack(0x00000013aae00000,0x00000013aaf00000) (1024K)]
  0x00000162b92976a0 JavaThread "Worker-3: Initialize Workspace"        [_thread_blocked, id=11272, stack(0x00000013aaf00000,0x00000013ab000000) (1024K)]
  0x00000162b9297010 JavaThread "Worker-4"                          [_thread_blocked, id=2268, stack(0x00000013ab200000,0x00000013ab300000) (1024K)]
  0x00000162b9293500 JavaThread "Worker-5"                          [_thread_blocked, id=7472, stack(0x00000013ab300000,0x00000013ab400000) (1024K)]
  0x00000162b92983c0 JavaThread "Thread-2"                   daemon [_thread_in_native, id=10560, stack(0x00000013ab400000,0x00000013ab500000) (1024K)]
  0x00000162b9299770 JavaThread "Thread-3"                   daemon [_thread_in_native, id=1376, stack(0x00000013ab500000,0x00000013ab600000) (1024K)]
  0x00000162b929ab20 JavaThread "Thread-4"                   daemon [_thread_in_native, id=11100, stack(0x00000013ab600000,0x00000013ab700000) (1024K)]
  0x00000162b9299e00 JavaThread "Thread-5"                   daemon [_thread_in_native, id=6964, stack(0x00000013ab700000,0x00000013ab800000) (1024K)]
  0x00000162b9293b90 JavaThread "Thread-6"                   daemon [_thread_in_native, id=11912, stack(0x00000013ab800000,0x00000013ab900000) (1024K)]
  0x00000162b929a490 JavaThread "pool-2-thread-1"                   [_thread_blocked, id=7284, stack(0x00000013ab900000,0x00000013aba00000) (1024K)]
  0x00000162b9294220 JavaThread "Timer-0"                           [_thread_blocked, id=656, stack(0x00000013aba00000,0x00000013abb00000) (1024K)]
  0x0000016282b86e70 JavaThread "Timer-1"                           [_thread_blocked, id=5324, stack(0x00000013abb00000,0x00000013abc00000) (1024K)]
  0x0000016282b84080 JavaThread "WorkspaceEventsHandler"            [_thread_blocked, id=8652, stack(0x00000013abc00000,0x00000013abd00000) (1024K)]
  0x0000016282b85ac0 JavaThread "pool-1-thread-1"                   [_thread_blocked, id=2092, stack(0x00000013abd00000,0x00000013abe00000) (1024K)]
  0x0000016282b839f0 JavaThread "Timer-2"                           [_thread_blocked, id=13100, stack(0x00000013abe00000,0x00000013abf00000) (1024K)]
  0x0000016282bc4d70 JavaThread "Timer-3"                           [_thread_blocked, id=1308, stack(0x00000013ac100000,0x00000013ac200000) (1024K)]
  0x0000016282bc6e40 JavaThread "Timer-4"                           [_thread_blocked, id=4964, stack(0x00000013ac200000,0x00000013ac300000) (1024K)]
  0x0000016282bc5a90 JavaThread "Timer-5"                           [_thread_blocked, id=11540, stack(0x00000013ac300000,0x00000013ac400000) (1024K)]
  0x0000016282bc5400 JavaThread "Timer-6"                           [_thread_blocked, id=13220, stack(0x00000013ac500000,0x00000013ac600000) (1024K)]
  0x0000016282bc46e0 JavaThread "Timer-7"                           [_thread_blocked, id=9412, stack(0x00000013ac600000,0x00000013ac700000) (1024K)]
  0x0000016282bc39c0 JavaThread "Timer-8"                           [_thread_blocked, id=11436, stack(0x00000013ac700000,0x00000013ac800000) (1024K)]
  0x0000016282bc4050 JavaThread "Timer-9"                           [_thread_blocked, id=10548, stack(0x00000013ac800000,0x00000013ac900000) (1024K)]
  0x00000162b92948b0 JavaThread "Connection worker"                 [_thread_in_native, id=3332, stack(0x00000013ac900000,0x00000013aca00000) (1024K)]
  0x00000162828aa550 JavaThread "pool-4-thread-1"                   [_thread_blocked, id=9508, stack(0x00000013aca00000,0x00000013acb00000) (1024K)]
Total: 46

Other Threads:
  0x00000162a2f7e250 VMThread "VM Thread"                           [id=852, stack(0x00000013a9300000,0x00000013a9400000) (1024K)]
  0x00000162a2f2b060 WatcherThread "VM Periodic Task Thread"        [id=11392, stack(0x00000013a9200000,0x00000013a9300000) (1024K)]
  0x00000162a2edc020 WorkerThread "GC Thread#0"                     [id=9916, stack(0x00000013a9100000,0x00000013a9200000) (1024K)]
  0x00000162ff47a030 WorkerThread "GC Thread#1"                     [id=588, stack(0x00000013a9e00000,0x00000013a9f00000) (1024K)]
  0x00000162ff6d9be0 WorkerThread "GC Thread#2"                     [id=9460, stack(0x00000013a9f00000,0x00000013aa000000) (1024K)]
  0x00000162ff50f010 WorkerThread "GC Thread#3"                     [id=8508, stack(0x00000013aa000000,0x00000013aa100000) (1024K)]
Total: 6

Threads with active compile tasks:
C2 CompilerThread0  117366 8790   !   4       org.eclipse.core.internal.jobs.JobManager::select (160 bytes)
Total: 1

VM state: not at safepoint (normal execution)

VM Mutex/Monitor currently owned by a thread: None

Heap address: 0x00000000c0000000, size: 1024 MB, Compressed Oops mode: 32-bit

CDS archive(s) mapped at: [0x00000162ba000000-0x00000162baba0000-0x00000162baba0000), size 12189696, SharedBaseAddress: 0x00000162ba000000, ArchiveRelocationMode: 1.
Compressed class space mapped at: 0x00000162bb000000-0x00000162fb000000, reserved size: 1073741824
Narrow klass base: 0x00000162ba000000, Narrow klass shift: 0, Narrow klass range: 0x100000000

GC Precious Log:
 CardTable entry size: 512
 CPUs: 4 total, 4 available
 Memory: 6071M
 Large Page Support: Disabled
 NUMA Support: Disabled
 Compressed Oops: Enabled (32-bit)
 Alignments: Space 512K, Generation 512K, Heap 2M
 Heap Min Capacity: 100M
 Heap Initial Capacity: 100M
 Heap Max Capacity: 1G
 Pre-touch: Disabled
 Parallel Workers: 4

Heap:
 PSYoungGen      total 12800K, used 12374K [0x00000000eab00000, 0x00000000eb900000, 0x0000000100000000)
  eden space 12288K, 99% used [0x00000000eab00000,0x00000000eb6f5aa8,0x00000000eb700000)
  from space 512K, 25% used [0x00000000eb800000,0x00000000eb820000,0x00000000eb880000)
  to   space 512K, 0% used [0x00000000eb880000,0x00000000eb880000,0x00000000eb900000)
 ParOldGen       total 68608K, used 43320K [0x00000000c0000000, 0x00000000c4300000, 0x00000000eab00000)
  object space 68608K, 63% used [0x00000000c0000000,0x00000000c2a4e358,0x00000000c4300000)
 Metaspace       used 64184K, committed 65664K, reserved 1114112K
  class space    used 7830K, committed 8512K, reserved 1048576K

Card table byte_map: [0x00000162b6b80000,0x00000162b6d90000] _byte_map_base: 0x00000162b6580000

Marking Bits: (ParMarkBitMap*) 0x00007ff95c1b3260
 Begin Bits: [0x00000162b6ef0000, 0x00000162b7ef0000)
 End Bits:   [0x00000162b7ef0000, 0x00000162b8ef0000)

Polling page: 0x00000162a7970000

Metaspace:

Usage:
  Non-class:     55.03 MB used.
      Class:      7.65 MB used.
       Both:     62.68 MB used.

Virtual space:
  Non-class space:       64.00 MB reserved,      55.81 MB ( 87%) committed,  1 nodes.
      Class space:        1.00 GB reserved,       8.31 MB ( <1%) committed,  1 nodes.
             Both:        1.06 GB reserved,      64.12 MB (  6%) committed. 

Chunk freelists:
   Non-Class:  7.67 MB
       Class:  7.75 MB
        Both:  15.42 MB

MaxMetaspaceSize: unlimited
CompressedClassSpaceSize: 1.00 GB
Initial GC threshold: 21.00 MB
Current GC threshold: 97.31 MB
CDS: on
 - commit_granule_bytes: 65536.
 - commit_granule_words: 8192.
 - virtual_space_node_default_size: 8388608.
 - enlarge_chunks_in_place: 1.
 - use_allocation_guard: 0.


Internal statistics:

num_allocs_failed_limit: 9.
num_arena_births: 1164.
num_arena_deaths: 16.
num_vsnodes_births: 2.
num_vsnodes_deaths: 0.
num_space_committed: 1026.
num_space_uncommitted: 0.
num_chunks_returned_to_freelist: 26.
num_chunks_taken_from_freelist: 4010.
num_chunk_merges: 12.
num_chunk_splits: 2544.
num_chunks_enlarged: 1514.
num_inconsistent_stats: 0.

CodeHeap 'non-profiled nmethods': size=120000Kb used=5786Kb max_used=5786Kb free=114213Kb
 bounds [0x00000162af460000, 0x00000162afa10000, 0x00000162b6990000]
CodeHeap 'profiled nmethods': size=120000Kb used=16676Kb max_used=16676Kb free=103323Kb
 bounds [0x00000162a7990000, 0x00000162a89e0000, 0x00000162aeec0000]
CodeHeap 'non-nmethods': size=5760Kb used=1384Kb max_used=1435Kb free=4375Kb
 bounds [0x00000162aeec0000, 0x00000162af130000, 0x00000162af460000]
 total_blobs=8663 nmethods=7973 adapters=596
 compilation: enabled
              stopped_count=0, restarted_count=0
 full_count=0

Compilation events (20 events):
Event: 113.742 Thread 0x00000162b92c4710 nmethod 8780 0x00000162afa04710 code [0x00000162afa048a0, 0x00000162afa04968]
Event: 114.088 Thread 0x00000162b92558a0 8781       4       java.util.stream.ReduceOps$3ReducingSink::begin (14 bytes)
Event: 114.089 Thread 0x00000162b92558a0 nmethod 8781 0x00000162afa04a10 code [0x00000162afa04ba0, 0x00000162afa04c70]
Event: 114.190 Thread 0x00000162b92558a0 8782       4       java.util.ArrayList$ArrayListSpliterator::forEachRemaining (127 bytes)
Event: 114.196 Thread 0x00000162b92558a0 nmethod 8782 0x00000162afa04d10 code [0x00000162afa04ec0, 0x00000162afa051b0]
Event: 114.281 Thread 0x00000162b92c4710 8783       3       org.gradle.internal.logging.sink.OutputEventRenderer::onOutput (82 bytes)
Event: 114.281 Thread 0x00000162b92c4710 nmethod 8783 0x00000162a89d3d10 code [0x00000162a89d3f60, 0x00000162a89d4b60]
Event: 114.282 Thread 0x00000162b92c4710 8784       3       org.gradle.internal.logging.sink.OutputEventTransformer::onOutput (369 bytes)
Event: 114.284 Thread 0x00000162b92c4710 nmethod 8784 0x00000162a89d4e10 code [0x00000162a89d52e0, 0x00000162a89d8048]
Event: 114.296 Thread 0x00000162b92c4710 8785       3       org.gradle.internal.logging.sink.OutputEventListenerManager$1::onOutput (33 bytes)
Event: 114.296 Thread 0x00000162b92c4710 nmethod 8785 0x00000162a89d8a90 code [0x00000162a89d8c60, 0x00000162a89d8f80]
Event: 114.348 Thread 0x00000162b92c4710 8786       1       org.gradle.internal.logging.events.ProgressStartEvent::getBuildOperationCategory (5 bytes)
Event: 114.348 Thread 0x00000162b92c4710 nmethod 8786 0x00000162afa05410 code [0x00000162afa055a0, 0x00000162afa05668]
Event: 115.647 Thread 0x00000162b92c4710 8787       1       org.gradle.internal.logging.sink.GroupingProgressLogEventGenerator::access$300 (5 bytes)
Event: 115.647 Thread 0x00000162b92c4710 nmethod 8787 0x00000162afa05710 code [0x00000162afa058a0, 0x00000162afa05950]
Event: 115.993 Thread 0x00000162b92558a0 8788   !   4       org.eclipse.core.internal.jobs.JobManager::withWriteLock (70 bytes)
Event: 115.999 Thread 0x00000162b92558a0 nmethod 8788 0x00000162afa05a10 code [0x00000162afa05be0, 0x00000162afa06188]
Event: 116.257 Thread 0x00000162b92558a0 8789       4       java.util.concurrent.ThreadPoolExecutor::afterExecute (1 bytes)
Event: 116.258 Thread 0x00000162b92558a0 nmethod 8789 0x00000162afa06590 code [0x00000162afa06720, 0x00000162afa067a8]
Event: 116.853 Thread 0x00000162b92558a0 8790   !   4       org.eclipse.core.internal.jobs.JobManager::select (160 bytes)

GC Heap History (20 events):
Event: 58.852 GC heap before
{Heap before GC invocations=57 (full 3):
 PSYoungGen      total 13824K, used 13393K [0x00000000eab00000, 0x00000000eb980000, 0x0000000100000000)
  eden space 12800K, 100% used [0x00000000eab00000,0x00000000eb780000,0x00000000eb780000)
  from space 1024K, 57% used [0x00000000eb780000,0x00000000eb8144f0,0x00000000eb880000)
  to   space 1024K, 0% used [0x00000000eb880000,0x00000000eb880000,0x00000000eb980000)
 ParOldGen       total 68608K, used 41316K [0x00000000c0000000, 0x00000000c4300000, 0x00000000eab00000)
  object space 68608K, 60% used [0x00000000c0000000,0x00000000c2859138,0x00000000c4300000)
 Metaspace       used 60885K, committed 62208K, reserved 1114112K
  class space    used 7449K, committed 8000K, reserved 1048576K
}
Event: 58.854 GC heap after
{Heap after GC invocations=57 (full 3):
 PSYoungGen      total 13312K, used 251K [0x00000000eab00000, 0x00000000eb900000, 0x0000000100000000)
  eden space 12800K, 0% used [0x00000000eab00000,0x00000000eab00000,0x00000000eb780000)
  from space 512K, 49% used [0x00000000eb880000,0x00000000eb8beef0,0x00000000eb900000)
  to   space 512K, 0% used [0x00000000eb800000,0x00000000eb800000,0x00000000eb880000)
 ParOldGen       total 68608K, used 41749K [0x00000000c0000000, 0x00000000c4300000, 0x00000000eab00000)
  object space 68608K, 60% used [0x00000000c0000000,0x00000000c28c5438,0x00000000c4300000)
 Metaspace       used 60885K, committed 62208K, reserved 1114112K
  class space    used 7449K, committed 8000K, reserved 1048576K
}
Event: 59.561 GC heap before
{Heap before GC invocations=58 (full 3):
 PSYoungGen      total 13312K, used 13047K [0x00000000eab00000, 0x00000000eb900000, 0x0000000100000000)
  eden space 12800K, 99% used [0x00000000eab00000,0x00000000eb77f0f0,0x00000000eb780000)
  from space 512K, 49% used [0x00000000eb880000,0x00000000eb8beef0,0x00000000eb900000)
  to   space 512K, 0% used [0x00000000eb800000,0x00000000eb800000,0x00000000eb880000)
 ParOldGen       total 68608K, used 41749K [0x00000000c0000000, 0x00000000c4300000, 0x00000000eab00000)
  object space 68608K, 60% used [0x00000000c0000000,0x00000000c28c5438,0x00000000c4300000)
 Metaspace       used 61654K, committed 63040K, reserved 1114112K
  class space    used 7573K, committed 8192K, reserved 1048576K
}
Event: 59.563 GC heap after
{Heap after GC invocations=58 (full 3):
 PSYoungGen      total 13312K, used 352K [0x00000000eab00000, 0x00000000eb900000, 0x0000000100000000)
  eden space 12800K, 0% used [0x00000000eab00000,0x00000000eab00000,0x00000000eb780000)
  from space 512K, 68% used [0x00000000eb800000,0x00000000eb858000,0x00000000eb880000)
  to   space 512K, 0% used [0x00000000eb880000,0x00000000eb880000,0x00000000eb900000)
 ParOldGen       total 68608K, used 41795K [0x00000000c0000000, 0x00000000c4300000, 0x00000000eab00000)
  object space 68608K, 60% used [0x00000000c0000000,0x00000000c28d0ed0,0x00000000c4300000)
 Metaspace       used 61654K, committed 63040K, reserved 1114112K
  class space    used 7573K, committed 8192K, reserved 1048576K
}
Event: 69.796 GC heap before
{Heap before GC invocations=59 (full 3):
 PSYoungGen      total 13312K, used 13151K [0x00000000eab00000, 0x00000000eb900000, 0x0000000100000000)
  eden space 12800K, 99% used [0x00000000eab00000,0x00000000eb77ffe8,0x00000000eb780000)
  from space 512K, 68% used [0x00000000eb800000,0x00000000eb858000,0x00000000eb880000)
  to   space 512K, 0% used [0x00000000eb880000,0x00000000eb880000,0x00000000eb900000)
 ParOldGen       total 68608K, used 41795K [0x00000000c0000000, 0x00000000c4300000, 0x00000000eab00000)
  object space 68608K, 60% used [0x00000000c0000000,0x00000000c28d0ed0,0x00000000c4300000)
 Metaspace       used 62781K, committed 64192K, reserved 1114112K
  class space    used 7724K, committed 8320K, reserved 1048576K
}
Event: 69.799 GC heap after
{Heap after GC invocations=59 (full 3):
 PSYoungGen      total 12800K, used 480K [0x00000000eab00000, 0x00000000eba80000, 0x0000000100000000)
  eden space 12288K, 0% used [0x00000000eab00000,0x00000000eab00000,0x00000000eb700000)
  from space 512K, 93% used [0x00000000eb880000,0x00000000eb8f8020,0x00000000eb900000)
  to   space 1536K, 0% used [0x00000000eb700000,0x00000000eb700000,0x00000000eb880000)
 ParOldGen       total 68608K, used 42275K [0x00000000c0000000, 0x00000000c4300000, 0x00000000eab00000)
  object space 68608K, 61% used [0x00000000c0000000,0x00000000c2948ed0,0x00000000c4300000)
 Metaspace       used 62781K, committed 64192K, reserved 1114112K
  class space    used 7724K, committed 8320K, reserved 1048576K
}
Event: 70.928 GC heap before
{Heap before GC invocations=60 (full 3):
 PSYoungGen      total 12800K, used 12768K [0x00000000eab00000, 0x00000000eba80000, 0x0000000100000000)
  eden space 12288K, 100% used [0x00000000eab00000,0x00000000eb700000,0x00000000eb700000)
  from space 512K, 93% used [0x00000000eb880000,0x00000000eb8f8020,0x00000000eb900000)
  to   space 1536K, 0% used [0x00000000eb700000,0x00000000eb700000,0x00000000eb880000)
 ParOldGen       total 68608K, used 42275K [0x00000000c0000000, 0x00000000c4300000, 0x00000000eab00000)
  object space 68608K, 61% used [0x00000000c0000000,0x00000000c2948ed0,0x00000000c4300000)
 Metaspace       used 63266K, committed 64640K, reserved 1114112K
  class space    used 7764K, committed 8384K, reserved 1048576K
}
Event: 70.929 GC heap after
{Heap after GC invocations=60 (full 3):
 PSYoungGen      total 13824K, used 128K [0x00000000eab00000, 0x00000000eb900000, 0x0000000100000000)
  eden space 12288K, 0% used [0x00000000eab00000,0x00000000eab00000,0x00000000eb700000)
  from space 1536K, 8% used [0x00000000eb700000,0x00000000eb720000,0x00000000eb880000)
  to   space 512K, 0% used [0x00000000eb880000,0x00000000eb880000,0x00000000eb900000)
 ParOldGen       total 68608K, used 42733K [0x00000000c0000000, 0x00000000c4300000, 0x00000000eab00000)
  object space 68608K, 62% used [0x00000000c0000000,0x00000000c29bb6a8,0x00000000c4300000)
 Metaspace       used 63266K, committed 64640K, reserved 1114112K
  class space    used 7764K, committed 8384K, reserved 1048576K
}
Event: 71.522 GC heap before
{Heap before GC invocations=61 (full 3):
 PSYoungGen      total 13824K, used 12416K [0x00000000eab00000, 0x00000000eb900000, 0x0000000100000000)
  eden space 12288K, 100% used [0x00000000eab00000,0x00000000eb700000,0x00000000eb700000)
  from space 1536K, 8% used [0x00000000eb700000,0x00000000eb720000,0x00000000eb880000)
  to   space 512K, 0% used [0x00000000eb880000,0x00000000eb880000,0x00000000eb900000)
 ParOldGen       total 68608K, used 42733K [0x00000000c0000000, 0x00000000c4300000, 0x00000000eab00000)
  object space 68608K, 62% used [0x00000000c0000000,0x00000000c29bb6a8,0x00000000c4300000)
 Metaspace       used 63277K, committed 64704K, reserved 1114112K
  class space    used 7766K, committed 8384K, reserved 1048576K
}
Event: 71.523 GC heap after
{Heap after GC invocations=61 (full 3):
 PSYoungGen      total 12800K, used 128K [0x00000000eab00000, 0x00000000eb900000, 0x0000000100000000)
  eden space 12288K, 0% used [0x00000000eab00000,0x00000000eab00000,0x00000000eb700000)
  from space 512K, 25% used [0x00000000eb880000,0x00000000eb8a0000,0x00000000eb900000)
  to   space 512K, 0% used [0x00000000eb800000,0x00000000eb800000,0x00000000eb880000)
 ParOldGen       total 68608K, used 42832K [0x00000000c0000000, 0x00000000c4300000, 0x00000000eab00000)
  object space 68608K, 62% used [0x00000000c0000000,0x00000000c29d4318,0x00000000c4300000)
 Metaspace       used 63277K, committed 64704K, reserved 1114112K
  class space    used 7766K, committed 8384K, reserved 1048576K
}
Event: 84.858 GC heap before
{Heap before GC invocations=62 (full 3):
 PSYoungGen      total 12800K, used 12416K [0x00000000eab00000, 0x00000000eb900000, 0x0000000100000000)
  eden space 12288K, 100% used [0x00000000eab00000,0x00000000eb700000,0x00000000eb700000)
  from space 512K, 25% used [0x00000000eb880000,0x00000000eb8a0000,0x00000000eb900000)
  to   space 512K, 0% used [0x00000000eb800000,0x00000000eb800000,0x00000000eb880000)
 ParOldGen       total 68608K, used 42832K [0x00000000c0000000, 0x00000000c4300000, 0x00000000eab00000)
  object space 68608K, 62% used [0x00000000c0000000,0x00000000c29d4318,0x00000000c4300000)
 Metaspace       used 63862K, committed 65216K, reserved 1114112K
  class space    used 7808K, committed 8448K, reserved 1048576K
}
Event: 84.862 GC heap after
{Heap after GC invocations=62 (full 3):
 PSYoungGen      total 12800K, used 432K [0x00000000eab00000, 0x00000000eb900000, 0x0000000100000000)
  eden space 12288K, 0% used [0x00000000eab00000,0x00000000eab00000,0x00000000eb700000)
  from space 512K, 84% used [0x00000000eb800000,0x00000000eb86c010,0x00000000eb880000)
  to   space 512K, 0% used [0x00000000eb880000,0x00000000eb880000,0x00000000eb900000)
 ParOldGen       total 68608K, used 42872K [0x00000000c0000000, 0x00000000c4300000, 0x00000000eab00000)
  object space 68608K, 62% used [0x00000000c0000000,0x00000000c29de318,0x00000000c4300000)
 Metaspace       used 63862K, committed 65216K, reserved 1114112K
  class space    used 7808K, committed 8448K, reserved 1048576K
}
Event: 91.176 GC heap before
{Heap before GC invocations=63 (full 3):
 PSYoungGen      total 12800K, used 12720K [0x00000000eab00000, 0x00000000eb900000, 0x0000000100000000)
  eden space 12288K, 100% used [0x00000000eab00000,0x00000000eb700000,0x00000000eb700000)
  from space 512K, 84% used [0x00000000eb800000,0x00000000eb86c010,0x00000000eb880000)
  to   space 512K, 0% used [0x00000000eb880000,0x00000000eb880000,0x00000000eb900000)
 ParOldGen       total 68608K, used 42872K [0x00000000c0000000, 0x00000000c4300000, 0x00000000eab00000)
  object space 68608K, 62% used [0x00000000c0000000,0x00000000c29de318,0x00000000c4300000)
 Metaspace       used 64045K, committed 65472K, reserved 1114112K
  class space    used 7812K, committed 8448K, reserved 1048576K
}
Event: 91.177 GC heap after
{Heap after GC invocations=63 (full 3):
 PSYoungGen      total 12800K, used 128K [0x00000000eab00000, 0x00000000eb900000, 0x0000000100000000)
  eden space 12288K, 0% used [0x00000000eab00000,0x00000000eab00000,0x00000000eb700000)
  from space 512K, 25% used [0x00000000eb880000,0x00000000eb8a0000,0x00000000eb900000)
  to   space 512K, 0% used [0x00000000eb800000,0x00000000eb800000,0x00000000eb880000)
 ParOldGen       total 68608K, used 43224K [0x00000000c0000000, 0x00000000c4300000, 0x00000000eab00000)
  object space 68608K, 63% used [0x00000000c0000000,0x00000000c2a36358,0x00000000c4300000)
 Metaspace       used 64045K, committed 65472K, reserved 1114112K
  class space    used 7812K, committed 8448K, reserved 1048576K
}
Event: 99.201 GC heap before
{Heap before GC invocations=64 (full 3):
 PSYoungGen      total 12800K, used 12416K [0x00000000eab00000, 0x00000000eb900000, 0x0000000100000000)
  eden space 12288K, 100% used [0x00000000eab00000,0x00000000eb700000,0x00000000eb700000)
  from space 512K, 25% used [0x00000000eb880000,0x00000000eb8a0000,0x00000000eb900000)
  to   space 512K, 0% used [0x00000000eb800000,0x00000000eb800000,0x00000000eb880000)
 ParOldGen       total 68608K, used 43224K [0x00000000c0000000, 0x00000000c4300000, 0x00000000eab00000)
  object space 68608K, 63% used [0x00000000c0000000,0x00000000c2a36358,0x00000000c4300000)
 Metaspace       used 64091K, committed 65536K, reserved 1114112K
  class space    used 7819K, committed 8448K, reserved 1048576K
}
Event: 99.202 GC heap after
{Heap after GC invocations=64 (full 3):
 PSYoungGen      total 12800K, used 128K [0x00000000eab00000, 0x00000000eb900000, 0x0000000100000000)
  eden space 12288K, 0% used [0x00000000eab00000,0x00000000eab00000,0x00000000eb700000)
  from space 512K, 25% used [0x00000000eb800000,0x00000000eb820000,0x00000000eb880000)
  to   space 512K, 0% used [0x00000000eb880000,0x00000000eb880000,0x00000000eb900000)
 ParOldGen       total 68608K, used 43264K [0x00000000c0000000, 0x00000000c4300000, 0x00000000eab00000)
  object space 68608K, 63% used [0x00000000c0000000,0x00000000c2a40358,0x00000000c4300000)
 Metaspace       used 64091K, committed 65536K, reserved 1114112K
  class space    used 7819K, committed 8448K, reserved 1048576K
}
Event: 101.614 GC heap before
{Heap before GC invocations=65 (full 3):
 PSYoungGen      total 12800K, used 12416K [0x00000000eab00000, 0x00000000eb900000, 0x0000000100000000)
  eden space 12288K, 100% used [0x00000000eab00000,0x00000000eb700000,0x00000000eb700000)
  from space 512K, 25% used [0x00000000eb800000,0x00000000eb820000,0x00000000eb880000)
  to   space 512K, 0% used [0x00000000eb880000,0x00000000eb880000,0x00000000eb900000)
 ParOldGen       total 68608K, used 43264K [0x00000000c0000000, 0x00000000c4300000, 0x00000000eab00000)
  object space 68608K, 63% used [0x00000000c0000000,0x00000000c2a40358,0x00000000c4300000)
 Metaspace       used 64092K, committed 65536K, reserved 1114112K
  class space    used 7819K, committed 8448K, reserved 1048576K
}
Event: 101.616 GC heap after
{Heap after GC invocations=65 (full 3):
 PSYoungGen      total 12800K, used 96K [0x00000000eab00000, 0x00000000eb900000, 0x0000000100000000)
  eden space 12288K, 0% used [0x00000000eab00000,0x00000000eab00000,0x00000000eb700000)
  from space 512K, 18% used [0x00000000eb880000,0x00000000eb898000,0x00000000eb900000)
  to   space 512K, 0% used [0x00000000eb800000,0x00000000eb800000,0x00000000eb880000)
 ParOldGen       total 68608K, used 43320K [0x00000000c0000000, 0x00000000c4300000, 0x00000000eab00000)
  object space 68608K, 63% used [0x00000000c0000000,0x00000000c2a4e358,0x00000000c4300000)
 Metaspace       used 64092K, committed 65536K, reserved 1114112K
  class space    used 7819K, committed 8448K, reserved 1048576K
}
Event: 105.895 GC heap before
{Heap before GC invocations=66 (full 3):
 PSYoungGen      total 12800K, used 12384K [0x00000000eab00000, 0x00000000eb900000, 0x0000000100000000)
  eden space 12288K, 100% used [0x00000000eab00000,0x00000000eb700000,0x00000000eb700000)
  from space 512K, 18% used [0x00000000eb880000,0x00000000eb898000,0x00000000eb900000)
  to   space 512K, 0% used [0x00000000eb800000,0x00000000eb800000,0x00000000eb880000)
 ParOldGen       total 68608K, used 43320K [0x00000000c0000000, 0x00000000c4300000, 0x00000000eab00000)
  object space 68608K, 63% used [0x00000000c0000000,0x00000000c2a4e358,0x00000000c4300000)
 Metaspace       used 64154K, committed 65600K, reserved 1114112K
  class space    used 7829K, committed 8512K, reserved 1048576K
}
Event: 105.895 GC heap after
{Heap after GC invocations=66 (full 3):
 PSYoungGen      total 12800K, used 128K [0x00000000eab00000, 0x00000000eb900000, 0x0000000100000000)
  eden space 12288K, 0% used [0x00000000eab00000,0x00000000eab00000,0x00000000eb700000)
  from space 512K, 25% used [0x00000000eb800000,0x00000000eb820000,0x00000000eb880000)
  to   space 512K, 0% used [0x00000000eb880000,0x00000000eb880000,0x00000000eb900000)
 ParOldGen       total 68608K, used 43320K [0x00000000c0000000, 0x00000000c4300000, 0x00000000eab00000)
  object space 68608K, 63% used [0x00000000c0000000,0x00000000c2a4e358,0x00000000c4300000)
 Metaspace       used 64154K, committed 65600K, reserved 1114112K
  class space    used 7829K, committed 8512K, reserved 1048576K
}

Dll operation events (15 events):
Event: 0.030 Loaded shared library c:\Users\Sandro\.vscode\extensions\redhat.java-1.41.1-win32-x64\jre\21.0.6-win32-x86_64\bin\java.dll
Event: 0.338 Loaded shared library c:\Users\Sandro\.vscode\extensions\redhat.java-1.41.1-win32-x64\jre\21.0.6-win32-x86_64\bin\zip.dll
Event: 0.406 Loaded shared library C:\Users\Sandro\.vscode\extensions\redhat.java-1.41.1-win32-x64\jre\21.0.6-win32-x86_64\bin\instrument.dll
Event: 0.416 Loaded shared library C:\Users\Sandro\.vscode\extensions\redhat.java-1.41.1-win32-x64\jre\21.0.6-win32-x86_64\bin\net.dll
Event: 0.421 Loaded shared library C:\Users\Sandro\.vscode\extensions\redhat.java-1.41.1-win32-x64\jre\21.0.6-win32-x86_64\bin\nio.dll
Event: 0.426 Loaded shared library C:\Users\Sandro\.vscode\extensions\redhat.java-1.41.1-win32-x64\jre\21.0.6-win32-x86_64\bin\zip.dll
Event: 0.495 Loaded shared library C:\Users\Sandro\.vscode\extensions\redhat.java-1.41.1-win32-x64\jre\21.0.6-win32-x86_64\bin\jimage.dll
Event: 0.744 Loaded shared library c:\Users\Sandro\.vscode\extensions\redhat.java-1.41.1-win32-x64\jre\21.0.6-win32-x86_64\bin\verify.dll
Event: 9.838 Loaded shared library C:\Users\Sandro\AppData\Roaming\Code\User\globalStorage\redhat.java\1.41.1\config_win\org.eclipse.equinox.launcher\org.eclipse.equinox.launcher.win32.win32.x86_64_1.2.1300.v20250331-1702\eclipse_11911.dll
Event: 37.975 Loaded shared library C:\Users\Sandro\AppData\Local\Temp\jna--1825789471\jna12675904168647726255.dll
Event: 45.212 Loaded shared library C:\Users\Sandro\.gradle\native\c067742578af261105cb4f569cf0c3c89f3d7b1fecec35dd04571415982c5e48\windows-amd64\native-platform.dll
Event: 48.540 Loaded shared library C:\Users\Sandro\.vscode\extensions\redhat.java-1.41.1-win32-x64\jre\21.0.6-win32-x86_64\bin\management.dll
Event: 48.549 Loaded shared library C:\Users\Sandro\.vscode\extensions\redhat.java-1.41.1-win32-x64\jre\21.0.6-win32-x86_64\bin\management_ext.dll
Event: 59.429 Loaded shared library C:\Users\Sandro\.vscode\extensions\redhat.java-1.41.1-win32-x64\jre\21.0.6-win32-x86_64\bin\extnet.dll
Event: 69.002 Loaded shared library C:\Users\Sandro\.vscode\extensions\redhat.java-1.41.1-win32-x64\jre\21.0.6-win32-x86_64\bin\sunmscapi.dll

Deoptimization events (20 events):
Event: 104.445 Thread 0x00000162b92948b0 Uncommon trap: trap_request=0xffffff45 fr.pc=0x00000162af996904 relative=0x0000000000000f64
Event: 104.445 Thread 0x00000162b92948b0 Uncommon trap: reason=unstable_if action=reinterpret pc=0x00000162af996904 method=java.io.ObjectStreamClass.initNonProxy(Ljava/io/ObjectStreamClass;Ljava/lang/Class;Ljava/lang/ClassNotFoundException;Ljava/io/ObjectStreamClass;)V @ 91 c2
Event: 104.445 Thread 0x00000162b92948b0 DEOPT PACKING pc=0x00000162af996904 sp=0x00000013ac9fd430
Event: 104.445 Thread 0x00000162b92948b0 DEOPT UNPACKING pc=0x00000162aef13aa2 sp=0x00000013ac9fd410 mode 2
Event: 104.445 Thread 0x00000162b92948b0 Uncommon trap: trap_request=0xffffff45 fr.pc=0x00000162af9afd14 relative=0x0000000000001bb4
Event: 104.445 Thread 0x00000162b92948b0 Uncommon trap: reason=unstable_if action=reinterpret pc=0x00000162af9afd14 method=java.io.ObjectStreamClass$FieldReflector.setObjFieldValues(Ljava/lang/Object;[Ljava/lang/Object;Z)V @ 56 c2
Event: 104.445 Thread 0x00000162b92948b0 DEOPT PACKING pc=0x00000162af9afd14 sp=0x00000013ac9fd780
Event: 104.445 Thread 0x00000162b92948b0 DEOPT UNPACKING pc=0x00000162aef13aa2 sp=0x00000013ac9fd5e0 mode 2
Event: 104.445 Thread 0x00000162b92948b0 Uncommon trap: trap_request=0xffffff45 fr.pc=0x00000162af9c7998 relative=0x00000000000002b8
Event: 104.445 Thread 0x00000162b92948b0 Uncommon trap: reason=unstable_if action=reinterpret pc=0x00000162af9c7998 method=java.io.ObjectStreamClass$FieldReflector.setPrimFieldValues(Ljava/lang/Object;[B)V @ 56 c2
Event: 104.445 Thread 0x00000162b92948b0 DEOPT PACKING pc=0x00000162af9c7998 sp=0x00000013ac9fd9a0
Event: 104.445 Thread 0x00000162b92948b0 DEOPT UNPACKING pc=0x00000162aef13aa2 sp=0x00000013ac9fd938 mode 2
Event: 104.448 Thread 0x00000162b92948b0 Uncommon trap: trap_request=0xffffff45 fr.pc=0x00000162af9c5900 relative=0x0000000000000240
Event: 104.448 Thread 0x00000162b92948b0 Uncommon trap: reason=unstable_if action=reinterpret pc=0x00000162af9c5900 method=java.io.ObjectStreamClass$FieldReflector.setObjFieldValues(Ljava/lang/Object;[Ljava/lang/Object;Z)V @ 56 c2
Event: 104.448 Thread 0x00000162b92948b0 DEOPT PACKING pc=0x00000162af9c5900 sp=0x00000013ac9fd6f0
Event: 104.448 Thread 0x00000162b92948b0 DEOPT UNPACKING pc=0x00000162aef13aa2 sp=0x00000013ac9fd530 mode 2
Event: 114.268 Thread 0x00000162b92948b0 Uncommon trap: trap_request=0xffffff45 fr.pc=0x00000162af9f48ac relative=0x0000000000002a4c
Event: 114.268 Thread 0x00000162b92948b0 Uncommon trap: reason=unstable_if action=reinterpret pc=0x00000162af9f48ac method=org.gradle.tooling.internal.consumer.parameters.BuildProgressListenerAdapter.broadcastInternalProgressEvent(Lorg/gradle/tooling/internal/protocol/events/InternalProgressEven
Event: 114.268 Thread 0x00000162b92948b0 DEOPT PACKING pc=0x00000162af9f48ac sp=0x00000013ac9fe3d0
Event: 114.268 Thread 0x00000162b92948b0 DEOPT UNPACKING pc=0x00000162aef13aa2 sp=0x00000013ac9fe158 mode 2

Classes loaded (20 events):
Event: 69.944 Loading class java/util/regex/Pattern$SliceU
Event: 69.944 Loading class java/util/regex/Pattern$SliceU done
Event: 69.944 Loading class sun/nio/fs/WindowsFileSystem$2
Event: 69.944 Loading class sun/nio/fs/WindowsFileSystem$2 done
Event: 69.945 Loading class sun/nio/fs/WindowsException
Event: 69.946 Loading class sun/nio/fs/WindowsException done
Event: 69.946 Loading class java/nio/file/FileVisitResult
Event: 69.947 Loading class java/nio/file/FileVisitResult done
Event: 71.598 Loading class java/lang/StackStreamFactory$CallerClassFinder
Event: 71.598 Loading class java/lang/StackStreamFactory$CallerClassFinder done
Event: 71.598 Loading class java/lang/StackStreamFactory$CallerClassFinder$ClassBuffer
Event: 71.598 Loading class java/lang/StackStreamFactory$CallerClassFinder$ClassBuffer done
Event: 71.613 Loading class sun/net/www/protocol/https/Handler
Event: 71.613 Loading class sun/net/www/protocol/http/Handler
Event: 71.613 Loading class sun/net/www/protocol/http/Handler done
Event: 71.613 Loading class sun/net/www/protocol/https/Handler done
Event: 71.637 Loading class sun/nio/ch/ChannelInputStream
Event: 71.637 Loading class sun/nio/ch/ChannelInputStream done
Event: 92.756 Loading class java/time/Ser
Event: 92.757 Loading class java/time/Ser done

Classes unloaded (8 events):
Event: 39.864 Thread 0x00000162a2f7e250 Unloading class 0x00000162bb1a1c00 'java/lang/invoke/LambdaForm$MH+0x00000162bb1a1c00'
Event: 39.864 Thread 0x00000162a2f7e250 Unloading class 0x00000162bb1a1800 'java/lang/invoke/LambdaForm$MH+0x00000162bb1a1800'
Event: 39.864 Thread 0x00000162a2f7e250 Unloading class 0x00000162bb1a1400 'java/lang/invoke/LambdaForm$MH+0x00000162bb1a1400'
Event: 39.864 Thread 0x00000162a2f7e250 Unloading class 0x00000162bb1a1000 'java/lang/invoke/LambdaForm$MH+0x00000162bb1a1000'
Event: 39.864 Thread 0x00000162a2f7e250 Unloading class 0x00000162bb1a0c00 'java/lang/invoke/LambdaForm$BMH+0x00000162bb1a0c00'
Event: 39.864 Thread 0x00000162a2f7e250 Unloading class 0x00000162bb1a0800 'java/lang/invoke/LambdaForm$DMH+0x00000162bb1a0800'
Event: 39.864 Thread 0x00000162a2f7e250 Unloading class 0x00000162bb19b400 'java/lang/invoke/LambdaForm$DMH+0x00000162bb19b400'
Event: 42.503 Thread 0x00000162a2f7e250 Unloading class 0x00000162bb2dd000 'java/lang/invoke/LambdaForm$MH+0x00000162bb2dd000'

Classes redefined (0 events):
No events

Internal exceptions (20 events):
Event: 74.041 Thread 0x00000162b92948b0 Exception <a 'java/lang/NoSuchMethodError'{0x00000000eb572220}: static Lorg/gradle/internal/operations/OperationIdentifier;.<clinit>()V> (0x00000000eb572220) 
thrown [s\src\hotspot\share\prims\jni.cpp, line 1111]
Event: 75.957 Thread 0x00000162b92948b0 Exception <a 'java/lang/NoSuchMethodError'{0x00000000eb5d03c0}: static Lorg/gradle/internal/build/event/types/DefaultOperationFinishedProgressEvent;.<clinit>()V> (0x00000000eb5d03c0) 
thrown [s\src\hotspot\share\prims\jni.cpp, line 1111]
Event: 75.960 Thread 0x00000162b92948b0 Exception <a 'java/lang/NoSuchMethodError'{0x00000000eb5e7168}: static Lorg/gradle/internal/build/event/types/AbstractResult;.<clinit>()V> (0x00000000eb5e7168) 
thrown [s\src\hotspot\share\prims\jni.cpp, line 1111]
Event: 75.961 Thread 0x00000162b92948b0 Exception <a 'java/lang/NoSuchMethodError'{0x00000000eb5f4d10}: static Lorg/gradle/internal/build/event/types/AbstractOperationResult;.<clinit>()V> (0x00000000eb5f4d10) 
thrown [s\src\hotspot\share\prims\jni.cpp, line 1111]
Event: 75.962 Thread 0x00000162b92948b0 Exception <a 'java/lang/NoSuchMethodError'{0x00000000eb603188}: static Lorg/gradle/internal/build/event/types/DefaultSuccessResult;.<clinit>()V> (0x00000000eb603188) 
thrown [s\src\hotspot\share\prims\jni.cpp, line 1111]
Event: 87.861 Thread 0x00000162b92948b0 Exception <a 'java/lang/NoSuchMethodError'{0x00000000eac75e00}: static Lorg/gradle/internal/build/event/types/DefaultBuildPhaseDescriptor;.<clinit>()V> (0x00000000eac75e00) 
thrown [s\src\hotspot\share\prims\jni.cpp, line 1111]
Event: 89.107 Thread 0x00000162b92948b0 Exception <a 'java/lang/NoSuchMethodError'{0x00000000eae05380}: static Lorg/gradle/internal/build/event/types/DefaultProjectConfigurationDescriptor;.<clinit>()V> (0x00000000eae05380) 
thrown [s\src\hotspot\share\prims\jni.cpp, line 1111]
Event: 92.750 Thread 0x00000162b92948b0 Exception <a 'java/lang/NoSuchMethodError'{0x00000000eaddd9c8}: static Lorg/gradle/internal/build/event/types/AbstractProjectConfigurationResult;.<clinit>()V> (0x00000000eaddd9c8) 
thrown [s\src\hotspot\share\prims\jni.cpp, line 1111]
Event: 92.751 Thread 0x00000162b92948b0 Exception <a 'java/lang/NoSuchMethodError'{0x00000000eaded408}: static Lorg/gradle/internal/build/event/types/DefaultProjectConfigurationSuccessResult;.<clinit>()V> (0x00000000eaded408) 
thrown [s\src\hotspot\share\prims\jni.cpp, line 1111]
Event: 92.754 Thread 0x00000162b92948b0 Exception <a 'java/lang/NoSuchMethodError'{0x00000000eae06200}: static Lorg/gradle/internal/build/event/types/DefaultPluginApplicationResult;.<clinit>()V> (0x00000000eae06200) 
thrown [s\src\hotspot\share\prims\jni.cpp, line 1111]
Event: 92.756 Thread 0x00000162b92948b0 Exception <a 'java/lang/NoSuchMethodError'{0x00000000eae1ee60}: static Lorg/gradle/internal/build/event/types/DefaultBinaryPluginIdentifier;.<clinit>()V> (0x00000000eae1ee60) 
thrown [s\src\hotspot\share\prims\jni.cpp, line 1111]
Event: 92.760 Thread 0x00000162b92948b0 Exception <a 'java/lang/NoSuchMethodError'{0x00000000eae3e400}: static Lorg/gradle/internal/build/event/types/DefaultScriptPluginIdentifier;.<clinit>()V> (0x00000000eae3e400) 
thrown [s\src\hotspot\share\prims\jni.cpp, line 1111]
Event: 92.761 Thread 0x00000162b92948b0 Implicit null exception at 0x00000162af99032c to 0x00000162af9906b0
Event: 104.354 Thread 0x00000162b92948b0 Exception <a 'java/lang/NoSuchMethodError'{0x00000000eb1bd4d0}: static Lorg/gradle/internal/build/event/types/DefaultTaskStartedProgressEvent;.<clinit>()V> (0x00000000eb1bd4d0) 
thrown [s\src\hotspot\share\prims\jni.cpp, line 1111]
Event: 104.359 Thread 0x00000162b92948b0 Exception <a 'java/lang/NoSuchMethodError'{0x00000000eb1d9bb8}: static Lorg/gradle/internal/build/event/types/DefaultTaskDescriptor;.<clinit>()V> (0x00000000eb1d9bb8) 
thrown [s\src\hotspot\share\prims\jni.cpp, line 1111]
Event: 104.440 Thread 0x00000162b92948b0 Exception <a 'java/lang/NoSuchMethodError'{0x00000000eb22b2b8}: static Lorg/gradle/internal/build/event/types/DefaultTaskFinishedProgressEvent;.<clinit>()V> (0x00000000eb22b2b8) 
thrown [s\src\hotspot\share\prims\jni.cpp, line 1111]
Event: 104.443 Thread 0x00000162b92948b0 Exception <a 'java/lang/NoSuchMethodError'{0x00000000eb246058}: static Lorg/gradle/internal/build/event/types/AbstractTaskResult;.<clinit>()V> (0x00000000eb246058) 
thrown [s\src\hotspot\share\prims\jni.cpp, line 1111]
Event: 104.445 Thread 0x00000162b92948b0 Exception <a 'java/lang/NoSuchMethodError'{0x00000000eb2551d0}: static Lorg/gradle/internal/build/event/types/DefaultTaskSuccessResult;.<clinit>()V> (0x00000000eb2551d0) 
thrown [s\src\hotspot\share\prims\jni.cpp, line 1111]
Event: 105.281 Thread 0x00000162b92948b0 Exception <a 'java/lang/NoSuchMethodError'{0x00000000eb3f36c0}: static Lorg/gradle/internal/build/event/types/DefaultTaskSkippedResult;.<clinit>()V> (0x00000000eb3f36c0) 
thrown [s\src\hotspot\share\prims\jni.cpp, line 1111]
Event: 114.268 Thread 0x00000162b92948b0 Exception <a 'java/lang/NoSuchMethodError'{0x00000000eb67fc60}: static Lorg/gradle/internal/build/event/types/DefaultWorkItemDescriptor;.<clinit>()V> (0x00000000eb67fc60) 
thrown [s\src\hotspot\share\prims\jni.cpp, line 1111]

ZGC Phase Switch (0 events):
No events

VM Operations (20 events):
Event: 104.438 Executing VM operation: HandshakeAllThreads (Deoptimize)
Event: 104.438 Executing VM operation: HandshakeAllThreads (Deoptimize) done
Event: 105.439 Executing VM operation: Cleanup
Event: 105.439 Executing VM operation: Cleanup done
Event: 105.895 Executing VM operation: ParallelGCFailedAllocation (Allocation Failure)
Event: 105.896 Executing VM operation: ParallelGCFailedAllocation (Allocation Failure) done
Event: 106.897 Executing VM operation: Cleanup
Event: 106.897 Executing VM operation: Cleanup done
Event: 107.897 Executing VM operation: Cleanup
Event: 107.897 Executing VM operation: Cleanup done
Event: 110.899 Executing VM operation: Cleanup
Event: 110.899 Executing VM operation: Cleanup done
Event: 111.899 Executing VM operation: Cleanup
Event: 111.899 Executing VM operation: Cleanup done
Event: 112.899 Executing VM operation: Cleanup
Event: 112.900 Executing VM operation: Cleanup done
Event: 113.900 Executing VM operation: Cleanup
Event: 113.900 Executing VM operation: Cleanup done
Event: 114.901 Executing VM operation: Cleanup
Event: 114.901 Executing VM operation: Cleanup done

Memory protections (0 events):
No events

Nmethod flushes (20 events):
Event: 52.882 Thread 0x00000162a2f7e250 flushing  nmethod 0x00000162a82bcb10
Event: 52.882 Thread 0x00000162a2f7e250 flushing  nmethod 0x00000162a82bf510
Event: 52.882 Thread 0x00000162a2f7e250 flushing  nmethod 0x00000162a82c0f90
Event: 52.882 Thread 0x00000162a2f7e250 flushing  nmethod 0x00000162a82c9890
Event: 52.882 Thread 0x00000162a2f7e250 flushing  nmethod 0x00000162a8301990
Event: 52.882 Thread 0x00000162a2f7e250 flushing  nmethod 0x00000162a8333410
Event: 52.882 Thread 0x00000162a2f7e250 flushing  nmethod 0x00000162a836bb90
Event: 52.882 Thread 0x00000162a2f7e250 flushing  nmethod 0x00000162a8376b90
Event: 52.882 Thread 0x00000162a2f7e250 flushing  nmethod 0x00000162a8380490
Event: 52.882 Thread 0x00000162a2f7e250 flushing  nmethod 0x00000162a8393810
Event: 52.882 Thread 0x00000162a2f7e250 flushing  nmethod 0x00000162a8394190
Event: 52.882 Thread 0x00000162a2f7e250 flushing  nmethod 0x00000162a839b290
Event: 52.882 Thread 0x00000162a2f7e250 flushing  nmethod 0x00000162a839c310
Event: 52.882 Thread 0x00000162a2f7e250 flushing  nmethod 0x00000162a839d710
Event: 52.882 Thread 0x00000162a2f7e250 flushing  nmethod 0x00000162a839df90
Event: 52.882 Thread 0x00000162a2f7e250 flushing  nmethod 0x00000162a83a1e10
Event: 52.882 Thread 0x00000162a2f7e250 flushing  nmethod 0x00000162a83a4a90
Event: 52.882 Thread 0x00000162a2f7e250 flushing  nmethod 0x00000162a83ae190
Event: 52.882 Thread 0x00000162a2f7e250 flushing  nmethod 0x00000162a83b3810
Event: 52.882 Thread 0x00000162a2f7e250 flushing  nmethod 0x00000162a83c4290

Events (20 events):
Event: 68.907 Thread 0x0000016282bc6120 Thread exited: 0x0000016282bc6120
Event: 68.907 Thread 0x0000016281630d20 Thread exited: 0x0000016281630d20
Event: 69.738 Thread 0x0000016282bc5400 Thread exited: 0x0000016282bc5400
Event: 69.740 Thread 0x0000016282bc5a90 Thread exited: 0x0000016282bc5a90
Event: 71.671 Thread 0x00000162b92976a0 Thread added: 0x0000016282bc5a90
Event: 71.673 Thread 0x00000162b92976a0 Thread added: 0x0000016282bc39c0
Event: 71.699 Thread 0x0000016282bc39c0 Thread exited: 0x0000016282bc39c0
Event: 71.706 Thread 0x00000162b92976a0 Thread added: 0x0000016282bc5400
Event: 71.707 Thread 0x00000162b92976a0 Thread added: 0x0000016282bc6120
Event: 71.735 Thread 0x0000016282bc6120 Thread exited: 0x0000016282bc6120
Event: 71.736 Thread 0x00000162b92976a0 Thread added: 0x0000016282bc46e0
Event: 71.861 Thread 0x00000162b92976a0 Thread added: 0x0000016282bc39c0
Event: 71.863 Thread 0x00000162b92976a0 Thread added: 0x0000016282bc4050
Event: 71.898 Thread 0x0000016282bc4050 Thread exited: 0x0000016282bc4050
Event: 71.901 Thread 0x00000162b92976a0 Thread added: 0x0000016282bc4050
Event: 71.903 Thread 0x00000162b92976a0 Thread added: 0x00000162b92948b0
Event: 71.946 Thread 0x00000162b92948b0 Thread added: 0x00000162828aa550
Event: 109.629 Thread 0x0000016282b867e0 Thread exited: 0x0000016282b867e0
Event: 109.629 Thread 0x00000162b9298a50 Thread exited: 0x00000162b9298a50
Event: 109.648 Thread 0x0000016282b85430 Thread exited: 0x0000016282b85430


Dynamic libraries:
0x00007ff65f000000 - 0x00007ff65f00e000 	c:\Users\Sandro\.vscode\extensions\redhat.java-1.41.1-win32-x64\jre\21.0.6-win32-x86_64\bin\java.exe
0x00007ff9a8d50000 - 0x00007ff9a8f48000 	C:\WINDOWS\SYSTEM32\ntdll.dll
0x00007ff9a8ae0000 - 0x00007ff9a8ba2000 	C:\WINDOWS\System32\KERNEL32.DLL
0x00007ff9a64e0000 - 0x00007ff9a67d6000 	C:\WINDOWS\System32\KERNELBASE.dll
0x00007ff9a2ad0000 - 0x00007ff9a2b64000 	C:\WINDOWS\SYSTEM32\apphelp.dll
0x00007ff9a6890000 - 0x00007ff9a6990000 	C:\WINDOWS\System32\ucrtbase.dll
0x00007ff9a2fb0000 - 0x00007ff9a2fc8000 	c:\Users\Sandro\.vscode\extensions\redhat.java-1.41.1-win32-x64\jre\21.0.6-win32-x86_64\bin\jli.dll
0x00007ff9a7a80000 - 0x00007ff9a7c1d000 	C:\WINDOWS\System32\USER32.dll
0x00007ff9a67e0000 - 0x00007ff9a6802000 	C:\WINDOWS\System32\win32u.dll
0x00007ff9a7080000 - 0x00007ff9a70ab000 	C:\WINDOWS\System32\GDI32.dll
0x00007ff9a6990000 - 0x00007ff9a6aaa000 	C:\WINDOWS\System32\gdi32full.dll
0x00007ff9a6ab0000 - 0x00007ff9a6b4d000 	C:\WINDOWS\System32\msvcp_win.dll
0x00007ff9a2f90000 - 0x00007ff9a2fae000 	c:\Users\Sandro\.vscode\extensions\redhat.java-1.41.1-win32-x64\jre\21.0.6-win32-x86_64\bin\VCRUNTIME140.dll
0x00007ff994c70000 - 0x00007ff994f0a000 	C:\WINDOWS\WinSxS\amd64_microsoft.windows.common-controls_6595b64144ccf1df_6.0.19041.4355_none_60b8b9eb71f62e16\COMCTL32.dll
0x00007ff9a7c20000 - 0x00007ff9a7cbe000 	C:\WINDOWS\System32\msvcrt.dll
0x00007ff9a7240000 - 0x00007ff9a726f000 	C:\WINDOWS\System32\IMM32.DLL
0x00007ff9a3860000 - 0x00007ff9a386c000 	c:\Users\Sandro\.vscode\extensions\redhat.java-1.41.1-win32-x64\jre\21.0.6-win32-x86_64\bin\vcruntime140_1.dll
0x00007ff994130000 - 0x00007ff9941bd000 	c:\Users\Sandro\.vscode\extensions\redhat.java-1.41.1-win32-x64\jre\21.0.6-win32-x86_64\bin\msvcp140.dll
0x00007ff95b500000 - 0x00007ff95c290000 	c:\Users\Sandro\.vscode\extensions\redhat.java-1.41.1-win32-x64\jre\21.0.6-win32-x86_64\bin\server\jvm.dll
0x00007ff9a8370000 - 0x00007ff9a841f000 	C:\WINDOWS\System32\ADVAPI32.dll
0x00007ff9a79e0000 - 0x00007ff9a7a7f000 	C:\WINDOWS\System32\sechost.dll
0x00007ff9a6f50000 - 0x00007ff9a7073000 	C:\WINDOWS\System32\RPCRT4.dll
0x00007ff9a6b50000 - 0x00007ff9a6b77000 	C:\WINDOWS\System32\bcrypt.dll
0x00007ff9a7cc0000 - 0x00007ff9a7d2b000 	C:\WINDOWS\System32\WS2_32.dll
0x00007ff9a5920000 - 0x00007ff9a596b000 	C:\WINDOWS\SYSTEM32\POWRPROF.dll
0x00007ff996d70000 - 0x00007ff996d97000 	C:\WINDOWS\SYSTEM32\WINMM.dll
0x00007ff996db0000 - 0x00007ff996dba000 	C:\WINDOWS\SYSTEM32\VERSION.dll
0x00007ff9a57e0000 - 0x00007ff9a57f2000 	C:\WINDOWS\SYSTEM32\UMPDC.dll
0x00007ff9a4260000 - 0x00007ff9a4272000 	C:\WINDOWS\SYSTEM32\kernel.appcore.dll
0x00007ff9a2f70000 - 0x00007ff9a2f7a000 	c:\Users\Sandro\.vscode\extensions\redhat.java-1.41.1-win32-x64\jre\21.0.6-win32-x86_64\bin\jimage.dll
0x00007ff995d00000 - 0x00007ff995ee4000 	C:\WINDOWS\SYSTEM32\DBGHELP.DLL
0x00007ff98aa60000 - 0x00007ff98aa94000 	C:\WINDOWS\SYSTEM32\dbgcore.DLL
0x00007ff9a6b80000 - 0x00007ff9a6c02000 	C:\WINDOWS\System32\bcryptPrimitives.dll
0x00007ff9a2c10000 - 0x00007ff9a2c1f000 	c:\Users\Sandro\.vscode\extensions\redhat.java-1.41.1-win32-x64\jre\21.0.6-win32-x86_64\bin\instrument.dll
0x00007ff9a2f50000 - 0x00007ff9a2f6f000 	c:\Users\Sandro\.vscode\extensions\redhat.java-1.41.1-win32-x64\jre\21.0.6-win32-x86_64\bin\java.dll
0x00007ff9a7270000 - 0x00007ff9a79df000 	C:\WINDOWS\System32\SHELL32.dll
0x00007ff9a4460000 - 0x00007ff9a4c03000 	C:\WINDOWS\SYSTEM32\windows.storage.dll
0x00007ff9a84e0000 - 0x00007ff9a8835000 	C:\WINDOWS\System32\combase.dll
0x00007ff9a5e10000 - 0x00007ff9a5e3b000 	C:\WINDOWS\SYSTEM32\Wldp.dll
0x00007ff9a7e20000 - 0x00007ff9a7eed000 	C:\WINDOWS\System32\OLEAUT32.dll
0x00007ff9a8430000 - 0x00007ff9a84dd000 	C:\WINDOWS\System32\SHCORE.dll
0x00007ff9a8a80000 - 0x00007ff9a8ad5000 	C:\WINDOWS\System32\shlwapi.dll
0x00007ff9a6310000 - 0x00007ff9a6335000 	C:\WINDOWS\SYSTEM32\profapi.dll
0x00007ff9a2ca0000 - 0x00007ff9a2cb8000 	c:\Users\Sandro\.vscode\extensions\redhat.java-1.41.1-win32-x64\jre\21.0.6-win32-x86_64\bin\zip.dll
0x00007ff9a2f40000 - 0x00007ff9a2f50000 	C:\Users\Sandro\.vscode\extensions\redhat.java-1.41.1-win32-x64\jre\21.0.6-win32-x86_64\bin\net.dll
0x00007ff99e950000 - 0x00007ff99ea5a000 	C:\WINDOWS\SYSTEM32\WINHTTP.dll
0x00007ff9a5b70000 - 0x00007ff9a5bdc000 	C:\WINDOWS\system32\mswsock.dll
0x00007ff9a2c50000 - 0x00007ff9a2c66000 	C:\Users\Sandro\.vscode\extensions\redhat.java-1.41.1-win32-x64\jre\21.0.6-win32-x86_64\bin\nio.dll
0x00007ff9a0390000 - 0x00007ff9a03a0000 	c:\Users\Sandro\.vscode\extensions\redhat.java-1.41.1-win32-x64\jre\21.0.6-win32-x86_64\bin\verify.dll
0x00007ff983950000 - 0x00007ff983995000 	C:\Users\Sandro\AppData\Roaming\Code\User\globalStorage\redhat.java\1.41.1\config_win\org.eclipse.equinox.launcher\org.eclipse.equinox.launcher.win32.win32.x86_64_1.2.1300.v20250331-1702\eclipse_11911.dll
0x00007ff9a6e20000 - 0x00007ff9a6f4b000 	C:\WINDOWS\System32\ole32.dll
0x00007ff9a5d60000 - 0x00007ff9a5d78000 	C:\WINDOWS\SYSTEM32\CRYPTSP.dll
0x00007ff9a5420000 - 0x00007ff9a5458000 	C:\WINDOWS\system32\rsaenh.dll
0x00007ff9a62d0000 - 0x00007ff9a62fe000 	C:\WINDOWS\SYSTEM32\USERENV.dll
0x00007ff9a5d80000 - 0x00007ff9a5d8c000 	C:\WINDOWS\SYSTEM32\CRYPTBASE.dll
0x00007ff9a5800000 - 0x00007ff9a583b000 	C:\WINDOWS\SYSTEM32\IPHLPAPI.DLL
0x00007ff9a7110000 - 0x00007ff9a7118000 	C:\WINDOWS\System32\NSI.dll
0x00007ff98c680000 - 0x00007ff98c6c9000 	C:\Users\Sandro\AppData\Local\Temp\jna--1825789471\jna12675904168647726255.dll
0x00007ff9a8420000 - 0x00007ff9a8428000 	C:\WINDOWS\System32\PSAPI.DLL
0x00007ff99f540000 - 0x00007ff99f557000 	C:\WINDOWS\SYSTEM32\dhcpcsvc6.DLL
0x00007ff99fe80000 - 0x00007ff99fe9d000 	C:\WINDOWS\SYSTEM32\dhcpcsvc.DLL
0x00007ff9a2870000 - 0x00007ff9a2897000 	C:\Users\Sandro\.gradle\native\c067742578af261105cb4f569cf0c3c89f3d7b1fecec35dd04571415982c5e48\windows-amd64\native-platform.dll
0x00007ff9a0380000 - 0x00007ff9a038a000 	C:\Users\Sandro\.vscode\extensions\redhat.java-1.41.1-win32-x64\jre\21.0.6-win32-x86_64\bin\management.dll
0x00007ff99fca0000 - 0x00007ff99fcab000 	C:\Users\Sandro\.vscode\extensions\redhat.java-1.41.1-win32-x64\jre\21.0.6-win32-x86_64\bin\management_ext.dll
0x00007ff99fc80000 - 0x00007ff99fc89000 	C:\Users\Sandro\.vscode\extensions\redhat.java-1.41.1-win32-x64\jre\21.0.6-win32-x86_64\bin\extnet.dll
0x00007ff99fc90000 - 0x00007ff99fc9e000 	C:\Users\Sandro\.vscode\extensions\redhat.java-1.41.1-win32-x64\jre\21.0.6-win32-x86_64\bin\sunmscapi.dll
0x00007ff9a6c10000 - 0x00007ff9a6d6d000 	C:\WINDOWS\System32\CRYPT32.dll
0x00007ff9a5e80000 - 0x00007ff9a5ea7000 	C:\WINDOWS\SYSTEM32\ncrypt.dll
0x00007ff9a5e40000 - 0x00007ff9a5e7b000 	C:\WINDOWS\SYSTEM32\NTASN1.dll
0x00007ff9933b0000 - 0x00007ff9933b7000 	C:\WINDOWS\system32\wshunix.dll

dbghelp: loaded successfully - version: 4.0.5 - missing functions: none
symbol engine: initialized successfully - sym options: 0x614 - pdb path: .;c:\Users\Sandro\.vscode\extensions\redhat.java-1.41.1-win32-x64\jre\21.0.6-win32-x86_64\bin;C:\WINDOWS\SYSTEM32;C:\WINDOWS\WinSxS\amd64_microsoft.windows.common-controls_6595b64144ccf1df_6.0.19041.4355_none_60b8b9eb71f62e16;c:\Users\Sandro\.vscode\extensions\redhat.java-1.41.1-win32-x64\jre\21.0.6-win32-x86_64\bin\server;C:\Users\Sandro\AppData\Roaming\Code\User\globalStorage\redhat.java\1.41.1\config_win\org.eclipse.equinox.launcher\org.eclipse.equinox.launcher.win32.win32.x86_64_1.2.1300.v20250331-1702;C:\Users\Sandro\AppData\Local\Temp\jna--1825789471;C:\Users\Sandro\.gradle\native\c067742578af261105cb4f569cf0c3c89f3d7b1fecec35dd04571415982c5e48\windows-amd64

VM Arguments:
jvm_args: --add-modules=ALL-SYSTEM --add-opens=java.base/java.util=ALL-UNNAMED --add-opens=java.base/java.lang=ALL-UNNAMED --add-opens=java.base/sun.nio.fs=ALL-UNNAMED -Declipse.application=org.eclipse.jdt.ls.core.id1 -Dosgi.bundles.defaultStartLevel=4 -Declipse.product=org.eclipse.jdt.ls.core.product -Djava.import.generatesMetadataFilesAtProjectRoot=false -DDetectVMInstallationsJob.disabled=true -Dfile.encoding=utf8 -XX:+UseParallelGC -XX:GCTimeRatio=4 -XX:AdaptiveSizePolicyWeight=90 -Dsun.zip.disableMemoryMapping=true -Xmx1G -Xms100m -Xlog:disable -javaagent:c:\Users\Sandro\.vscode\extensions\redhat.java-1.41.1-win32-x64\lombok\lombok-1.18.36.jar -XX:+HeapDumpOnOutOfMemoryError -XX:HeapDumpPath=c:\Users\Sandro\AppData\Roaming\Code\User\workspaceStorage\53f99a5d813e344b9b09f0b9e69249ec\redhat.java -Daether.dependencyCollector.impl=bf 
java_command: c:\Users\Sandro\.vscode\extensions\redhat.java-1.41.1-win32-x64\server\plugins\org.eclipse.equinox.launcher_1.7.0.v20250331-1702.jar -configuration c:\Users\Sandro\AppData\Roaming\Code\User\globalStorage\redhat.java\1.41.1\config_win -data c:\Users\Sandro\AppData\Roaming\Code\User\workspaceStorage\53f99a5d813e344b9b09f0b9e69249ec\redhat.java\jdt_ws --pipe=\\.\pipe\lsp-bf31bb641dfc0fa596b02eb7a6e94062-sock
java_class_path (initial): c:\Users\Sandro\.vscode\extensions\redhat.java-1.41.1-win32-x64\server\plugins\org.eclipse.equinox.launcher_1.7.0.v20250331-1702.jar
Launcher Type: SUN_STANDARD

[Global flags]
    uintx AdaptiveSizePolicyWeight                 = 90                                        {product} {command line}
     intx CICompilerCount                          = 3                                         {product} {ergonomic}
    uintx GCTimeRatio                              = 4                                         {product} {command line}
     bool HeapDumpOnOutOfMemoryError               = true                                   {manageable} {command line}
    ccstr HeapDumpPath                             = c:\Users\Sandro\AppData\Roaming\Code\User\workspaceStorage\53f99a5d813e344b9b09f0b9e69249ec\redhat.java         {manageable} {command line}
   size_t InitialHeapSize                          = 104857600                                 {product} {command line}
   size_t MaxHeapSize                              = 1073741824                                {product} {command line}
   size_t MaxNewSize                               = 357564416                                 {product} {ergonomic}
   size_t MinHeapDeltaBytes                        = 524288                                    {product} {ergonomic}
   size_t MinHeapSize                              = 104857600                                 {product} {command line}
   size_t NewSize                                  = 34603008                                  {product} {ergonomic}
    uintx NonNMethodCodeHeapSize                   = 5832780                                {pd product} {ergonomic}
    uintx NonProfiledCodeHeapSize                  = 122912730                              {pd product} {ergonomic}
   size_t OldSize                                  = 70254592                                  {product} {ergonomic}
    uintx ProfiledCodeHeapSize                     = 122912730                              {pd product} {ergonomic}
    uintx ReservedCodeCacheSize                    = 251658240                              {pd product} {ergonomic}
     bool SegmentedCodeCache                       = true                                      {product} {ergonomic}
   size_t SoftMaxHeapSize                          = 1073741824                             {manageable} {ergonomic}
     bool UseCompressedOops                        = true                           {product lp64_product} {ergonomic}
     bool UseLargePagesIndividualAllocation        = false                                  {pd product} {ergonomic}
     bool UseParallelGC                            = true                                      {product} {command line}

Logging:
Log output configuration:
 #0: stdout all=off uptime,level,tags foldmultilines=false
 #1: stderr all=off uptime,level,tags foldmultilines=false

Environment Variables:
JAVA_HOME=C:\Users\Sandro\AppData\Local\Programs\Eclipse Adoptium\jdk-17.0.11.9-hotspot\
PATH=C:\Program Files\Eclipse Adoptium\jdk-21.0.3.9-hotspot\bin;C:\WINDOWS\system32;C:\WINDOWS;C:\WINDOWS\System32\Wbem;C:\WINDOWS\System32\WindowsPowerShell\v1.0\;C:\WINDOWS\System32\OpenSSH\;C:\Program Files\dotnet\;C:\Users\Sandro\AppData\Roaming\nvm;C:\Program Files\nodejs;C:\Program Files\Git\cmd;C:\flutter\bin;C:\Users\Sandro\AppData\Local\Programs\Eclipse Adoptium\jdk-17.0.11.9-hotspot\bin;C:\Users\Sandro\AppData\Local\Microsoft\WindowsApps;C:\Users\Sandro\AppData\Local\Programs\Microsoft VS Code\bin;C:\Users\Sandro\AppData\Local\GitHubDesktop\bin;C:\Users\Sandro\AppData\Roaming\nvm;C:\Program Files\nodejs;C:\flutter\bin;
USERNAME=Sandro
OS=Windows_NT
PROCESSOR_IDENTIFIER=Intel64 Family 6 Model 69 Stepping 1, GenuineIntel
TMP=C:\Users\Sandro\AppData\Local\Temp
TEMP=C:\Users\Sandro\AppData\Local\Temp




Periodic native trim disabled

---------------  S Y S T E M  ---------------

OS:
 Windows 10 , 64 bit Build 19041 (10.0.19041.5678)
OS uptime: 0 days 2:51 hours

CPU: total 4 (initial active 4) (2 cores per cpu, 2 threads per core) family 6 model 69 stepping 1 microcode 0x25, cx8, cmov, fxsr, ht, mmx, sse, sse2, sse3, ssse3, sse4.1, sse4.2, popcnt, lzcnt, tsc, tscinvbit, avx, avx2, aes, erms, clmul, bmi1, bmi2, fma, vzeroupper, clflush, rdtscp, f16c
Processor Information for the first 4 processors :
  Max Mhz: 2401, Current Mhz: 2400, Mhz Limit: 2376

Memory: 4k page, system-wide physical 6071M (343M free)
TotalPageFile size 9164M (AvailPageFile size 7M)
current process WorkingSet (physical memory assigned to process): 242M, peak: 269M
current process commit charge ("private bytes"): 295M, peak: 325M

vm_info: OpenJDK 64-Bit Server VM (21.0.6+7-LTS) for windows-amd64 JRE (21.0.6+7-LTS), built on 2025-01-21T00:00:00Z by "admin" with MS VC++ 17.7 (VS2022)

END.
